{"logTime": "0804/175842", "correlationVector":"cTcxlpocbirLLfzomQpKoi.2","action":"Commit Response", "result":"Success", "context":Result: Success. cV=cTcxlpocbirLLfzomQpKoi.0;server=akswtt10100001e;cloudType=Consumer;environment=Prod_francecentral_prod-s01-062-eur-francecentral;migrationStage=NotStarted}
{"logTime": "0804/180528", "correlationVector":"OD9g6T9eLK30y89L2f+pF8","action":"Commit Request", "result":"", "context":Item count: 6
Contributing types: Sessions, History}
{"logTime": "0804/180535", "correlationVector":"OD9g6T9eLK30y89L2f+pF8.1","action":"SyncServerConnectionManagerRequest", "result":"SYNC_SERVER_OK", "context":{"environment":"Prod_francecentral_prod-s01-062-eur-francecentral", "migrationStage":"NotStarted", "server":"akswtt10100000v"}}
{"logTime": "0804/180535", "correlationVector":"OD9g6T9eLK30y89L2f+pF8.2","action":"Commit Response", "result":"Success", "context":Result: Success. cV=OD9g6T9eLK30y89L2f+pF8.0;server=akswtt10100000v;cloudType=Consumer;environment=Prod_francecentral_prod-s01-062-eur-francecentral;migrationStage=NotStarted}
{"logTime": "0804/180621", "correlationVector":"O0X293zKqr8uUIU6jSKVR1","action":"Commit Request", "result":"", "context":Item count: 9
Contributing types: Sessions, Device Info, History}
{"logTime": "0804/180622", "correlationVector":"O0X293zKqr8uUIU6jSKVR1.1","action":"SyncServerConnectionManagerRequest", "result":"SYNC_SERVER_OK", "context":{"environment":"Prod_francecentral_prod-s01-062-eur-francecentral", "migrationStage":"NotStarted", "server":"akswtt101000015"}}
{"logTime": "0804/180622", "correlationVector":"O0X293zKqr8uUIU6jSKVR1.2","action":"Commit Response", "result":"Success", "context":Result: Success. cV=O0X293zKqr8uUIU6jSKVR1.0;server=akswtt101000015;cloudType=Consumer;environment=Prod_francecentral_prod-s01-062-eur-francecentral;migrationStage=NotStarted}
{"logTime": "0804/180638", "correlationVector":"1qKub33lbgHbYV99tIcHz3","action":"Commit Request", "result":"", "context":Item count: 7
Contributing types: Preferences, Sessions, Device Info, History}
{"logTime": "0804/180638", "correlationVector":"1qKub33lbgHbYV99tIcHz3.1","action":"SyncServerConnectionManagerRequest", "result":"SYNC_SERVER_OK", "context":{"environment":"Prod_francecentral_prod-s01-062-eur-francecentral", "migrationStage":"NotStarted", "server":"akswtt10100000v"}}
{"logTime": "0804/180638", "correlationVector":"1qKub33lbgHbYV99tIcHz3.2","action":"Commit Response", "result":"Success", "context":Result: Success. cV=1qKub33lbgHbYV99tIcHz3.0;server=akswtt10100000v;cloudType=Consumer;environment=Prod_francecentral_prod-s01-062-eur-francecentral;migrationStage=NotStarted}
{"logTime": "0804/180638", "correlationVector":"1qKub33lbgHbYV99tIcHz3.3","action":"Commit.Sessions", "result":"Success", "context":{"id":"5bdfc702-e831-46c2-bd3f-e7fc61a734ef", "isDeleted":"true", "size":"0", "version":"1754330717393"}}
{"logTime": "0804/180743", "correlationVector":"duVbFGCUOSJXJsJcI/lPKe","action":"Commit Request", "result":"", "context":Item count: 7
Contributing types: Sessions, History}
{"logTime": "0804/180744", "correlationVector":"duVbFGCUOSJXJsJcI/lPKe.1","action":"SyncServerConnectionManagerRequest", "result":"SYNC_SERVER_OK", "context":{"environment":"Prod_francecentral_prod-s01-062-eur-francecentral", "migrationStage":"NotStarted", "server":"akswtt10100000l"}}
{"logTime": "0804/180744", "correlationVector":"duVbFGCUOSJXJsJcI/lPKe.2","action":"Commit Response", "result":"Success", "context":Result: Success. cV=duVbFGCUOSJXJsJcI/lPKe.0;server=akswtt10100000l;cloudType=Consumer;environment=Prod_francecentral_prod-s01-062-eur-francecentral;migrationStage=NotStarted}
{"logTime": "0804/180744", "correlationVector":"duVbFGCUOSJXJsJcI/lPKe.3","action":"Commit.Sessions", "result":"Success", "context":{"id":"6c5c5ed1-da57-420c-a22f-fcc456a28bb4", "isDeleted":"true", "size":"0", "version":"1754330733901"}}
{"logTime": "0804/181759", "correlationVector":"5pMh8kSyhteS6kRuuMT8QE","action":"Commit Request", "result":"", "context":Item count: 11
Contributing types: Sessions, History}
{"logTime": "0804/181800", "correlationVector":"5pMh8kSyhteS6kRuuMT8QE.1","action":"SyncServerConnectionManagerRequest", "result":"SYNC_SERVER_OK", "context":{"environment":"Prod_francecentral_prod-s01-062-eur-francecentral", "migrationStage":"NotStarted", "server":"akswtt101000007"}}
{"logTime": "0804/181800", "correlationVector":"5pMh8kSyhteS6kRuuMT8QE.2","action":"Commit Response", "result":"Success", "context":Result: Success. cV=5pMh8kSyhteS6kRuuMT8QE.0;server=akswtt101000007;cloudType=Consumer;environment=Prod_francecentral_prod-s01-062-eur-francecentral;migrationStage=NotStarted}
{"logTime": "0804/182008", "correlationVector":"WUFhsXh529X9K2d3HO8rKX","action":"Commit Request", "result":"", "context":Item count: 12
Contributing types: Sessions, History}
{"logTime": "0804/182009", "correlationVector":"WUFhsXh529X9K2d3HO8rKX.1","action":"SyncServerConnectionManagerRequest", "result":"SYNC_SERVER_OK", "context":{"environment":"Prod_francecentral_prod-s01-062-eur-francecentral", "migrationStage":"NotStarted", "server":"akswtt101000000"}}
{"logTime": "0804/182009", "correlationVector":"WUFhsXh529X9K2d3HO8rKX.2","action":"Commit Response", "result":"Success", "context":Result: Success. cV=WUFhsXh529X9K2d3HO8rKX.0;server=akswtt101000000;cloudType=Consumer;environment=Prod_francecentral_prod-s01-062-eur-francecentral;migrationStage=NotStarted}
{"logTime": "0804/182351", "correlationVector":"Cmalnv/HtfbYF7BhsrkmI1","action":"Commit Request", "result":"", "context":Item count: 10
Contributing types: Sessions, History}
{"logTime": "0804/182352", "correlationVector":"Cmalnv/HtfbYF7BhsrkmI1.1","action":"SyncServerConnectionManagerRequest", "result":"SYNC_SERVER_OK", "context":{"environment":"Prod_francecentral_prod-s01-062-eur-francecentral", "migrationStage":"NotStarted", "server":"akswtt10100001b"}}
{"logTime": "0804/182352", "correlationVector":"Cmalnv/HtfbYF7BhsrkmI1.2","action":"Commit Response", "result":"Success", "context":Result: Success. cV=Cmalnv/HtfbYF7BhsrkmI1.0;server=akswtt10100001b;cloudType=Consumer;environment=Prod_francecentral_prod-s01-062-eur-francecentral;migrationStage=NotStarted}
{"logTime": "0804/182711", "correlationVector":"NZzl1LL6litpOCibGm/nCm","action":"Commit Request", "result":"", "context":Item count: 10
Contributing types: Sessions, History}
{"logTime": "0804/182712", "correlationVector":"NZzl1LL6litpOCibGm/nCm.1","action":"SyncServerConnectionManagerRequest", "result":"SYNC_SERVER_OK", "context":{"environment":"Prod_francecentral_prod-s01-062-eur-francecentral", "migrationStage":"NotStarted", "server":"akswtt101000000"}}
{"logTime": "0804/182712", "correlationVector":"NZzl1LL6litpOCibGm/nCm.2","action":"Commit Response", "result":"Success", "context":Result: Success. cV=NZzl1LL6litpOCibGm/nCm.0;server=akswtt101000000;cloudType=Consumer;environment=Prod_francecentral_prod-s01-062-eur-francecentral;migrationStage=NotStarted}
{"logTime": "0804/182813", "correlationVector":"mtKy7XwgoQCr47kNS4+PFv","action":"Commit Request", "result":"", "context":Item count: 7
Contributing types: Sessions, History}
{"logTime": "0804/182813", "correlationVector":"mtKy7XwgoQCr47kNS4+PFv.1","action":"SyncServerConnectionManagerRequest", "result":"SYNC_SERVER_OK", "context":{"environment":"Prod_francecentral_prod-s01-062-eur-francecentral", "migrationStage":"NotStarted", "server":"akswtt101000000"}}
{"logTime": "0804/182813", "correlationVector":"mtKy7XwgoQCr47kNS4+PFv.3","action":"Commit.Sessions", "result":"Success", "context":{"id":"89dbd25b-96ee-495f-af99-b56f689251d0", "isDeleted":"true", "size":"0", "version":"1754331967142"}}
{"logTime": "0804/182813", "correlationVector":"mtKy7XwgoQCr47kNS4+PFv.2","action":"Commit Response", "result":"Success", "context":Result: Success. cV=mtKy7XwgoQCr47kNS4+PFv.0;server=akswtt101000000;cloudType=Consumer;environment=Prod_francecentral_prod-s01-062-eur-francecentral;migrationStage=NotStarted}
{"logTime": "0804/182813", "correlationVector":"mtKy7XwgoQCr47kNS4+PFv.4","action":"Commit.Sessions", "result":"Success", "context":{"id":"5a021f41-3608-4e2c-b2cd-969a98aa2665", "isDeleted":"true", "size":"0", "version":"1754331967144"}}
{"logTime": "0804/183011", "correlationVector":"fg4NeQamyvf2rXadvt3MIu","action":"Commit Request", "result":"", "context":Item count: 11
Contributing types: Sessions, History}
{"logTime": "0804/183012", "correlationVector":"fg4NeQamyvf2rXadvt3MIu.1","action":"SyncServerConnectionManagerRequest", "result":"SYNC_SERVER_OK", "context":{"environment":"Prod_francecentral_prod-s01-062-eur-francecentral", "migrationStage":"NotStarted", "server":"akswtt101000015"}}
{"logTime": "0804/183012", "correlationVector":"fg4NeQamyvf2rXadvt3MIu.2","action":"Commit Response", "result":"Success", "context":Result: Success. cV=fg4NeQamyvf2rXadvt3MIu.0;server=akswtt101000015;cloudType=Consumer;environment=Prod_francecentral_prod-s01-062-eur-francecentral;migrationStage=NotStarted}
{"logTime": "0804/183012", "correlationVector":"fg4NeQamyvf2rXadvt3MIu.3","action":"Commit.Sessions", "result":"Success", "context":{"id":"27165614-1e75-4ec6-b478-e15137d6bd34", "isDeleted":"true", "size":"0", "version":"1754332028813"}}
{"logTime": "0804/183117", "correlationVector":"BOdzhTbz8NPYdxNFS4+9FR","action":"Commit Request", "result":"", "context":Item count: 6
Contributing types: Sessions, History}
{"logTime": "0804/183118", "correlationVector":"BOdzhTbz8NPYdxNFS4+9FR.1","action":"SyncServerConnectionManagerRequest", "result":"SYNC_SERVER_OK", "context":{"environment":"Prod_francecentral_prod-s01-062-eur-francecentral", "migrationStage":"NotStarted", "server":"akswtt10100001e"}}
{"logTime": "0804/183118", "correlationVector":"BOdzhTbz8NPYdxNFS4+9FR.2","action":"Commit Response", "result":"Success", "context":Result: Success. cV=BOdzhTbz8NPYdxNFS4+9FR.0;server=akswtt10100001e;cloudType=Consumer;environment=Prod_francecentral_prod-s01-062-eur-francecentral;migrationStage=NotStarted}
{"logTime": "0804/183528", "correlationVector":"hrCh356o9ErBqj7YqbD1GN","action":"Commit Request", "result":"", "context":Item count: 1
Contributing types: Sessions}
{"logTime": "0804/183528", "correlationVector":"hrCh356o9ErBqj7YqbD1GN.1","action":"SyncServerConnectionManagerRequest", "result":"SYNC_SERVER_OK", "context":{"environment":"Prod_francecentral_prod-s01-062-eur-francecentral", "migrationStage":"NotStarted", "server":"akswtt101000013"}}
{"logTime": "0804/183528", "correlationVector":"hrCh356o9ErBqj7YqbD1GN.2","action":"Commit Response", "result":"Success", "context":Result: Success. cV=hrCh356o9ErBqj7YqbD1GN.0;server=akswtt101000013;cloudType=Consumer;environment=Prod_francecentral_prod-s01-062-eur-francecentral;migrationStage=NotStarted}
{"logTime": "0804/183528", "correlationVector":"hrCh356o9ErBqj7YqbD1GN.3","action":"Commit.Sessions", "result":"Success", "context":{"id":"bf544da3-b1b8-42e9-8e47-f154d2cbc3e5", "isDeleted":"true", "size":"0", "version":"1754332213394"}}
{"logTime": "0804/183633", "correlationVector":"HcJO1y7H9vw64LxRND7Ebt","action":"Commit Request", "result":"", "context":Item count: 7
Contributing types: Sessions, History}
{"logTime": "0804/183634", "correlationVector":"HcJO1y7H9vw64LxRND7Ebt.1","action":"SyncServerConnectionManagerRequest", "result":"SYNC_SERVER_OK", "context":{"environment":"Prod_francecentral_prod-s01-062-eur-francecentral", "migrationStage":"NotStarted", "server":"akswtt10100001a"}}
{"logTime": "0804/183634", "correlationVector":"HcJO1y7H9vw64LxRND7Ebt.2","action":"Commit Response", "result":"Success", "context":Result: Success. cV=HcJO1y7H9vw64LxRND7Ebt.0;server=akswtt10100001a;cloudType=Consumer;environment=Prod_francecentral_prod-s01-062-eur-francecentral;migrationStage=NotStarted}
{"logTime": "0804/183736", "correlationVector":"96XwTpRM/jgFR+IA0gn2Pl","action":"Commit Request", "result":"", "context":Item count: 3
Contributing types: Sessions}
{"logTime": "0804/183736", "correlationVector":"96XwTpRM/jgFR+IA0gn2Pl.1","action":"SyncServerConnectionManagerRequest", "result":"SYNC_SERVER_OK", "context":{"environment":"Prod_francecentral_prod-s01-062-eur-francecentral", "migrationStage":"NotStarted", "server":"akswtt101000019"}}
{"logTime": "0804/183736", "correlationVector":"96XwTpRM/jgFR+IA0gn2Pl.3","action":"Commit.Sessions", "result":"Success", "context":{"id":"6e5f844e-a62b-4b3a-89c6-e2bac586a96f", "isDeleted":"true", "size":"0", "version":"1754332529359"}}
{"logTime": "0804/183736", "correlationVector":"96XwTpRM/jgFR+IA0gn2Pl.4","action":"Commit.Sessions", "result":"Success", "context":{"id":"217fbbff-4cac-464e-b0ec-d67780c01cac", "isDeleted":"true", "size":"0", "version":"1754332529361"}}
{"logTime": "0804/183736", "correlationVector":"96XwTpRM/jgFR+IA0gn2Pl.2","action":"Commit Response", "result":"Success", "context":Result: Success. cV=96XwTpRM/jgFR+IA0gn2Pl.0;server=akswtt101000019;cloudType=Consumer;environment=Prod_francecentral_prod-s01-062-eur-francecentral;migrationStage=NotStarted}
{"logTime": "0804/183840", "correlationVector":"3CQPugv9U0L79cYuquXRlM","action":"Commit Request", "result":"", "context":Item count: 10
Contributing types: Sessions, History}
{"logTime": "0804/183841", "correlationVector":"3CQPugv9U0L79cYuquXRlM.1","action":"SyncServerConnectionManagerRequest", "result":"SYNC_SERVER_OK", "context":{"environment":"Prod_francecentral_prod-s01-062-eur-francecentral", "migrationStage":"NotStarted", "server":"akswtt10100000e"}}
{"logTime": "0804/183841", "correlationVector":"3CQPugv9U0L79cYuquXRlM.2","action":"Commit Response", "result":"Success", "context":Result: Success. cV=3CQPugv9U0L79cYuquXRlM.0;server=akswtt10100000e;cloudType=Consumer;environment=Prod_francecentral_prod-s01-062-eur-francecentral;migrationStage=NotStarted}
{"logTime": "0804/183841", "correlationVector":"3CQPugv9U0L79cYuquXRlM.3","action":"Commit.Sessions", "result":"Success", "context":{"id":"a30948ed-a3ac-4819-b886-b183db58effe", "isDeleted":"true", "size":"0", "version":"1754332591558"}}
{"logTime": "0804/184148", "correlationVector":"8BaYhKRfSgaQJWK4AHJRRs","action":"Commit Request", "result":"", "context":Item count: 5
Contributing types: Sessions, History}
{"logTime": "0804/184149", "correlationVector":"8BaYhKRfSgaQJWK4AHJRRs.1","action":"SyncServerConnectionManagerRequest", "result":"SYNC_SERVER_OK", "context":{"environment":"Prod_francecentral_prod-s01-062-eur-francecentral", "migrationStage":"NotStarted", "server":"akswtt101000015"}}
{"logTime": "0804/184149", "correlationVector":"8BaYhKRfSgaQJWK4AHJRRs.3","action":"Commit.Sessions", "result":"Success", "context":{"id":"e13707cc-ac7d-413f-8c64-4b73ff01a64c", "isDeleted":"true", "size":"0", "version":"1754332656344"}}
{"logTime": "0804/184149", "correlationVector":"8BaYhKRfSgaQJWK4AHJRRs.2","action":"Commit Response", "result":"Success", "context":Result: Success. cV=8BaYhKRfSgaQJWK4AHJRRs.0;server=akswtt101000015;cloudType=Consumer;environment=Prod_francecentral_prod-s01-062-eur-francecentral;migrationStage=NotStarted}
{"logTime": "0807/151501", "correlationVector":"3CMK2z4q3fk3wGini4w4FT.1","action":"SyncServerConnectionManagerRequest", "result":"SYNC_SERVER_OK", "context":{"environment":"Prod_francecentral_prod-s01-062-eur-francecentral", "migrationStage":"NotStarted", "server":"akswtt101000004"}}
{"logTime": "0807/151501", "correlationVector":"3CMK2z4q3fk3wGini4w4FT.2","action":"ProcessGetUpdates", "result":"Done", "context":{"dataType":"Encryption Keys", "deleted":"0", "process_failed_to_decrypt":"0", "process_pending_decryption":"0", "process_success":"1", "total":"1"}}
{"logTime": "0807/151501", "correlationVector":"3CMK2z4q3fk3wGini4w4FT","action":"Initial GetUpdates", "result":"", "context":Reason: NEW_CLIENT. cV=3CMK2z4q3fk3wGini4w4FT}
{"logTime": "0807/151501", "correlationVector":"3CMK2z4q3fk3wGini4w4FT.3","action":"GetUpdates Response", "result":"Success", "context":Received 1 update(s). cV=3CMK2z4q3fk3wGini4w4FT.0;server=akswtt101000004;cloudType=Consumer;environment=Prod_francecentral_prod-s01-062-eur-francecentral;migrationStage=NotStarted}
{"logTime": "0807/151501", "correlationVector":"0pNtxFr1H8kX+YiTRiMX69","action":"Normal GetUpdate request", "result":"", "context":cV=0pNtxFr1H8kX+YiTRiMX69
Nudged types: Preferences, Sessions, Device Info, History
Refresh requested types: Bookmarks, Preferences, Extensions, Sessions, Extension settings, History Delete Directives, Device Info, User Consents, Send Tab To Self, Web Apps, History, Saved Tab Group, WebAuthn Credentials, Collection, Edge E Drop, Edge Hub App Usage, Edge Wallet, Encryption Keys}
{"logTime": "0807/151526", "correlationVector":"0pNtxFr1H8kX+YiTRiMX69","action":"SyncServerConnectionManagerRequest", "result":"CONNECTION_UNAVAILABLE", "context":{"error_type":"net_error_code", "error_value":"-3"}}
{"logTime": "0807/151648", "correlationVector":"Walon6BxEjFSZZ77Xh8Wbf","action":"SyncServerConnectionManagerRequest", "result":"CONNECTION_UNAVAILABLE", "context":{"error_type":"net_error_code", "error_value":"-101"}}
{"logTime": "0807/151649", "correlationVector":"1hwM29ww8hB7wiu1RvCPMu","action":"SyncServerConnectionManagerRequest", "result":"CONNECTION_UNAVAILABLE", "context":{"error_type":"net_error_code", "error_value":"-106"}}
{"logTime": "0807/151653", "correlationVector":"TzIZ+GvvXTV9UpBxrRFZMp","action":"SyncServerConnectionManagerRequest", "result":"CONNECTION_UNAVAILABLE", "context":{"error_type":"net_error_code", "error_value":"-106"}}
{"logTime": "0807/151702", "correlationVector":"/ys7qKgauEOmGEQwQ8hQzx","action":"SyncServerConnectionManagerRequest", "result":"CONNECTION_UNAVAILABLE", "context":{"error_type":"net_error_code", "error_value":"-106"}}
{"logTime": "0807/151726", "correlationVector":"Xz0xodi0jnqZ/IuiVIkftb","action":"SyncServerConnectionManagerRequest", "result":"CONNECTION_UNAVAILABLE", "context":{"error_type":"net_error_code", "error_value":"-106"}}
{"logTime": "0807/151815", "correlationVector":"ervI7AqDW01agr26eL9qAf","action":"SyncServerConnectionManagerRequest", "result":"CONNECTION_UNAVAILABLE", "context":{"error_type":"net_error_code", "error_value":"-7"}}
{"logTime": "0807/151855", "correlationVector":"o0XHqP0ek/YCJPir2HXuJy.1","action":"SyncServerConnectionManagerRequest", "result":"SYNC_SERVER_OK", "context":{"environment":"Prod_francecentral_prod-s01-062-eur-francecentral", "migrationStage":"NotStarted", "server":"akswtt101000019"}}
{"logTime": "0807/151855", "correlationVector":"o0XHqP0ek/YCJPir2HXuJy.2","action":"ProcessGetUpdates", "result":"Done", "context":{"dataType":"Encryption Keys", "deleted":"0", "process_failed_to_decrypt":"0", "process_pending_decryption":"0", "process_success":"1", "total":"1"}}
{"logTime": "0807/151855", "correlationVector":"Xz0xodi0jnqZ/IuiVIkftb","action":"Initial GetUpdates", "result":"", "context":Reason: NEW_CLIENT. cV=Xz0xodi0jnqZ/IuiVIkftb}
{"logTime": "0807/151855", "correlationVector":"q7aEe5DBb8KL0IQ7YQDAk7.0","action":"GetUpdates Response", "result":"Network error (ERR_INTERNET_DISCONNECTED)", "context":Received error: Network error (ERR_INTERNET_DISCONNECTED). }
{"logTime": "0807/151855", "correlationVector":"ervI7AqDW01agr26eL9qAf","action":"Initial GetUpdates", "result":"", "context":Reason: NEW_CLIENT. cV=ervI7AqDW01agr26eL9qAf}
{"logTime": "0807/151855", "correlationVector":"04XaamkPD+KnHazMuBRZUc.0","action":"GetUpdates Response", "result":"Network error (ERR_TIMED_OUT)", "context":Received error: Network error (ERR_TIMED_OUT). }
{"logTime": "0807/151855", "correlationVector":"o0XHqP0ek/YCJPir2HXuJy","action":"Initial GetUpdates", "result":"", "context":Reason: NEW_CLIENT. cV=o0XHqP0ek/YCJPir2HXuJy}
{"logTime": "0807/151855", "correlationVector":"o0XHqP0ek/YCJPir2HXuJy.3","action":"GetUpdates Response", "result":"Success", "context":Received 1 update(s). cV=o0XHqP0ek/YCJPir2HXuJy.0;server=akswtt101000019;cloudType=Consumer;environment=Prod_francecentral_prod-s01-062-eur-francecentral;migrationStage=NotStarted}
{"logTime": "0807/151855", "correlationVector":"GfiqAOEyqrUUAeGaMdKZ0N","action":"Normal GetUpdate request", "result":"", "context":cV=GfiqAOEyqrUUAeGaMdKZ0N
Nudged types: Preferences, Sessions, Device Info, History
Refresh requested types: Bookmarks, Preferences, Extensions, Sessions, Extension settings, History Delete Directives, Device Info, User Consents, Send Tab To Self, Web Apps, History, Saved Tab Group, WebAuthn Credentials, Collection, Edge E Drop, Edge Hub App Usage, Edge Wallet, Encryption Keys}
{"logTime": "0807/152243", "correlationVector":"GfiqAOEyqrUUAeGaMdKZ0N","action":"SyncServerConnectionManagerRequest", "result":"CONNECTION_UNAVAILABLE", "context":{"error_type":"net_error_code", "error_value":"-101"}}
{"logTime": "0807/152243", "correlationVector":"sGTP/N/f8AvjoSxSV9i2qg.0","action":"GetUpdates Response", "result":"Network error (ERR_CONNECTION_RESET)", "context":Received error: Network error (ERR_CONNECTION_RESET). }
{"logTime": "0807/152251", "correlationVector":"sGTP/N/f8AvjoSxSV9i2qg.1","action":"SyncServerConnectionManagerRequest", "result":"SYNC_SERVER_ERROR", "context":{"environment":"", "error_type":"http_status_code", "error_value":"400", "migrationStage":"", "server":""}}
{"logTime": "0807/152251", "correlationVector":"3TpeKvwBBEryAYPgY8bJwZ","action":"Normal GetUpdate request", "result":"", "context":cV=3TpeKvwBBEryAYPgY8bJwZ
Nudged types: Preferences, Sessions, Device Info, History
Refresh requested types: Bookmarks, Preferences, Extensions, Sessions, Extension settings, History Delete Directives, Device Info, User Consents, Send Tab To Self, Web Apps, History, Saved Tab Group, WebAuthn Credentials, Collection, Edge E Drop, Edge Hub App Usage, Edge Wallet, Encryption Keys}
{"logTime": "0807/152302", "correlationVector":"3TpeKvwBBEryAYPgY8bJwZ.1","action":"SyncServerConnectionManagerRequest", "result":"SYNC_SERVER_OK", "context":{"environment":"Prod_francecentral_prod-s01-062-eur-francecentral", "migrationStage":"NotStarted", "server":"akswtt10100000v"}}
{"logTime": "0807/152302", "correlationVector":"3TpeKvwBBEryAYPgY8bJwZ.2","action":"ProcessGetUpdates", "result":"Done", "context":{"dataType":"Preferences", "deleted":"0", "process_failed_to_decrypt":"0", "process_pending_decryption":"0", "process_success":"2", "total":"2"}}
{"logTime": "0807/152302", "correlationVector":"3TpeKvwBBEryAYPgY8bJwZ.3","action":"ProcessGetUpdates", "result":"Done", "context":{"dataType":"Sessions", "deleted":"15", "process_failed_to_decrypt":"0", "process_pending_decryption":"0", "process_success":"22", "total":"22"}}
{"logTime": "0807/152302", "correlationVector":"3TpeKvwBBEryAYPgY8bJwZ.4","action":"ProcessGetUpdates", "result":"Done", "context":{"dataType":"Device Info", "deleted":"0", "process_failed_to_decrypt":"0", "process_pending_decryption":"0", "process_success":"2", "total":"2"}}
{"logTime": "0807/152302", "correlationVector":"3TpeKvwBBEryAYPgY8bJwZ.5","action":"ProcessGetUpdates", "result":"Done", "context":{"dataType":"History", "deleted":"0", "process_failed_to_decrypt":"0", "process_pending_decryption":"0", "process_success":"64", "total":"64"}}
{"logTime": "0807/152302", "correlationVector":"3TpeKvwBBEryAYPgY8bJwZ.6","action":"GetUpdates Response", "result":"Success", "context":Received 90 update(s). cV=3TpeKvwBBEryAYPgY8bJwZ.0;server=akswtt10100000v;cloudType=Consumer;environment=Prod_francecentral_prod-s01-062-eur-francecentral;migrationStage=NotStarted}
{"logTime": "0807/152302", "correlationVector":"drdWiflJLY2eT61MHqOFq5","action":"Commit Request", "result":"", "context":Item count: 19
Contributing types: Preferences, Sessions, Device Info, History}
{"logTime": "0807/152304", "correlationVector":"drdWiflJLY2eT61MHqOFq5.1","action":"SyncServerConnectionManagerRequest", "result":"SYNC_SERVER_OK", "context":{"environment":"Prod_francecentral_prod-s01-062-eur-francecentral", "migrationStage":"NotStarted", "server":"akswtt10100001a"}}
{"logTime": "0807/152304", "correlationVector":"drdWiflJLY2eT61MHqOFq5.2","action":"Commit Response", "result":"Success", "context":Result: Success. cV=drdWiflJLY2eT61MHqOFq5.0;server=akswtt10100001a;cloudType=Consumer;environment=Prod_francecentral_prod-s01-062-eur-francecentral;migrationStage=NotStarted}
{"logTime": "0807/152304", "correlationVector":"drdWiflJLY2eT61MHqOFq5.3","action":"Commit.Sessions", "result":"Success", "context":{"id":"ddca8a45-8605-4482-8fec-f0613ac86919", "isDeleted":"true", "size":"0", "version":"1754332656342"}}
{"logTime": "0807/152304", "correlationVector":"drdWiflJLY2eT61MHqOFq5.4","action":"Commit.Sessions", "result":"Success", "context":{"id":"c440a779-ca09-4d0c-bdfb-3fcf590bec4d", "isDeleted":"true", "size":"0", "version":"1754331967146"}}
{"logTime": "0807/152306", "correlationVector":"3KZDOzgiG/n37F4daTzMbF","action":"SyncServerConnectionManagerRequest", "result":"SYNC_SERVER_ERROR", "context":{"environment":"", "error_type":"http_status_code", "error_value":"400", "migrationStage":"", "server":""}}
{"logTime": "0807/152306", "correlationVector":"yiOw5OdRzG5rI6jZF9kRbx","action":"Normal GetUpdate request", "result":"", "context":cV=yiOw5OdRzG5rI6jZF9kRbx
Nudged types: Preferences, Sessions, Device Info, History
Refresh requested types: Encryption Keys}
{"logTime": "0807/152308", "correlationVector":"yiOw5OdRzG5rI6jZF9kRbx.1","action":"SyncServerConnectionManagerRequest", "result":"SYNC_SERVER_OK", "context":{"environment":"Prod_francecentral_prod-s01-062-eur-francecentral", "migrationStage":"NotStarted", "server":"akswtt10100000r"}}
{"logTime": "0807/152308", "correlationVector":"yiOw5OdRzG5rI6jZF9kRbx.2","action":"ProcessGetUpdates", "result":"Done", "context":{"dataType":"Preferences", "deleted":"0", "process_failed_to_decrypt":"0", "process_pending_decryption":"0", "process_success":"1", "total":"1"}}
{"logTime": "0807/152308", "correlationVector":"yiOw5OdRzG5rI6jZF9kRbx.3","action":"ProcessGetUpdates", "result":"Done", "context":{"dataType":"Sessions", "deleted":"2", "process_failed_to_decrypt":"0", "process_pending_decryption":"0", "process_success":"6", "total":"6"}}
{"logTime": "0807/152308", "correlationVector":"yiOw5OdRzG5rI6jZF9kRbx.4","action":"ProcessGetUpdates", "result":"Done", "context":{"dataType":"Device Info", "deleted":"0", "process_failed_to_decrypt":"0", "process_pending_decryption":"0", "process_success":"1", "total":"1"}}
{"logTime": "0807/152308", "correlationVector":"yiOw5OdRzG5rI6jZF9kRbx.5","action":"ProcessGetUpdates", "result":"Done", "context":{"dataType":"History", "deleted":"0", "process_failed_to_decrypt":"0", "process_pending_decryption":"0", "process_success":"11", "total":"11"}}
{"logTime": "0807/152308", "correlationVector":"yiOw5OdRzG5rI6jZF9kRbx.6","action":"GetUpdates Response", "result":"Success", "context":Received 19 update(s). cV=yiOw5OdRzG5rI6jZF9kRbx.0;server=akswtt10100000r;cloudType=Consumer;environment=Prod_francecentral_prod-s01-062-eur-francecentral;migrationStage=NotStarted}
{"logTime": "0807/152311", "correlationVector":"0D+ACJNQ3Duq8kjqS4qfST","action":"SyncServerConnectionManagerRequest", "result":"SYNC_SERVER_OK", "context":{"environment":"", "migrationStage":"", "server":""}}
{"logTime": "0807/152311", "correlationVector":"0D+ACJNQ3Duq8kjqS4qfST.0","action":"EncryptionKeysFetcher.DownloadKeys:", "result":"Success", "context":Key count: 3, Last key timestamp: 2025-08-03T12:25:27Z}
{"logTime": "0807/152311", "correlationVector":"0D+ACJNQ3Duq8kjqS4qfST.1","action":"EncryptionKeysManager::SetEncryptionKeys:", "result":"Success", "context":Key names[3]:[fqFHfZkrnSV16dV9dtgF3YVWZn8GmrqUybv0fRJ3+OfEaGoXLhc+6fNElKoolXj4ZC9RlfqWN6GEIVCJxBetsA==][bvWoa9PQZpyKz6BYEzNSQ2Bt3QdnDo/SAfcxvPU228SGg1fsNLqIPdjcxaFD8rWvXDbzCrg2zojQH2OpixYCyQ==][yNfPS+4ehNjDetl6seAz44AyopbHRpUmj0lepUfrAzWHx/n8V3FLBXgiScnD24sOp5dR17eo7c1Cik8T7sAjFA==]}
{"logTime": "0807/152311", "correlationVector":"0D+ACJNQ3Duq8kjqS4qfST.2","action":"EncryptionKeysManager::SetEncryptionKeysWithTimestamps:", "result":"Success", "context":Key timestamps[3]:[2024-06-30T11:10:09Z][2025-02-03T13:27:12Z][2025-08-03T12:25:27Z]}
{"logTime": "0807/152311", "correlationVector":"CL5aLtgp0/DC+qP55Y6THO","action":"Poll GetUpdate request", "result":"", "context":cV=CL5aLtgp0/DC+qP55Y6THO}
{"logTime": "0807/152311", "correlationVector":"CL5aLtgp0/DC+qP55Y6THO.1","action":"SyncServerConnectionManagerRequest", "result":"SYNC_SERVER_OK", "context":{"environment":"Prod_francecentral_prod-s01-062-eur-francecentral", "migrationStage":"NotStarted", "server":"akswtt10100001a"}}
{"logTime": "0807/152311", "correlationVector":"CL5aLtgp0/DC+qP55Y6THO.2","action":"GetUpdates Response", "result":"Success", "context":Received 0 update(s). cV=CL5aLtgp0/DC+qP55Y6THO.0;server=akswtt10100001a;cloudType=Consumer;environment=Prod_francecentral_prod-s01-062-eur-francecentral;migrationStage=NotStarted}
{"logTime": "0807/152311", "correlationVector":"4xlvrG6jgpQ5Ajwh3rB9y1","action":"Initial GetUpdates", "result":"", "context":Reason: NEWLY_SUPPORTED_DATATYPE. cV=4xlvrG6jgpQ5Ajwh3rB9y1}
{"logTime": "0807/152312", "correlationVector":"4xlvrG6jgpQ5Ajwh3rB9y1.1","action":"SyncServerConnectionManagerRequest", "result":"SYNC_SERVER_OK", "context":{"environment":"Prod_francecentral_prod-s01-062-eur-francecentral", "migrationStage":"NotStarted", "server":"akswtt10100000r"}}
{"logTime": "0807/152312", "correlationVector":"4xlvrG6jgpQ5Ajwh3rB9y1.2","action":"ProcessGetUpdates", "result":"Done", "context":{"dataType":"Passwords", "deleted":"0", "process_failed_to_decrypt":"0", "process_pending_decryption":"0", "process_success":"2", "total":"2"}}
{"logTime": "0807/152312", "correlationVector":"4xlvrG6jgpQ5Ajwh3rB9y1.3","action":"GetUpdates Response", "result":"Success", "context":Received 2 update(s). cV=4xlvrG6jgpQ5Ajwh3rB9y1.0;server=akswtt10100000r;cloudType=Consumer;environment=Prod_francecentral_prod-s01-062-eur-francecentral;migrationStage=NotStarted}
{"logTime": "0807/152312", "correlationVector":"7Jf50qS039vSaoZrTDIecr","action":"Normal GetUpdate request", "result":"", "context":cV=7Jf50qS039vSaoZrTDIecr
Nudged types: Device Info
Refresh requested types: Bookmarks, Preferences, Passwords, Autofill Profiles, Autofill, Extensions, Sessions, Extension settings, History Delete Directives, Device Info, User Consents, Send Tab To Self, Web Apps, History, Saved Tab Group, WebAuthn Credentials, Collection, Edge E Drop, Edge Hub App Usage, Edge Wallet, Encryption Keys}
{"logTime": "0807/152312", "correlationVector":"7Jf50qS039vSaoZrTDIecr.1","action":"SyncServerConnectionManagerRequest", "result":"SYNC_SERVER_OK", "context":{"environment":"Prod_francecentral_prod-s01-062-eur-francecentral", "migrationStage":"NotStarted", "server":"akswtt101000015"}}
{"logTime": "0807/152312", "correlationVector":"7Jf50qS039vSaoZrTDIecr.2","action":"GetUpdates Response", "result":"Success", "context":Received 0 update(s). cV=7Jf50qS039vSaoZrTDIecr.0;server=akswtt101000015;cloudType=Consumer;environment=Prod_francecentral_prod-s01-062-eur-francecentral;migrationStage=NotStarted}
{"logTime": "0807/152312", "correlationVector":"QUeCKugP4I/GSvUg4oXIBX","action":"Commit Request", "result":"", "context":Item count: 6
Contributing types: Sessions, Device Info, History}
{"logTime": "0807/152316", "correlationVector":"QUeCKugP4I/GSvUg4oXIBX.1","action":"SyncServerConnectionManagerRequest", "result":"SYNC_SERVER_OK", "context":{"environment":"Prod_francecentral_prod-s01-062-eur-francecentral", "migrationStage":"NotStarted", "server":"akswtt10100000v"}}
{"logTime": "0807/152316", "correlationVector":"QUeCKugP4I/GSvUg4oXIBX.3","action":"Commit.Sessions", "result":"Success", "context":{"id":"49cdc8f3-45f7-4527-a440-9f2697ffc10c", "isDeleted":"true", "size":"0", "version":"1754580118110"}}
{"logTime": "0807/152316", "correlationVector":"QUeCKugP4I/GSvUg4oXIBX.2","action":"Commit Response", "result":"Success", "context":Result: Success. cV=QUeCKugP4I/GSvUg4oXIBX.0;server=akswtt10100000v;cloudType=Consumer;environment=Prod_francecentral_prod-s01-062-eur-francecentral;migrationStage=NotStarted}
{"logTime": "0807/152316", "correlationVector":"QUeCKugP4I/GSvUg4oXIBX.4","action":"Commit.Sessions", "result":"Success", "context":{"id":"56df83bf-a4e0-48c0-8851-bc9f576fcfb5", "isDeleted":"true", "size":"0", "version":"1754580118111"}}
{"logTime": "0807/152316", "correlationVector":"LtIaQcX6iy/k6Z/ubuJ6rZ","action":"Commit Request", "result":"", "context":Item count: 2
Contributing types: Sessions, History}
{"logTime": "0807/152318", "correlationVector":"LtIaQcX6iy/k6Z/ubuJ6rZ.1","action":"SyncServerConnectionManagerRequest", "result":"SYNC_SERVER_OK", "context":{"environment":"Prod_francecentral_prod-s01-062-eur-francecentral", "migrationStage":"NotStarted", "server":"akswtt101000008"}}
{"logTime": "0807/152318", "correlationVector":"LtIaQcX6iy/k6Z/ubuJ6rZ.2","action":"Commit Response", "result":"Success", "context":Result: Success. cV=LtIaQcX6iy/k6Z/ubuJ6rZ.0;server=akswtt101000008;cloudType=Consumer;environment=Prod_francecentral_prod-s01-062-eur-francecentral;migrationStage=NotStarted}
{"logTime": "0807/152438", "correlationVector":"poIM0mWiMMnrNmicCgK1pQ","action":"Commit Request", "result":"", "context":Item count: 15
Contributing types: Sessions, History}
{"logTime": "0807/152449", "correlationVector":"poIM0mWiMMnrNmicCgK1pQ.1","action":"SyncServerConnectionManagerRequest", "result":"SYNC_SERVER_ERROR", "context":{"environment":"Prod_francecentral_prod-s01-062-eur-francecentral", "error_type":"http_status_code", "error_value":"400", "migrationStage":"NotStarted", "server":"akswtt101000015"}}
{"logTime": "0807/152449", "correlationVector":"poIM0mWiMMnrNmicCgK1pQ.2","action":"Commit Response", "result":"HTTP error (400)", "context":Result: HTTP error (400). cV=poIM0mWiMMnrNmicCgK1pQ.0;server=akswtt101000015;cloudType=Consumer;environment=Prod_francecentral_prod-s01-062-eur-francecentral;migrationStage=NotStarted}
{"logTime": "0807/152604", "correlationVector":"IA8/DPgGdduZv5fgh2/raN","action":"Commit Request", "result":"", "context":Item count: 15
Contributing types: Sessions, History}
{"logTime": "0807/152605", "correlationVector":"IA8/DPgGdduZv5fgh2/raN.1","action":"SyncServerConnectionManagerRequest", "result":"SYNC_SERVER_OK", "context":{"environment":"Prod_francecentral_prod-s01-062-eur-francecentral", "migrationStage":"NotStarted", "server":"akswtt10100000r"}}
{"logTime": "0807/152605", "correlationVector":"IA8/DPgGdduZv5fgh2/raN.2","action":"Commit Response", "result":"Success", "context":Result: Success. cV=IA8/DPgGdduZv5fgh2/raN.0;server=akswtt10100000r;cloudType=Consumer;environment=Prod_francecentral_prod-s01-062-eur-francecentral;migrationStage=NotStarted}
{"logTime": "0807/153236", "correlationVector":"F9/EJcrCEX4VAEgGKAIDwo","action":"Commit Request", "result":"", "context":Item count: 1
Contributing types: Sessions}
{"logTime": "0807/153242", "correlationVector":"F9/EJcrCEX4VAEgGKAIDwo.1","action":"SyncServerConnectionManagerRequest", "result":"SYNC_SERVER_OK", "context":{"environment":"Prod_francecentral_prod-s01-062-eur-francecentral", "migrationStage":"NotStarted", "server":"akswtt10100000v"}}
{"logTime": "0807/153242", "correlationVector":"F9/EJcrCEX4VAEgGKAIDwo.2","action":"Commit Response", "result":"Success", "context":Result: Success. cV=F9/EJcrCEX4VAEgGKAIDwo.0;server=akswtt10100000v;cloudType=Consumer;environment=Prod_francecentral_prod-s01-062-eur-francecentral;migrationStage=NotStarted}
{"logTime": "0807/153610", "correlationVector":"oEBJyin+uq3ArwHL/Lkyij","action":"Commit Request", "result":"", "context":Item count: 1
Contributing types: Sessions}
{"logTime": "0807/153612", "correlationVector":"oEBJyin+uq3ArwHL/Lkyij.1","action":"SyncServerConnectionManagerRequest", "result":"SYNC_SERVER_OK", "context":{"environment":"Prod_francecentral_prod-s01-062-eur-francecentral", "migrationStage":"NotStarted", "server":"akswtt10100000u"}}
{"logTime": "0807/153612", "correlationVector":"oEBJyin+uq3ArwHL/Lkyij.2","action":"Commit Response", "result":"Success", "context":Result: Success. cV=oEBJyin+uq3ArwHL/Lkyij.0;server=akswtt10100000u;cloudType=Consumer;environment=Prod_francecentral_prod-s01-062-eur-francecentral;migrationStage=NotStarted}
{"logTime": "0807/153712", "correlationVector":"r7gCd4/mVDWIsaB4fR+UzX","action":"Commit Request", "result":"", "context":Item count: 11
Contributing types: Sessions, History}
{"logTime": "0807/153714", "correlationVector":"r7gCd4/mVDWIsaB4fR+UzX.1","action":"SyncServerConnectionManagerRequest", "result":"SYNC_SERVER_OK", "context":{"environment":"Prod_francecentral_prod-s01-062-eur-francecentral", "migrationStage":"NotStarted", "server":"akswtt10100000j"}}
{"logTime": "0807/153714", "correlationVector":"r7gCd4/mVDWIsaB4fR+UzX.2","action":"Commit Response", "result":"Success", "context":Result: Success. cV=r7gCd4/mVDWIsaB4fR+UzX.0;server=akswtt10100000j;cloudType=Consumer;environment=Prod_francecentral_prod-s01-062-eur-francecentral;migrationStage=NotStarted}
{"logTime": "0807/153838", "correlationVector":"4hKO4HwaBMPN6tdqYEvmFU","action":"Commit Request", "result":"", "context":Item count: 4
Contributing types: Sessions, History}
{"logTime": "0807/153839", "correlationVector":"4hKO4HwaBMPN6tdqYEvmFU.1","action":"SyncServerConnectionManagerRequest", "result":"SYNC_SERVER_OK", "context":{"environment":"Prod_francecentral_prod-s01-062-eur-francecentral", "migrationStage":"NotStarted", "server":"akswtt10100000u"}}
{"logTime": "0807/153839", "correlationVector":"4hKO4HwaBMPN6tdqYEvmFU.2","action":"Commit Response", "result":"Success", "context":Result: Success. cV=4hKO4HwaBMPN6tdqYEvmFU.0;server=akswtt10100000u;cloudType=Consumer;environment=Prod_francecentral_prod-s01-062-eur-francecentral;migrationStage=NotStarted}
{"logTime": "0807/215341", "correlationVector":"qnBWmPnv3zAOCubLhSdzbQ.1","action":"SyncServerConnectionManagerRequest", "result":"SYNC_SERVER_OK", "context":{"environment":"Prod_francecentral_prod-s01-062-eur-francecentral", "migrationStage":"NotStarted", "server":"akswtt101000015"}}
{"logTime": "0807/215341", "correlationVector":"qnBWmPnv3zAOCubLhSdzbQ.2","action":"ProcessGetUpdates", "result":"Done", "context":{"dataType":"Encryption Keys", "deleted":"0", "process_failed_to_decrypt":"0", "process_pending_decryption":"0", "process_success":"1", "total":"1"}}
{"logTime": "0807/215343", "correlationVector":"J41BoKTnrePeAUGkhwkuOf","action":"SyncServerConnectionManagerRequest", "result":"SYNC_SERVER_OK", "context":{"environment":"", "migrationStage":"", "server":""}}
{"logTime": "0807/215343", "correlationVector":"J41BoKTnrePeAUGkhwkuOf.0","action":"EncryptionKeysFetcher.DownloadKeys:", "result":"Success", "context":Key count: 3, Last key timestamp: 2025-08-03T12:25:27Z}
{"logTime": "0807/215343", "correlationVector":"J41BoKTnrePeAUGkhwkuOf.1","action":"EncryptionKeysManager::SetEncryptionKeys:", "result":"Success", "context":Key names[3]:[fqFHfZkrnSV16dV9dtgF3YVWZn8GmrqUybv0fRJ3+OfEaGoXLhc+6fNElKoolXj4ZC9RlfqWN6GEIVCJxBetsA==][bvWoa9PQZpyKz6BYEzNSQ2Bt3QdnDo/SAfcxvPU228SGg1fsNLqIPdjcxaFD8rWvXDbzCrg2zojQH2OpixYCyQ==][yNfPS+4ehNjDetl6seAz44AyopbHRpUmj0lepUfrAzWHx/n8V3FLBXgiScnD24sOp5dR17eo7c1Cik8T7sAjFA==]}
{"logTime": "0807/215343", "correlationVector":"J41BoKTnrePeAUGkhwkuOf.2","action":"EncryptionKeysManager::SetEncryptionKeysWithTimestamps:", "result":"Success", "context":Key timestamps[3]:[2024-06-30T11:10:09Z][2025-02-03T13:27:12Z][2025-08-03T12:25:27Z]}
{"logTime": "0807/215343", "correlationVector":"qnBWmPnv3zAOCubLhSdzbQ","action":"Initial GetUpdates", "result":"", "context":Reason: NEW_CLIENT. cV=qnBWmPnv3zAOCubLhSdzbQ}
{"logTime": "0807/215343", "correlationVector":"qnBWmPnv3zAOCubLhSdzbQ.3","action":"GetUpdates Response", "result":"Success", "context":Received 1 update(s). cV=qnBWmPnv3zAOCubLhSdzbQ.0;server=akswtt101000015;cloudType=Consumer;environment=Prod_francecentral_prod-s01-062-eur-francecentral;migrationStage=NotStarted}
{"logTime": "0807/215343", "correlationVector":"Mt3N5+v1Otqcmb6kBQLhmh","action":"Initial GetUpdates", "result":"", "context":Reason: NEWLY_SUPPORTED_DATATYPE. cV=Mt3N5+v1Otqcmb6kBQLhmh}
{"logTime": "0807/215343", "correlationVector":"Mt3N5+v1Otqcmb6kBQLhmh.1","action":"SyncServerConnectionManagerRequest", "result":"SYNC_SERVER_OK", "context":{"environment":"Prod_francecentral_prod-s01-062-eur-francecentral", "migrationStage":"NotStarted", "server":"akswtt10100000d"}}
{"logTime": "0807/215343", "correlationVector":"Mt3N5+v1Otqcmb6kBQLhmh.2","action":"ProcessGetUpdates", "result":"Done", "context":{"dataType":"Passwords", "deleted":"0", "process_failed_to_decrypt":"0", "process_pending_decryption":"0", "process_success":"2", "total":"2"}}
{"logTime": "0807/215343", "correlationVector":"Mt3N5+v1Otqcmb6kBQLhmh.3","action":"GetUpdates Response", "result":"Success", "context":Received 2 update(s). cV=Mt3N5+v1Otqcmb6kBQLhmh.0;server=akswtt10100000d;cloudType=Consumer;environment=Prod_francecentral_prod-s01-062-eur-francecentral;migrationStage=NotStarted}
{"logTime": "0807/215344", "correlationVector":"zI1waE69po6pWeb0IyNpYn","action":"Normal GetUpdate request", "result":"", "context":cV=zI1waE69po6pWeb0IyNpYn
Nudged types: Sessions, Device Info, History
Refresh requested types: Bookmarks, Preferences, Passwords, Autofill Profiles, Autofill, Extensions, Sessions, Extension settings, History Delete Directives, Device Info, User Consents, Send Tab To Self, Web Apps, History, Saved Tab Group, WebAuthn Credentials, Collection, Edge E Drop, Edge Hub App Usage, Edge Wallet, Encryption Keys}
{"logTime": "0807/215344", "correlationVector":"zI1waE69po6pWeb0IyNpYn.1","action":"SyncServerConnectionManagerRequest", "result":"SYNC_SERVER_OK", "context":{"environment":"Prod_francecentral_prod-s01-062-eur-francecentral", "migrationStage":"NotStarted", "server":"akswtt10100000s"}}
{"logTime": "0807/215344", "correlationVector":"zI1waE69po6pWeb0IyNpYn.2","action":"ProcessGetUpdates", "result":"Done", "context":{"dataType":"Preferences", "deleted":"0", "process_failed_to_decrypt":"0", "process_pending_decryption":"0", "process_success":"1", "total":"1"}}
{"logTime": "0807/215344", "correlationVector":"zI1waE69po6pWeb0IyNpYn.3","action":"ProcessGetUpdates", "result":"Done", "context":{"dataType":"Sessions", "deleted":"6", "process_failed_to_decrypt":"0", "process_pending_decryption":"0", "process_success":"10", "total":"10"}}
{"logTime": "0807/215344", "correlationVector":"zI1waE69po6pWeb0IyNpYn.4","action":"ProcessGetUpdates", "result":"Done", "context":{"dataType":"Device Info", "deleted":"0", "process_failed_to_decrypt":"0", "process_pending_decryption":"0", "process_success":"2", "total":"2"}}
{"logTime": "0807/215344", "correlationVector":"zI1waE69po6pWeb0IyNpYn.5","action":"ProcessGetUpdates", "result":"Done", "context":{"dataType":"History", "deleted":"0", "process_failed_to_decrypt":"0", "process_pending_decryption":"0", "process_success":"63", "total":"63"}}
{"logTime": "0807/215344", "correlationVector":"zI1waE69po6pWeb0IyNpYn.6","action":"ProcessGetUpdates", "result":"Done", "context":{"dataType":"Edge Hub App Usage", "deleted":"1", "process_failed_to_decrypt":"0", "process_pending_decryption":"0", "process_success":"2", "total":"2"}}
{"logTime": "0807/215344", "correlationVector":"zI1waE69po6pWeb0IyNpYn.7","action":"GetUpdates Response", "result":"Success", "context":Received 78 update(s). cV=zI1waE69po6pWeb0IyNpYn.0;server=akswtt10100000s;cloudType=Consumer;environment=Prod_francecentral_prod-s01-062-eur-francecentral;migrationStage=NotStarted}
{"logTime": "0807/215344", "correlationVector":"WML0LKc0kXu9SmYKz6BE+t","action":"Commit Request", "result":"", "context":Item count: 1
Contributing types: History}
{"logTime": "0807/215344", "correlationVector":"WML0LKc0kXu9SmYKz6BE+t.1","action":"SyncServerConnectionManagerRequest", "result":"SYNC_SERVER_OK", "context":{"environment":"Prod_francecentral_prod-s01-062-eur-francecentral", "migrationStage":"NotStarted", "server":"akswtt101000000"}}
{"logTime": "0807/215344", "correlationVector":"WML0LKc0kXu9SmYKz6BE+t.2","action":"Commit Response", "result":"Success", "context":Result: Success. cV=WML0LKc0kXu9SmYKz6BE+t.0;server=akswtt101000000;cloudType=Consumer;environment=Prod_francecentral_prod-s01-062-eur-francecentral;migrationStage=NotStarted}
{"logTime": "0807/215437", "correlationVector":"ZdqqXJVeeVf8vEF1GuQqbA","action":"Commit Request", "result":"", "context":Item count: 6
Contributing types: Sessions, Device Info, History}
{"logTime": "0807/215439", "correlationVector":"ZdqqXJVeeVf8vEF1GuQqbA.1","action":"SyncServerConnectionManagerRequest", "result":"SYNC_SERVER_OK", "context":{"environment":"Prod_francecentral_prod-s01-062-eur-francecentral", "migrationStage":"NotStarted", "server":"akswtt10100000k"}}
{"logTime": "0807/215439", "correlationVector":"ZdqqXJVeeVf8vEF1GuQqbA.2","action":"Commit Response", "result":"Success", "context":Result: Success. cV=ZdqqXJVeeVf8vEF1GuQqbA.0;server=akswtt10100000k;cloudType=Consumer;environment=Prod_francecentral_prod-s01-062-eur-francecentral;migrationStage=NotStarted}
{"logTime": "0807/215441", "correlationVector":"s1U4EbI+AbYMsWZV3ZK5xa","action":"Commit Request", "result":"", "context":Item count: 1
Contributing types: Preferences}
{"logTime": "0807/215441", "correlationVector":"s1U4EbI+AbYMsWZV3ZK5xa.1","action":"SyncServerConnectionManagerRequest", "result":"SYNC_SERVER_OK", "context":{"environment":"Prod_francecentral_prod-s01-062-eur-francecentral", "migrationStage":"NotStarted", "server":"akswtt10100001a"}}
{"logTime": "0807/215441", "correlationVector":"s1U4EbI+AbYMsWZV3ZK5xa.2","action":"Commit Response", "result":"Success", "context":Result: Success. cV=s1U4EbI+AbYMsWZV3ZK5xa.0;server=akswtt10100001a;cloudType=Consumer;environment=Prod_francecentral_prod-s01-062-eur-francecentral;migrationStage=NotStarted}
{"logTime": "0807/215746", "correlationVector":"4paXOQgYR5tu5JvHm8ewTv","action":"Commit Request", "result":"", "context":Item count: 4
Contributing types: Sessions, History}
{"logTime": "0807/215746", "correlationVector":"4paXOQgYR5tu5JvHm8ewTv.1","action":"SyncServerConnectionManagerRequest", "result":"SYNC_SERVER_OK", "context":{"environment":"Prod_francecentral_prod-s01-062-eur-francecentral", "migrationStage":"NotStarted", "server":"akswtt10100000d"}}
{"logTime": "0807/215746", "correlationVector":"4paXOQgYR5tu5JvHm8ewTv.2","action":"Commit Response", "result":"Success", "context":Result: Success. cV=4paXOQgYR5tu5JvHm8ewTv.0;server=akswtt10100000d;cloudType=Consumer;environment=Prod_francecentral_prod-s01-062-eur-francecentral;migrationStage=NotStarted}
{"logTime": "0808/133829", "correlationVector":"LqsWEr5ThpesvBgR7s/bLc.1","action":"SyncServerConnectionManagerRequest", "result":"SYNC_SERVER_OK", "context":{"environment":"Prod_francecentral_prod-s01-062-eur-francecentral", "migrationStage":"NotStarted", "server":"akswtt10100000n"}}
{"logTime": "0808/133829", "correlationVector":"LqsWEr5ThpesvBgR7s/bLc.2","action":"ProcessGetUpdates", "result":"Done", "context":{"dataType":"Encryption Keys", "deleted":"0", "process_failed_to_decrypt":"0", "process_pending_decryption":"0", "process_success":"1", "total":"1"}}
{"logTime": "0808/133830", "correlationVector":"64hruRBvJP4lurvmx+UFGE","action":"SyncServerConnectionManagerRequest", "result":"SYNC_SERVER_OK", "context":{"environment":"", "migrationStage":"", "server":""}}
{"logTime": "0808/133830", "correlationVector":"64hruRBvJP4lurvmx+UFGE.0","action":"EncryptionKeysFetcher.DownloadKeys:", "result":"Success", "context":Key count: 3, Last key timestamp: 2025-08-03T12:25:27Z}
{"logTime": "0808/133830", "correlationVector":"64hruRBvJP4lurvmx+UFGE.1","action":"EncryptionKeysManager::SetEncryptionKeys:", "result":"Success", "context":Key names[3]:[fqFHfZkrnSV16dV9dtgF3YVWZn8GmrqUybv0fRJ3+OfEaGoXLhc+6fNElKoolXj4ZC9RlfqWN6GEIVCJxBetsA==][bvWoa9PQZpyKz6BYEzNSQ2Bt3QdnDo/SAfcxvPU228SGg1fsNLqIPdjcxaFD8rWvXDbzCrg2zojQH2OpixYCyQ==][yNfPS+4ehNjDetl6seAz44AyopbHRpUmj0lepUfrAzWHx/n8V3FLBXgiScnD24sOp5dR17eo7c1Cik8T7sAjFA==]}
{"logTime": "0808/133830", "correlationVector":"64hruRBvJP4lurvmx+UFGE.2","action":"EncryptionKeysManager::SetEncryptionKeysWithTimestamps:", "result":"Success", "context":Key timestamps[3]:[2024-06-30T11:10:09Z][2025-02-03T13:27:12Z][2025-08-03T12:25:27Z]}
{"logTime": "0808/133830", "correlationVector":"LqsWEr5ThpesvBgR7s/bLc","action":"Initial GetUpdates", "result":"", "context":Reason: NEW_CLIENT. cV=LqsWEr5ThpesvBgR7s/bLc}
{"logTime": "0808/133830", "correlationVector":"LqsWEr5ThpesvBgR7s/bLc.3","action":"GetUpdates Response", "result":"Success", "context":Received 1 update(s). cV=LqsWEr5ThpesvBgR7s/bLc.0;server=akswtt10100000n;cloudType=Consumer;environment=Prod_francecentral_prod-s01-062-eur-francecentral;migrationStage=NotStarted}
{"logTime": "0808/133830", "correlationVector":"eAWPOxT/BhQvXpo1DOlQ4c","action":"Initial GetUpdates", "result":"", "context":Reason: NEWLY_SUPPORTED_DATATYPE. cV=eAWPOxT/BhQvXpo1DOlQ4c}
{"logTime": "0808/133830", "correlationVector":"eAWPOxT/BhQvXpo1DOlQ4c.1","action":"SyncServerConnectionManagerRequest", "result":"SYNC_SERVER_OK", "context":{"environment":"Prod_francecentral_prod-s01-062-eur-francecentral", "migrationStage":"NotStarted", "server":"akswtt10100001f"}}
{"logTime": "0808/133830", "correlationVector":"eAWPOxT/BhQvXpo1DOlQ4c.2","action":"ProcessGetUpdates", "result":"Done", "context":{"dataType":"Passwords", "deleted":"0", "process_failed_to_decrypt":"0", "process_pending_decryption":"0", "process_success":"2", "total":"2"}}
{"logTime": "0808/133830", "correlationVector":"eAWPOxT/BhQvXpo1DOlQ4c.3","action":"GetUpdates Response", "result":"Success", "context":Received 2 update(s). cV=eAWPOxT/BhQvXpo1DOlQ4c.0;server=akswtt10100001f;cloudType=Consumer;environment=Prod_francecentral_prod-s01-062-eur-francecentral;migrationStage=NotStarted}
{"logTime": "0808/133830", "correlationVector":"aRG0YI3c+nx/tHaYaN/6z2","action":"Normal GetUpdate request", "result":"", "context":cV=aRG0YI3c+nx/tHaYaN/6z2
Nudged types: Sessions, Device Info, History
Refresh requested types: Bookmarks, Preferences, Passwords, Autofill Profiles, Autofill, Extensions, Sessions, Extension settings, History Delete Directives, Device Info, User Consents, Send Tab To Self, Web Apps, History, Saved Tab Group, WebAuthn Credentials, Collection, Edge E Drop, Edge Hub App Usage, Edge Wallet, Encryption Keys}
{"logTime": "0808/133831", "correlationVector":"aRG0YI3c+nx/tHaYaN/6z2.1","action":"SyncServerConnectionManagerRequest", "result":"SYNC_SERVER_OK", "context":{"environment":"Prod_francecentral_prod-s01-062-eur-francecentral", "migrationStage":"NotStarted", "server":"akswtt10100000f"}}
{"logTime": "0808/133831", "correlationVector":"aRG0YI3c+nx/tHaYaN/6z2.2","action":"ProcessGetUpdates", "result":"Done", "context":{"dataType":"Preferences", "deleted":"0", "process_failed_to_decrypt":"0", "process_pending_decryption":"0", "process_success":"2", "total":"2"}}
{"logTime": "0808/133831", "correlationVector":"aRG0YI3c+nx/tHaYaN/6z2.3","action":"ProcessGetUpdates", "result":"Done", "context":{"dataType":"Sessions", "deleted":"12", "process_failed_to_decrypt":"0", "process_pending_decryption":"0", "process_success":"17", "total":"17"}}
{"logTime": "0808/133831", "correlationVector":"aRG0YI3c+nx/tHaYaN/6z2.4","action":"ProcessGetUpdates", "result":"Done", "context":{"dataType":"Device Info", "deleted":"0", "process_failed_to_decrypt":"0", "process_pending_decryption":"0", "process_success":"1", "total":"1"}}
{"logTime": "0808/133831", "correlationVector":"aRG0YI3c+nx/tHaYaN/6z2.5","action":"ProcessGetUpdates", "result":"Done", "context":{"dataType":"History", "deleted":"0", "process_failed_to_decrypt":"0", "process_pending_decryption":"0", "process_success":"57", "total":"57"}}
{"logTime": "0808/133831", "correlationVector":"aRG0YI3c+nx/tHaYaN/6z2.6","action":"GetUpdates Response", "result":"Success", "context":Received 77 update(s). cV=aRG0YI3c+nx/tHaYaN/6z2.0;server=akswtt10100000f;cloudType=Consumer;environment=Prod_francecentral_prod-s01-062-eur-francecentral;migrationStage=NotStarted}
{"logTime": "0808/133831", "correlationVector":"sXhwMtGqwyqHeYOibGPup6","action":"Poll GetUpdate request", "result":"", "context":cV=sXhwMtGqwyqHeYOibGPup6}
{"logTime": "0808/133831", "correlationVector":"sXhwMtGqwyqHeYOibGPup6.1","action":"SyncServerConnectionManagerRequest", "result":"SYNC_SERVER_OK", "context":{"environment":"Prod_francecentral_prod-s01-062-eur-francecentral", "migrationStage":"NotStarted", "server":"akswtt10100000w"}}
{"logTime": "0808/133831", "correlationVector":"sXhwMtGqwyqHeYOibGPup6.2","action":"GetUpdates Response", "result":"Success", "context":Received 0 update(s). cV=sXhwMtGqwyqHeYOibGPup6.0;server=akswtt10100000w;cloudType=Consumer;environment=Prod_francecentral_prod-s01-062-eur-francecentral;migrationStage=NotStarted}
{"logTime": "0808/133856", "correlationVector":"H2FEnkwSq/yTtsckajTzoo","action":"Commit Request", "result":"", "context":Item count: 4
Contributing types: Sessions, Device Info, History}
{"logTime": "0808/133857", "correlationVector":"H2FEnkwSq/yTtsckajTzoo.1","action":"SyncServerConnectionManagerRequest", "result":"SYNC_SERVER_OK", "context":{"environment":"Prod_francecentral_prod-s01-062-eur-francecentral", "migrationStage":"NotStarted", "server":"akswtt101000019"}}
{"logTime": "0808/133857", "correlationVector":"H2FEnkwSq/yTtsckajTzoo.2","action":"Commit Response", "result":"Success", "context":Result: Success. cV=H2FEnkwSq/yTtsckajTzoo.0;server=akswtt101000019;cloudType=Consumer;environment=Prod_francecentral_prod-s01-062-eur-francecentral;migrationStage=NotStarted}
{"logTime": "0808/133859", "correlationVector":"EiWKQGYK217cp5Y4O0Adwj","action":"Commit Request", "result":"", "context":Item count: 1
Contributing types: Preferences}
{"logTime": "0808/133859", "correlationVector":"EiWKQGYK217cp5Y4O0Adwj.1","action":"SyncServerConnectionManagerRequest", "result":"SYNC_SERVER_OK", "context":{"environment":"Prod_francecentral_prod-s01-062-eur-francecentral", "migrationStage":"NotStarted", "server":"akswtt101000015"}}
{"logTime": "0808/133859", "correlationVector":"EiWKQGYK217cp5Y4O0Adwj.2","action":"Commit Response", "result":"Success", "context":Result: Success. cV=EiWKQGYK217cp5Y4O0Adwj.0;server=akswtt101000015;cloudType=Consumer;environment=Prod_francecentral_prod-s01-062-eur-francecentral;migrationStage=NotStarted}
{"logTime": "0808/134007", "correlationVector":"GUagvJs04gLWQ+sQsSzGkj","action":"Commit Request", "result":"", "context":Item count: 20
Contributing types: Sessions, History}
{"logTime": "0808/134008", "correlationVector":"GUagvJs04gLWQ+sQsSzGkj.1","action":"SyncServerConnectionManagerRequest", "result":"SYNC_SERVER_OK", "context":{"environment":"Prod_francecentral_prod-s01-062-eur-francecentral", "migrationStage":"NotStarted", "server":"akswtt10100001h"}}
{"logTime": "0808/134008", "correlationVector":"GUagvJs04gLWQ+sQsSzGkj.2","action":"Commit Response", "result":"Success", "context":Result: Success. cV=GUagvJs04gLWQ+sQsSzGkj.0;server=akswtt10100001h;cloudType=Consumer;environment=Prod_francecentral_prod-s01-062-eur-francecentral;migrationStage=NotStarted}
{"logTime": "0808/134158", "correlationVector":"kp3nsK86/72p7RhJHGgPgL","action":"Commit Request", "result":"", "context":Item count: 8
Contributing types: Sessions, History}
{"logTime": "0808/134158", "correlationVector":"kp3nsK86/72p7RhJHGgPgL.1","action":"SyncServerConnectionManagerRequest", "result":"SYNC_SERVER_OK", "context":{"environment":"Prod_francecentral_prod-s01-062-eur-francecentral", "migrationStage":"NotStarted", "server":"akswtt10100001g"}}
{"logTime": "0808/134158", "correlationVector":"kp3nsK86/72p7RhJHGgPgL.2","action":"Commit Response", "result":"Success", "context":Result: Success. cV=kp3nsK86/72p7RhJHGgPgL.0;server=akswtt10100001g;cloudType=Consumer;environment=Prod_francecentral_prod-s01-062-eur-francecentral;migrationStage=NotStarted}
{"logTime": "0808/134158", "correlationVector":"kp3nsK86/72p7RhJHGgPgL.3","action":"Commit.Sessions", "result":"Success", "context":{"id":"cdc44354-369f-4912-b0c0-8f5d4d643505", "isDeleted":"true", "size":"0", "version":"1754660342723"}}
{"logTime": "0808/134158", "correlationVector":"kp3nsK86/72p7RhJHGgPgL.4","action":"Commit.Sessions", "result":"Success", "context":{"id":"b31903d8-300c-4d58-9fb3-c093ca733280", "isDeleted":"true", "size":"0", "version":"1754660342724"}}
{"logTime": "0808/134158", "correlationVector":"kp3nsK86/72p7RhJHGgPgL.5","action":"Commit.Sessions", "result":"Success", "context":{"id":"ee03d475-6461-4007-b6c5-80e38bc0b823", "isDeleted":"true", "size":"0", "version":"1754660342726"}}
{"logTime": "0808/134404", "correlationVector":"IzXhhjD0V7quGEOoM7cHlF","action":"Commit Request", "result":"", "context":Item count: 4
Contributing types: Sessions, History}
{"logTime": "0808/134404", "correlationVector":"IzXhhjD0V7quGEOoM7cHlF.1","action":"SyncServerConnectionManagerRequest", "result":"SYNC_SERVER_OK", "context":{"environment":"Prod_francecentral_prod-s01-062-eur-francecentral", "migrationStage":"NotStarted", "server":"akswtt10100000e"}}
{"logTime": "0808/134404", "correlationVector":"IzXhhjD0V7quGEOoM7cHlF.2","action":"Commit Response", "result":"Success", "context":Result: Success. cV=IzXhhjD0V7quGEOoM7cHlF.0;server=akswtt10100000e;cloudType=Consumer;environment=Prod_francecentral_prod-s01-062-eur-francecentral;migrationStage=NotStarted}
{"logTime": "0808/134558", "correlationVector":"8DfNtqPmnKSJ0A/nQPTsrj","action":"Commit Request", "result":"", "context":Item count: 8
Contributing types: Sessions, History}
{"logTime": "0808/134558", "correlationVector":"8DfNtqPmnKSJ0A/nQPTsrj.1","action":"SyncServerConnectionManagerRequest", "result":"SYNC_SERVER_OK", "context":{"environment":"Prod_francecentral_prod-s01-062-eur-francecentral", "migrationStage":"NotStarted", "server":"akswtt101000008"}}
{"logTime": "0808/134558", "correlationVector":"8DfNtqPmnKSJ0A/nQPTsrj.2","action":"Commit Response", "result":"Success", "context":Result: Success. cV=8DfNtqPmnKSJ0A/nQPTsrj.0;server=akswtt101000008;cloudType=Consumer;environment=Prod_francecentral_prod-s01-062-eur-francecentral;migrationStage=NotStarted}
{"logTime": "0808/134728", "correlationVector":"M4EMdop8EfAOXsJP5+Z29H","action":"Commit Request", "result":"", "context":Item count: 4
Contributing types: Sessions}
{"logTime": "0808/134728", "correlationVector":"M4EMdop8EfAOXsJP5+Z29H.1","action":"SyncServerConnectionManagerRequest", "result":"SYNC_SERVER_OK", "context":{"environment":"Prod_francecentral_prod-s01-062-eur-francecentral", "migrationStage":"NotStarted", "server":"akswtt101000004"}}
{"logTime": "0808/134728", "correlationVector":"M4EMdop8EfAOXsJP5+Z29H.3","action":"Commit.Sessions", "result":"Success", "context":{"id":"a7683ffa-4259-460e-89f0-e8317e0495ce", "isDeleted":"true", "size":"0", "version":"1754660693182"}}
{"logTime": "0808/134728", "correlationVector":"M4EMdop8EfAOXsJP5+Z29H.4","action":"Commit.Sessions", "result":"Success", "context":{"id":"7da08e38-955d-4cac-918c-395d99fbbc7a", "isDeleted":"true", "size":"0", "version":"1754660693184"}}
{"logTime": "0808/134728", "correlationVector":"M4EMdop8EfAOXsJP5+Z29H.2","action":"Commit Response", "result":"Success", "context":Result: Success. cV=M4EMdop8EfAOXsJP5+Z29H.0;server=akswtt101000004;cloudType=Consumer;environment=Prod_francecentral_prod-s01-062-eur-francecentral;migrationStage=NotStarted}
{"logTime": "0808/134836", "correlationVector":"3jb4ednji4r3rnuMDlgS7E","action":"Commit Request", "result":"", "context":Item count: 3
Contributing types: Sessions, History}
{"logTime": "0808/134837", "correlationVector":"3jb4ednji4r3rnuMDlgS7E.1","action":"SyncServerConnectionManagerRequest", "result":"SYNC_SERVER_OK", "context":{"environment":"Prod_francecentral_prod-s01-062-eur-francecentral", "migrationStage":"NotStarted", "server":"akswtt101000005"}}
{"logTime": "0808/134837", "correlationVector":"3jb4ednji4r3rnuMDlgS7E.2","action":"Commit Response", "result":"Success", "context":Result: Success. cV=3jb4ednji4r3rnuMDlgS7E.0;server=akswtt101000005;cloudType=Consumer;environment=Prod_francecentral_prod-s01-062-eur-francecentral;migrationStage=NotStarted}
{"logTime": "0808/135144", "correlationVector":"Cl6WQy5m3v7rKTE2C4TiSn","action":"Commit Request", "result":"", "context":Item count: 3
Contributing types: Sessions, History}
{"logTime": "0808/135145", "correlationVector":"Cl6WQy5m3v7rKTE2C4TiSn.1","action":"SyncServerConnectionManagerRequest", "result":"SYNC_SERVER_OK", "context":{"environment":"Prod_francecentral_prod-s01-062-eur-francecentral", "migrationStage":"NotStarted", "server":"akswtt10100001g"}}
{"logTime": "0808/135145", "correlationVector":"Cl6WQy5m3v7rKTE2C4TiSn.2","action":"Commit Response", "result":"Success", "context":Result: Success. cV=Cl6WQy5m3v7rKTE2C4TiSn.0;server=akswtt10100001g;cloudType=Consumer;environment=Prod_francecentral_prod-s01-062-eur-francecentral;migrationStage=NotStarted}
{"logTime": "0808/135315", "correlationVector":"X90eWuYFy/EIODgIj76eZd","action":"Commit Request", "result":"", "context":Item count: 3
Contributing types: Sessions, History}
{"logTime": "0808/135315", "correlationVector":"X90eWuYFy/EIODgIj76eZd.1","action":"SyncServerConnectionManagerRequest", "result":"SYNC_SERVER_OK", "context":{"environment":"Prod_francecentral_prod-s01-062-eur-francecentral", "migrationStage":"NotStarted", "server":"akswtt101000007"}}
{"logTime": "0808/135315", "correlationVector":"X90eWuYFy/EIODgIj76eZd.2","action":"Commit Response", "result":"Success", "context":Result: Success. cV=X90eWuYFy/EIODgIj76eZd.0;server=akswtt101000007;cloudType=Consumer;environment=Prod_francecentral_prod-s01-062-eur-francecentral;migrationStage=NotStarted}
{"logTime": "0808/135645", "correlationVector":"Wj8SEUklXskfndqJKFAuju","action":"Commit Request", "result":"", "context":Item count: 3
Contributing types: Sessions, History}
{"logTime": "0808/135645", "correlationVector":"Wj8SEUklXskfndqJKFAuju.1","action":"SyncServerConnectionManagerRequest", "result":"SYNC_SERVER_OK", "context":{"environment":"Prod_francecentral_prod-s01-062-eur-francecentral", "migrationStage":"NotStarted", "server":"akswtt101000005"}}
{"logTime": "0808/135645", "correlationVector":"Wj8SEUklXskfndqJKFAuju.2","action":"Commit Response", "result":"Success", "context":Result: Success. cV=Wj8SEUklXskfndqJKFAuju.0;server=akswtt101000005;cloudType=Consumer;environment=Prod_francecentral_prod-s01-062-eur-francecentral;migrationStage=NotStarted}
{"logTime": "0808/140335", "correlationVector":"6BLl9EUqTZv9Hy8ZacOWBn","action":"Commit Request", "result":"", "context":Item count: 4
Contributing types: Sessions, History}
{"logTime": "0808/140335", "correlationVector":"6BLl9EUqTZv9Hy8ZacOWBn.1","action":"SyncServerConnectionManagerRequest", "result":"SYNC_SERVER_OK", "context":{"environment":"Prod_francecentral_prod-s01-062-eur-francecentral", "migrationStage":"NotStarted", "server":"akswtt10100000v"}}
{"logTime": "0808/140335", "correlationVector":"6BLl9EUqTZv9Hy8ZacOWBn.2","action":"Commit Response", "result":"Success", "context":Result: Success. cV=6BLl9EUqTZv9Hy8ZacOWBn.0;server=akswtt10100000v;cloudType=Consumer;environment=Prod_francecentral_prod-s01-062-eur-francecentral;migrationStage=NotStarted}
{"logTime": "0808/140537", "correlationVector":"eTj2RQ5EYj83wtF7TLmJug","action":"Commit Request", "result":"", "context":Item count: 1
Contributing types: Sessions}
{"logTime": "0808/140538", "correlationVector":"eTj2RQ5EYj83wtF7TLmJug.1","action":"SyncServerConnectionManagerRequest", "result":"SYNC_SERVER_OK", "context":{"environment":"Prod_francecentral_prod-s01-062-eur-francecentral", "migrationStage":"NotStarted", "server":"akswtt10100000t"}}
{"logTime": "0808/140538", "correlationVector":"eTj2RQ5EYj83wtF7TLmJug.2","action":"Commit Response", "result":"Success", "context":Result: Success. cV=eTj2RQ5EYj83wtF7TLmJug.0;server=akswtt10100000t;cloudType=Consumer;environment=Prod_francecentral_prod-s01-062-eur-francecentral;migrationStage=NotStarted}
{"logTime": "0808/141952", "correlationVector":"8Ihf/olmQGtowKHBakPdio","action":"Commit Request", "result":"", "context":Item count: 3
Contributing types: Sessions, History}
{"logTime": "0808/141953", "correlationVector":"8Ihf/olmQGtowKHBakPdio.1","action":"SyncServerConnectionManagerRequest", "result":"SYNC_SERVER_OK", "context":{"environment":"Prod_francecentral_prod-s01-062-eur-francecentral", "migrationStage":"NotStarted", "server":"akswtt10100001g"}}
{"logTime": "0808/141953", "correlationVector":"8Ihf/olmQGtowKHBakPdio.2","action":"Commit Response", "result":"Success", "context":Result: Success. cV=8Ihf/olmQGtowKHBakPdio.0;server=akswtt10100001g;cloudType=Consumer;environment=Prod_francecentral_prod-s01-062-eur-francecentral;migrationStage=NotStarted}
{"logTime": "0808/142346", "correlationVector":"k1uMQ1gAhHog9Xn63cuhpQ","action":"Commit Request", "result":"", "context":Item count: 3
Contributing types: Sessions, History}
{"logTime": "0808/142347", "correlationVector":"k1uMQ1gAhHog9Xn63cuhpQ.1","action":"SyncServerConnectionManagerRequest", "result":"SYNC_SERVER_OK", "context":{"environment":"Prod_francecentral_prod-s01-062-eur-francecentral", "migrationStage":"NotStarted", "server":"akswtt101000000"}}
{"logTime": "0808/142347", "correlationVector":"k1uMQ1gAhHog9Xn63cuhpQ.2","action":"Commit Response", "result":"Success", "context":Result: Success. cV=k1uMQ1gAhHog9Xn63cuhpQ.0;server=akswtt101000000;cloudType=Consumer;environment=Prod_francecentral_prod-s01-062-eur-francecentral;migrationStage=NotStarted}
{"logTime": "0808/142954", "correlationVector":"QIqCYeKH8SHIJTnZrrMaYg","action":"Commit Request", "result":"", "context":Item count: 3
Contributing types: Sessions, History}
{"logTime": "0808/142955", "correlationVector":"QIqCYeKH8SHIJTnZrrMaYg.1","action":"SyncServerConnectionManagerRequest", "result":"SYNC_SERVER_OK", "context":{"environment":"Prod_francecentral_prod-s01-062-eur-francecentral", "migrationStage":"NotStarted", "server":"akswtt101000019"}}
{"logTime": "0808/142955", "correlationVector":"QIqCYeKH8SHIJTnZrrMaYg.2","action":"Commit Response", "result":"Success", "context":Result: Success. cV=QIqCYeKH8SHIJTnZrrMaYg.0;server=akswtt101000019;cloudType=Consumer;environment=Prod_francecentral_prod-s01-062-eur-francecentral;migrationStage=NotStarted}
{"logTime": "0808/143107", "correlationVector":"CVkEmHh+wMQ88g6s57gKgM","action":"Commit Request", "result":"", "context":Item count: 4
Contributing types: Sessions, History}
{"logTime": "0808/143107", "correlationVector":"CVkEmHh+wMQ88g6s57gKgM.1","action":"SyncServerConnectionManagerRequest", "result":"SYNC_SERVER_OK", "context":{"environment":"Prod_francecentral_prod-s01-062-eur-francecentral", "migrationStage":"NotStarted", "server":"akswtt101000019"}}
{"logTime": "0808/143107", "correlationVector":"CVkEmHh+wMQ88g6s57gKgM.2","action":"Commit Response", "result":"Success", "context":Result: Success. cV=CVkEmHh+wMQ88g6s57gKgM.0;server=akswtt101000019;cloudType=Consumer;environment=Prod_francecentral_prod-s01-062-eur-francecentral;migrationStage=NotStarted}
{"logTime": "0808/143328", "correlationVector":"XX5rv2IywUS4iJVsBGGDh9","action":"Commit Request", "result":"", "context":Item count: 3
Contributing types: Sessions, History}
{"logTime": "0808/143329", "correlationVector":"XX5rv2IywUS4iJVsBGGDh9.1","action":"SyncServerConnectionManagerRequest", "result":"SYNC_SERVER_OK", "context":{"environment":"Prod_francecentral_prod-s01-062-eur-francecentral", "migrationStage":"NotStarted", "server":"akswtt10100001h"}}
{"logTime": "0808/143329", "correlationVector":"XX5rv2IywUS4iJVsBGGDh9.2","action":"Commit Response", "result":"Success", "context":Result: Success. cV=XX5rv2IywUS4iJVsBGGDh9.0;server=akswtt10100001h;cloudType=Consumer;environment=Prod_francecentral_prod-s01-062-eur-francecentral;migrationStage=NotStarted}
{"logTime": "0808/143545", "correlationVector":"TPI4xjFjTAZsUUrhsPAq+Q","action":"Commit Request", "result":"", "context":Item count: 4
Contributing types: Sessions, History}
{"logTime": "0808/143545", "correlationVector":"TPI4xjFjTAZsUUrhsPAq+Q.1","action":"SyncServerConnectionManagerRequest", "result":"SYNC_SERVER_OK", "context":{"environment":"Prod_francecentral_prod-s01-062-eur-francecentral", "migrationStage":"NotStarted", "server":"akswtt101000001"}}
{"logTime": "0808/143545", "correlationVector":"TPI4xjFjTAZsUUrhsPAq+Q.2","action":"Commit Response", "result":"Success", "context":Result: Success. cV=TPI4xjFjTAZsUUrhsPAq+Q.0;server=akswtt101000001;cloudType=Consumer;environment=Prod_francecentral_prod-s01-062-eur-francecentral;migrationStage=NotStarted}
{"logTime": "0808/143737", "correlationVector":"ZCrr/kR+udZN5KLVLu2uhJ","action":"Commit Request", "result":"", "context":Item count: 3
Contributing types: Sessions, History}
{"logTime": "0808/143737", "correlationVector":"ZCrr/kR+udZN5KLVLu2uhJ.1","action":"SyncServerConnectionManagerRequest", "result":"SYNC_SERVER_OK", "context":{"environment":"Prod_francecentral_prod-s01-062-eur-francecentral", "migrationStage":"NotStarted", "server":"akswtt10100000g"}}
{"logTime": "0808/143737", "correlationVector":"ZCrr/kR+udZN5KLVLu2uhJ.2","action":"Commit Response", "result":"Success", "context":Result: Success. cV=ZCrr/kR+udZN5KLVLu2uhJ.0;server=akswtt10100000g;cloudType=Consumer;environment=Prod_francecentral_prod-s01-062-eur-francecentral;migrationStage=NotStarted}
{"logTime": "0808/144459", "correlationVector":"o38XGJUw5whPe5SZ41f8IN","action":"Commit Request", "result":"", "context":Item count: 4
Contributing types: Sessions, History}
{"logTime": "0808/144500", "correlationVector":"o38XGJUw5whPe5SZ41f8IN.1","action":"SyncServerConnectionManagerRequest", "result":"SYNC_SERVER_OK", "context":{"environment":"Prod_francecentral_prod-s01-062-eur-francecentral", "migrationStage":"NotStarted", "server":"akswtt10100001a"}}
{"logTime": "0808/144500", "correlationVector":"o38XGJUw5whPe5SZ41f8IN.2","action":"Commit Response", "result":"Success", "context":Result: Success. cV=o38XGJUw5whPe5SZ41f8IN.0;server=akswtt10100001a;cloudType=Consumer;environment=Prod_francecentral_prod-s01-062-eur-francecentral;migrationStage=NotStarted}
{"logTime": "0808/144714", "correlationVector":"ZGyWHzBMq65CunnZ0mTqqF","action":"Commit Request", "result":"", "context":Item count: 3
Contributing types: Sessions, History}
{"logTime": "0808/144714", "correlationVector":"ZGyWHzBMq65CunnZ0mTqqF.1","action":"SyncServerConnectionManagerRequest", "result":"SYNC_SERVER_OK", "context":{"environment":"Prod_francecentral_prod-s01-062-eur-francecentral", "migrationStage":"NotStarted", "server":"akswtt10100001h"}}
{"logTime": "0808/144714", "correlationVector":"ZGyWHzBMq65CunnZ0mTqqF.2","action":"Commit Response", "result":"Success", "context":Result: Success. cV=ZGyWHzBMq65CunnZ0mTqqF.0;server=akswtt10100001h;cloudType=Consumer;environment=Prod_francecentral_prod-s01-062-eur-francecentral;migrationStage=NotStarted}
{"logTime": "0808/144759", "correlationVector":"d0t9uUgikx9X+kV1GA2KnJ","action":"Commit Request", "result":"", "context":Item count: 1
Contributing types: Device Info}
{"logTime": "0808/144759", "correlationVector":"d0t9uUgikx9X+kV1GA2KnJ.1","action":"SyncServerConnectionManagerRequest", "result":"SYNC_SERVER_OK", "context":{"environment":"Prod_francecentral_prod-s01-062-eur-francecentral", "migrationStage":"NotStarted", "server":"akswtt10100000r"}}
{"logTime": "0808/144759", "correlationVector":"d0t9uUgikx9X+kV1GA2KnJ.2","action":"Commit Response", "result":"Success", "context":Result: Success. cV=d0t9uUgikx9X+kV1GA2KnJ.0;server=akswtt10100000r;cloudType=Consumer;environment=Prod_francecentral_prod-s01-062-eur-francecentral;migrationStage=NotStarted}
{"logTime": "0808/144803", "correlationVector":"n1rXiXh9ws6x8Jkx97WGLd","action":"Commit Request", "result":"", "context":Item count: 2
Contributing types: Preferences, Sessions}
{"logTime": "0808/144803", "correlationVector":"n1rXiXh9ws6x8Jkx97WGLd.1","action":"SyncServerConnectionManagerRequest", "result":"SYNC_SERVER_OK", "context":{"environment":"Prod_francecentral_prod-s01-062-eur-francecentral", "migrationStage":"NotStarted", "server":"akswtt10100000g"}}
{"logTime": "0808/144803", "correlationVector":"n1rXiXh9ws6x8Jkx97WGLd.2","action":"Commit Response", "result":"Success", "context":Result: Success. cV=n1rXiXh9ws6x8Jkx97WGLd.0;server=akswtt10100000g;cloudType=Consumer;environment=Prod_francecentral_prod-s01-062-eur-francecentral;migrationStage=NotStarted}
{"logTime": "0808/144815", "correlationVector":"rRBbSDL9ebzdGR7WdSJaK8","action":"Commit Request", "result":"", "context":Item count: 2
Contributing types: Preferences, Device Info}
{"logTime": "0808/144816", "correlationVector":"rRBbSDL9ebzdGR7WdSJaK8.1","action":"SyncServerConnectionManagerRequest", "result":"SYNC_SERVER_OK", "context":{"environment":"Prod_francecentral_prod-s01-062-eur-francecentral", "migrationStage":"NotStarted", "server":"akswtt10100000g"}}
{"logTime": "0808/144816", "correlationVector":"rRBbSDL9ebzdGR7WdSJaK8.2","action":"Commit Response", "result":"Success", "context":Result: Success. cV=rRBbSDL9ebzdGR7WdSJaK8.0;server=akswtt10100000g;cloudType=Consumer;environment=Prod_francecentral_prod-s01-062-eur-francecentral;migrationStage=NotStarted}
{"logTime": "0808/145724", "correlationVector":"RgvferX/sccoke96wzMZkz","action":"Commit Request", "result":"", "context":Item count: 9
Contributing types: Sessions, History}
{"logTime": "0808/145725", "correlationVector":"RgvferX/sccoke96wzMZkz.1","action":"SyncServerConnectionManagerRequest", "result":"SYNC_SERVER_OK", "context":{"environment":"Prod_francecentral_prod-s01-062-eur-francecentral", "migrationStage":"NotStarted", "server":"akswtt101000006"}}
{"logTime": "0808/145725", "correlationVector":"RgvferX/sccoke96wzMZkz.2","action":"Commit Response", "result":"Success", "context":Result: Success. cV=RgvferX/sccoke96wzMZkz.0;server=akswtt101000006;cloudType=Consumer;environment=Prod_francecentral_prod-s01-062-eur-francecentral;migrationStage=NotStarted}
{"logTime": "0808/145919", "correlationVector":"mmNbMMajCgj9ijGQ+dUNSH","action":"Commit Request", "result":"", "context":Item count: 1
Contributing types: Sessions}
{"logTime": "0808/145919", "correlationVector":"mmNbMMajCgj9ijGQ+dUNSH.1","action":"SyncServerConnectionManagerRequest", "result":"SYNC_SERVER_OK", "context":{"environment":"Prod_francecentral_prod-s01-062-eur-francecentral", "migrationStage":"NotStarted", "server":"akswtt10100000s"}}
{"logTime": "0808/145919", "correlationVector":"mmNbMMajCgj9ijGQ+dUNSH.2","action":"Commit Response", "result":"Success", "context":Result: Success. cV=mmNbMMajCgj9ijGQ+dUNSH.0;server=akswtt10100000s;cloudType=Consumer;environment=Prod_francecentral_prod-s01-062-eur-francecentral;migrationStage=NotStarted}
{"logTime": "0808/150154", "correlationVector":"bcDoW2QqIBYZChXIkmr8aQ","action":"Commit Request", "result":"", "context":Item count: 3
Contributing types: Sessions, History}
{"logTime": "0808/150155", "correlationVector":"bcDoW2QqIBYZChXIkmr8aQ.1","action":"SyncServerConnectionManagerRequest", "result":"SYNC_SERVER_OK", "context":{"environment":"Prod_francecentral_prod-s01-062-eur-francecentral", "migrationStage":"NotStarted", "server":"akswtt10100001f"}}
{"logTime": "0808/150155", "correlationVector":"bcDoW2QqIBYZChXIkmr8aQ.2","action":"Commit Response", "result":"Success", "context":Result: Success. cV=bcDoW2QqIBYZChXIkmr8aQ.0;server=akswtt10100001f;cloudType=Consumer;environment=Prod_francecentral_prod-s01-062-eur-francecentral;migrationStage=NotStarted}
{"logTime": "0808/150416", "correlationVector":"5N3p06PF9w57IwC6Ji0F95","action":"Commit Request", "result":"", "context":Item count: 3
Contributing types: Sessions, History}
{"logTime": "0808/150417", "correlationVector":"5N3p06PF9w57IwC6Ji0F95.1","action":"SyncServerConnectionManagerRequest", "result":"SYNC_SERVER_OK", "context":{"environment":"Prod_francecentral_prod-s01-062-eur-francecentral", "migrationStage":"NotStarted", "server":"akswtt101000009"}}
{"logTime": "0808/150417", "correlationVector":"5N3p06PF9w57IwC6Ji0F95.2","action":"Commit Response", "result":"Success", "context":Result: Success. cV=5N3p06PF9w57IwC6Ji0F95.0;server=akswtt101000009;cloudType=Consumer;environment=Prod_francecentral_prod-s01-062-eur-francecentral;migrationStage=NotStarted}
{"logTime": "0808/150546", "correlationVector":"qByY8tWY3Sn+PHv9ymEiJD","action":"Commit Request", "result":"", "context":Item count: 4
Contributing types: Sessions, History}
{"logTime": "0808/150546", "correlationVector":"qByY8tWY3Sn+PHv9ymEiJD.1","action":"SyncServerConnectionManagerRequest", "result":"SYNC_SERVER_OK", "context":{"environment":"Prod_francecentral_prod-s01-062-eur-francecentral", "migrationStage":"NotStarted", "server":"akswtt10100000v"}}
{"logTime": "0808/150546", "correlationVector":"qByY8tWY3Sn+PHv9ymEiJD.2","action":"Commit Response", "result":"Success", "context":Result: Success. cV=qByY8tWY3Sn+PHv9ymEiJD.0;server=akswtt10100000v;cloudType=Consumer;environment=Prod_francecentral_prod-s01-062-eur-francecentral;migrationStage=NotStarted}
{"logTime": "0808/151318", "correlationVector":"8nPXWAOX8jmLRCbVlWXygL","action":"Commit Request", "result":"", "context":Item count: 1
Contributing types: Sessions}
{"logTime": "0808/151350", "correlationVector":"8nPXWAOX8jmLRCbVlWXygL","action":"SyncServerConnectionManagerRequest", "result":"CONNECTION_UNAVAILABLE", "context":{"error_type":"net_error_code", "error_value":"-105"}}
{"logTime": "0808/151350", "correlationVector":"C5Y+NJG7cJNKDF0BdUgXVW.0","action":"Commit Response", "result":"Network error (ERR_NAME_NOT_RESOLVED)", "context":Result: Network error (ERR_NAME_NOT_RESOLVED). }
{"logTime": "0808/151352", "correlationVector":"r7rpAO5sXc/y1rOSU3NbVn","action":"Commit Request", "result":"", "context":Item count: 1
Contributing types: Sessions}
{"logTime": "0808/151424", "correlationVector":"r7rpAO5sXc/y1rOSU3NbVn","action":"SyncServerConnectionManagerRequest", "result":"CONNECTION_UNAVAILABLE", "context":{"error_type":"net_error_code", "error_value":"-105"}}
{"logTime": "0808/151424", "correlationVector":"pOYxUv09Gh6H8yH0d//dUI.0","action":"Commit Response", "result":"Network error (ERR_NAME_NOT_RESOLVED)", "context":Result: Network error (ERR_NAME_NOT_RESOLVED). }
{"logTime": "0808/151427", "correlationVector":"rKZy8j8xYpgY3JoNjCnz96","action":"Commit Request", "result":"", "context":Item count: 3
Contributing types: Sessions, History}
{"logTime": "0808/151439", "correlationVector":"rKZy8j8xYpgY3JoNjCnz96","action":"SyncServerConnectionManagerRequest", "result":"CONNECTION_UNAVAILABLE", "context":{"error_type":"net_error_code", "error_value":"-105"}}
{"logTime": "0808/151439", "correlationVector":"ZF8E1KQ5DsfrkMpkB+dsmi.0","action":"Commit Response", "result":"Network error (ERR_NAME_NOT_RESOLVED)", "context":Result: Network error (ERR_NAME_NOT_RESOLVED). }
{"logTime": "0808/151439", "correlationVector":"bNfMXwIkTr0Co7sFfTOM81","action":"Commit Request", "result":"", "context":Item count: 3
Contributing types: Sessions, History}
{"logTime": "0808/151441", "correlationVector":"bNfMXwIkTr0Co7sFfTOM81","action":"SyncServerConnectionManagerRequest", "result":"CONNECTION_UNAVAILABLE", "context":{"error_type":"net_error_code", "error_value":"-106"}}
{"logTime": "0808/151441", "correlationVector":"5IHECodzGLZVMxoayr5UeX.0","action":"Commit Response", "result":"Network error (ERR_INTERNET_DISCONNECTED)", "context":Result: Network error (ERR_INTERNET_DISCONNECTED). }
{"logTime": "0808/151445", "correlationVector":"QgEs/gyZPQ2wnMBsTQlYHO","action":"Commit Request", "result":"", "context":Item count: 3
Contributing types: Sessions, History}
{"logTime": "0808/151445", "correlationVector":"QgEs/gyZPQ2wnMBsTQlYHO","action":"SyncServerConnectionManagerRequest", "result":"CONNECTION_UNAVAILABLE", "context":{"error_type":"net_error_code", "error_value":"-106"}}
{"logTime": "0808/151445", "correlationVector":"ECKHvLjNCnkoDAv5MbE+DG.0","action":"Commit Response", "result":"Network error (ERR_INTERNET_DISCONNECTED)", "context":Result: Network error (ERR_INTERNET_DISCONNECTED). }
{"logTime": "0808/151454", "correlationVector":"9Y3+OPNj/jE+EEdsyhsVb0","action":"Commit Request", "result":"", "context":Item count: 3
Contributing types: Sessions, History}
{"logTime": "0808/151455", "correlationVector":"9Y3+OPNj/jE+EEdsyhsVb0.1","action":"SyncServerConnectionManagerRequest", "result":"SYNC_SERVER_OK", "context":{"environment":"Prod_francecentral_prod-s01-062-eur-francecentral", "migrationStage":"NotStarted", "server":"akswtt101000012"}}
{"logTime": "0808/151455", "correlationVector":"9Y3+OPNj/jE+EEdsyhsVb0.2","action":"Commit Response", "result":"Success", "context":Result: Success. cV=9Y3+OPNj/jE+EEdsyhsVb0.0;server=akswtt101000012;cloudType=Consumer;environment=Prod_francecentral_prod-s01-062-eur-francecentral;migrationStage=NotStarted}
{"logTime": "0808/151539", "correlationVector":"tRKLXyhPHqXRrg6A8Xwdm2","action":"Commit Request", "result":"", "context":Item count: 1
Contributing types: Device Info}
{"logTime": "0808/151539", "correlationVector":"tRKLXyhPHqXRrg6A8Xwdm2.1","action":"SyncServerConnectionManagerRequest", "result":"SYNC_SERVER_OK", "context":{"environment":"Prod_francecentral_prod-s01-062-eur-francecentral", "migrationStage":"NotStarted", "server":"akswtt101000013"}}
{"logTime": "0808/151539", "correlationVector":"tRKLXyhPHqXRrg6A8Xwdm2.2","action":"Commit Response", "result":"Success", "context":Result: Success. cV=tRKLXyhPHqXRrg6A8Xwdm2.0;server=akswtt101000013;cloudType=Consumer;environment=Prod_francecentral_prod-s01-062-eur-francecentral;migrationStage=NotStarted}
{"logTime": "0808/151836", "correlationVector":"ITI4B8gE6IH2TVjBtY7RkV","action":"Commit Request", "result":"", "context":Item count: 4
Contributing types: Sessions, History}
{"logTime": "0808/151856", "correlationVector":"ITI4B8gE6IH2TVjBtY7RkV","action":"SyncServerConnectionManagerRequest", "result":"CONNECTION_UNAVAILABLE", "context":{"error_type":"net_error_code", "error_value":"-105"}}
{"logTime": "0808/151856", "correlationVector":"siBNsAvFzaSNdp/iFHYmMD.0","action":"Commit Response", "result":"Network error (ERR_NAME_NOT_RESOLVED)", "context":Result: Network error (ERR_NAME_NOT_RESOLVED). }
{"logTime": "0808/151858", "correlationVector":"tXlHCD2PcprHIU2B4Q/XZJ","action":"Commit Request", "result":"", "context":Item count: 5
Contributing types: Sessions, History}
{"logTime": "0808/151912", "correlationVector":"tXlHCD2PcprHIU2B4Q/XZJ.1","action":"SyncServerConnectionManagerRequest", "result":"SYNC_SERVER_OK", "context":{"environment":"Prod_francecentral_prod-s01-062-eur-francecentral", "migrationStage":"NotStarted", "server":"akswtt10100000j"}}
{"logTime": "0808/151912", "correlationVector":"tXlHCD2PcprHIU2B4Q/XZJ.2","action":"Commit Response", "result":"Success", "context":Result: Success. cV=tXlHCD2PcprHIU2B4Q/XZJ.0;server=akswtt10100000j;cloudType=Consumer;environment=Prod_francecentral_prod-s01-062-eur-francecentral;migrationStage=NotStarted}
{"logTime": "0808/152046", "correlationVector":"f2NuveXq0zC++bLe6Zcbwm","action":"Commit Request", "result":"", "context":Item count: 6
Contributing types: Sessions, History}
{"logTime": "0808/152047", "correlationVector":"f2NuveXq0zC++bLe6Zcbwm.1","action":"SyncServerConnectionManagerRequest", "result":"SYNC_SERVER_OK", "context":{"environment":"Prod_francecentral_prod-s01-062-eur-francecentral", "migrationStage":"NotStarted", "server":"akswtt10100000e"}}
{"logTime": "0808/152047", "correlationVector":"f2NuveXq0zC++bLe6Zcbwm.2","action":"Commit Response", "result":"Success", "context":Result: Success. cV=f2NuveXq0zC++bLe6Zcbwm.0;server=akswtt10100000e;cloudType=Consumer;environment=Prod_francecentral_prod-s01-062-eur-francecentral;migrationStage=NotStarted}
{"logTime": "0808/153227", "correlationVector":"L/tI8DwWQ8U6WvE7u7diCY","action":"Commit Request", "result":"", "context":Item count: 4
Contributing types: Sessions, History}
{"logTime": "0808/153228", "correlationVector":"L/tI8DwWQ8U6WvE7u7diCY.1","action":"SyncServerConnectionManagerRequest", "result":"SYNC_SERVER_OK", "context":{"environment":"Prod_francecentral_prod-s01-062-eur-francecentral", "migrationStage":"NotStarted", "server":"akswtt10100001b"}}
{"logTime": "0808/153228", "correlationVector":"L/tI8DwWQ8U6WvE7u7diCY.2","action":"Commit Response", "result":"Success", "context":Result: Success. cV=L/tI8DwWQ8U6WvE7u7diCY.0;server=akswtt10100001b;cloudType=Consumer;environment=Prod_francecentral_prod-s01-062-eur-francecentral;migrationStage=NotStarted}
{"logTime": "0808/153228", "correlationVector":"L/tI8DwWQ8U6WvE7u7diCY.3","action":"Commit.Sessions", "result":"Success", "context":{"id":"660f4b80-e436-4334-8fa6-5ea4885c330b", "isDeleted":"true", "size":"0", "version":"1754666382035"}}
{"logTime": "0808/154109", "correlationVector":"VWr8Z/K6zb04uIyfhheOvR","action":"Commit Request", "result":"", "context":Item count: 3
Contributing types: Sessions, History}
{"logTime": "0808/154109", "correlationVector":"VWr8Z/K6zb04uIyfhheOvR.1","action":"SyncServerConnectionManagerRequest", "result":"SYNC_SERVER_OK", "context":{"environment":"Prod_francecentral_prod-s01-062-eur-francecentral", "migrationStage":"NotStarted", "server":"akswtt10100000y"}}
{"logTime": "0808/154109", "correlationVector":"VWr8Z/K6zb04uIyfhheOvR.2","action":"Commit Response", "result":"Success", "context":Result: Success. cV=VWr8Z/K6zb04uIyfhheOvR.0;server=akswtt10100000y;cloudType=Consumer;environment=Prod_francecentral_prod-s01-062-eur-francecentral;migrationStage=NotStarted}
{"logTime": "0808/154248", "correlationVector":"PcTIxeATyI8sGjtylRmBc0","action":"Commit Request", "result":"", "context":Item count: 1
Contributing types: Sessions}
{"logTime": "0808/154248", "correlationVector":"PcTIxeATyI8sGjtylRmBc0.1","action":"SyncServerConnectionManagerRequest", "result":"SYNC_SERVER_OK", "context":{"environment":"Prod_francecentral_prod-s01-062-eur-francecentral", "migrationStage":"NotStarted", "server":"akswtt10100000l"}}
{"logTime": "0808/154248", "correlationVector":"PcTIxeATyI8sGjtylRmBc0.2","action":"Commit Response", "result":"Success", "context":Result: Success. cV=PcTIxeATyI8sGjtylRmBc0.0;server=akswtt10100000l;cloudType=Consumer;environment=Prod_francecentral_prod-s01-062-eur-francecentral;migrationStage=NotStarted}
{"logTime": "0808/154657", "correlationVector":"os9/zxjadtnr7ghLAgvLc9","action":"Commit Request", "result":"", "context":Item count: 3
Contributing types: Sessions, History}
{"logTime": "0808/154658", "correlationVector":"os9/zxjadtnr7ghLAgvLc9.1","action":"SyncServerConnectionManagerRequest", "result":"SYNC_SERVER_OK", "context":{"environment":"Prod_francecentral_prod-s01-062-eur-francecentral", "migrationStage":"NotStarted", "server":"akswtt10100000f"}}
{"logTime": "0808/154658", "correlationVector":"os9/zxjadtnr7ghLAgvLc9.2","action":"Commit Response", "result":"Success", "context":Result: Success. cV=os9/zxjadtnr7ghLAgvLc9.0;server=akswtt10100000f;cloudType=Consumer;environment=Prod_francecentral_prod-s01-062-eur-francecentral;migrationStage=NotStarted}
{"logTime": "0808/155258", "correlationVector":"9TC1IPHmZiexNPLxBsE7bV","action":"Commit Request", "result":"", "context":Item count: 1
Contributing types: Sessions}
{"logTime": "0808/155258", "correlationVector":"9TC1IPHmZiexNPLxBsE7bV.1","action":"SyncServerConnectionManagerRequest", "result":"SYNC_SERVER_OK", "context":{"environment":"Prod_francecentral_prod-s01-062-eur-francecentral", "migrationStage":"NotStarted", "server":"akswtt10100001h"}}
{"logTime": "0808/155258", "correlationVector":"9TC1IPHmZiexNPLxBsE7bV.2","action":"Commit Response", "result":"Success", "context":Result: Success. cV=9TC1IPHmZiexNPLxBsE7bV.0;server=akswtt10100001h;cloudType=Consumer;environment=Prod_francecentral_prod-s01-062-eur-francecentral;migrationStage=NotStarted}
{"logTime": "0808/155530", "correlationVector":"AJ+gxTcEdw9vCcT0qmbwwY","action":"Commit Request", "result":"", "context":Item count: 3
Contributing types: Sessions, History}
{"logTime": "0808/155531", "correlationVector":"AJ+gxTcEdw9vCcT0qmbwwY.1","action":"SyncServerConnectionManagerRequest", "result":"SYNC_SERVER_OK", "context":{"environment":"Prod_francecentral_prod-s01-062-eur-francecentral", "migrationStage":"NotStarted", "server":"akswtt101000012"}}
{"logTime": "0808/155531", "correlationVector":"AJ+gxTcEdw9vCcT0qmbwwY.2","action":"Commit Response", "result":"Success", "context":Result: Success. cV=AJ+gxTcEdw9vCcT0qmbwwY.0;server=akswtt101000012;cloudType=Consumer;environment=Prod_francecentral_prod-s01-062-eur-francecentral;migrationStage=NotStarted}
{"logTime": "0808/155710", "correlationVector":"2QaIN5HT+nHXOKPUiNbBhd","action":"Commit Request", "result":"", "context":Item count: 5
Contributing types: Sessions, History}
{"logTime": "0808/155710", "correlationVector":"2QaIN5HT+nHXOKPUiNbBhd.1","action":"SyncServerConnectionManagerRequest", "result":"SYNC_SERVER_OK", "context":{"environment":"Prod_francecentral_prod-s01-062-eur-francecentral", "migrationStage":"NotStarted", "server":"akswtt101000006"}}
{"logTime": "0808/155710", "correlationVector":"2QaIN5HT+nHXOKPUiNbBhd.2","action":"Commit Response", "result":"Success", "context":Result: Success. cV=2QaIN5HT+nHXOKPUiNbBhd.0;server=akswtt101000006;cloudType=Consumer;environment=Prod_francecentral_prod-s01-062-eur-francecentral;migrationStage=NotStarted}
{"logTime": "0808/160011", "correlationVector":"B+gwhglED+j2hNlDhVLP3O","action":"Commit Request", "result":"", "context":Item count: 4
Contributing types: Sessions, History}
{"logTime": "0808/160011", "correlationVector":"B+gwhglED+j2hNlDhVLP3O.1","action":"SyncServerConnectionManagerRequest", "result":"SYNC_SERVER_OK", "context":{"environment":"Prod_francecentral_prod-s01-062-eur-francecentral", "migrationStage":"NotStarted", "server":"akswtt10100000n"}}
{"logTime": "0808/160011", "correlationVector":"B+gwhglED+j2hNlDhVLP3O.2","action":"Commit Response", "result":"Success", "context":Result: Success. cV=B+gwhglED+j2hNlDhVLP3O.0;server=akswtt10100000n;cloudType=Consumer;environment=Prod_francecentral_prod-s01-062-eur-francecentral;migrationStage=NotStarted}
{"logTime": "0808/160403", "correlationVector":"uBBZFrGtAyxECdJ9kzs/8N","action":"Commit Request", "result":"", "context":Item count: 4
Contributing types: Sessions, History}
{"logTime": "0808/160403", "correlationVector":"uBBZFrGtAyxECdJ9kzs/8N.1","action":"SyncServerConnectionManagerRequest", "result":"SYNC_SERVER_OK", "context":{"environment":"Prod_francecentral_prod-s01-062-eur-francecentral", "migrationStage":"NotStarted", "server":"akswtt101000005"}}
{"logTime": "0808/160403", "correlationVector":"uBBZFrGtAyxECdJ9kzs/8N.2","action":"Commit Response", "result":"Success", "context":Result: Success. cV=uBBZFrGtAyxECdJ9kzs/8N.0;server=akswtt101000005;cloudType=Consumer;environment=Prod_francecentral_prod-s01-062-eur-francecentral;migrationStage=NotStarted}
{"logTime": "0808/160622", "correlationVector":"yiPQgGk9aO57wVSPD1Y1oY","action":"Commit Request", "result":"", "context":Item count: 4
Contributing types: Sessions, History}
{"logTime": "0808/160623", "correlationVector":"yiPQgGk9aO57wVSPD1Y1oY.1","action":"SyncServerConnectionManagerRequest", "result":"SYNC_SERVER_OK", "context":{"environment":"Prod_francecentral_prod-s01-062-eur-francecentral", "migrationStage":"NotStarted", "server":"akswtt10100000x"}}
{"logTime": "0808/160623", "correlationVector":"yiPQgGk9aO57wVSPD1Y1oY.2","action":"Commit Response", "result":"Success", "context":Result: Success. cV=yiPQgGk9aO57wVSPD1Y1oY.0;server=akswtt10100000x;cloudType=Consumer;environment=Prod_francecentral_prod-s01-062-eur-francecentral;migrationStage=NotStarted}
{"logTime": "0808/160751", "correlationVector":"IfXhmedv4sCHgkXfNjRRPy","action":"Commit Request", "result":"", "context":Item count: 3
Contributing types: Sessions, History}
{"logTime": "0808/160752", "correlationVector":"IfXhmedv4sCHgkXfNjRRPy.1","action":"SyncServerConnectionManagerRequest", "result":"SYNC_SERVER_OK", "context":{"environment":"Prod_francecentral_prod-s01-062-eur-francecentral", "migrationStage":"NotStarted", "server":"akswtt10100000n"}}
{"logTime": "0808/160752", "correlationVector":"IfXhmedv4sCHgkXfNjRRPy.2","action":"Commit Response", "result":"Success", "context":Result: Success. cV=IfXhmedv4sCHgkXfNjRRPy.0;server=akswtt10100000n;cloudType=Consumer;environment=Prod_francecentral_prod-s01-062-eur-francecentral;migrationStage=NotStarted}
{"logTime": "0808/161047", "correlationVector":"+4voaOGQkMEIl+7jr7Dmiw","action":"Commit Request", "result":"", "context":Item count: 4
Contributing types: Sessions, History}
{"logTime": "0808/161048", "correlationVector":"+4voaOGQkMEIl+7jr7Dmiw.1","action":"SyncServerConnectionManagerRequest", "result":"SYNC_SERVER_OK", "context":{"environment":"Prod_francecentral_prod-s01-062-eur-francecentral", "migrationStage":"NotStarted", "server":"akswtt10100001g"}}
{"logTime": "0808/161048", "correlationVector":"+4voaOGQkMEIl+7jr7Dmiw.2","action":"Commit Response", "result":"Success", "context":Result: Success. cV=+4voaOGQkMEIl+7jr7Dmiw.0;server=akswtt10100001g;cloudType=Consumer;environment=Prod_francecentral_prod-s01-062-eur-francecentral;migrationStage=NotStarted}
{"logTime": "0808/161211", "correlationVector":"xzXlbh69gTLZKoINKUAZvV","action":"Commit Request", "result":"", "context":Item count: 3
Contributing types: Sessions, History}
{"logTime": "0808/161211", "correlationVector":"xzXlbh69gTLZKoINKUAZvV.1","action":"SyncServerConnectionManagerRequest", "result":"SYNC_SERVER_OK", "context":{"environment":"Prod_francecentral_prod-s01-062-eur-francecentral", "migrationStage":"NotStarted", "server":"akswtt101000007"}}
{"logTime": "0808/161211", "correlationVector":"xzXlbh69gTLZKoINKUAZvV.2","action":"Commit Response", "result":"Success", "context":Result: Success. cV=xzXlbh69gTLZKoINKUAZvV.0;server=akswtt101000007;cloudType=Consumer;environment=Prod_francecentral_prod-s01-062-eur-francecentral;migrationStage=NotStarted}
{"logTime": "0808/161430", "correlationVector":"RSg+jUIl0cjVYa44T/4Zqz","action":"Commit Request", "result":"", "context":Item count: 1
Contributing types: Sessions}
{"logTime": "0808/161430", "correlationVector":"RSg+jUIl0cjVYa44T/4Zqz.1","action":"SyncServerConnectionManagerRequest", "result":"SYNC_SERVER_OK", "context":{"environment":"Prod_francecentral_prod-s01-062-eur-francecentral", "migrationStage":"NotStarted", "server":"akswtt10100000w"}}
{"logTime": "0808/161430", "correlationVector":"RSg+jUIl0cjVYa44T/4Zqz.2","action":"Commit Response", "result":"Success", "context":Result: Success. cV=RSg+jUIl0cjVYa44T/4Zqz.0;server=akswtt10100000w;cloudType=Consumer;environment=Prod_francecentral_prod-s01-062-eur-francecentral;migrationStage=NotStarted}
{"logTime": "0808/161923", "correlationVector":"U/Nl6GlJ4vV8DXSgcdHvJH","action":"Commit Request", "result":"", "context":Item count: 7
Contributing types: Sessions, Device Info, History}
{"logTime": "0808/161925", "correlationVector":"U/Nl6GlJ4vV8DXSgcdHvJH.1","action":"SyncServerConnectionManagerRequest", "result":"SYNC_SERVER_OK", "context":{"environment":"Prod_francecentral_prod-s01-062-eur-francecentral", "migrationStage":"NotStarted", "server":"akswtt10100000j"}}
{"logTime": "0808/161925", "correlationVector":"U/Nl6GlJ4vV8DXSgcdHvJH.2","action":"Commit Response", "result":"Success", "context":Result: Success. cV=U/Nl6GlJ4vV8DXSgcdHvJH.0;server=akswtt10100000j;cloudType=Consumer;environment=Prod_francecentral_prod-s01-062-eur-francecentral;migrationStage=NotStarted}
{"logTime": "0808/161927", "correlationVector":"e6MH5DNBYNj421E+qJl/C3","action":"Commit Request", "result":"", "context":Item count: 1
Contributing types: Preferences}
{"logTime": "0808/161927", "correlationVector":"e6MH5DNBYNj421E+qJl/C3.1","action":"SyncServerConnectionManagerRequest", "result":"SYNC_SERVER_OK", "context":{"environment":"Prod_francecentral_prod-s01-062-eur-francecentral", "migrationStage":"NotStarted", "server":"akswtt10100000f"}}
{"logTime": "0808/161927", "correlationVector":"e6MH5DNBYNj421E+qJl/C3.2","action":"Commit Response", "result":"Success", "context":Result: Success. cV=e6MH5DNBYNj421E+qJl/C3.0;server=akswtt10100000f;cloudType=Consumer;environment=Prod_francecentral_prod-s01-062-eur-francecentral;migrationStage=NotStarted}
{"logTime": "0808/162019", "correlationVector":"E1BB75VNsLMTejSy962BVZ","action":"Commit Request", "result":"", "context":Item count: 10
Contributing types: Preferences, Sessions, Device Info, History}
{"logTime": "0808/162020", "correlationVector":"E1BB75VNsLMTejSy962BVZ.1","action":"SyncServerConnectionManagerRequest", "result":"SYNC_SERVER_OK", "context":{"environment":"Prod_francecentral_prod-s01-062-eur-francecentral", "migrationStage":"NotStarted", "server":"akswtt10100000s"}}
{"logTime": "0808/162020", "correlationVector":"E1BB75VNsLMTejSy962BVZ.2","action":"Commit Response", "result":"Success", "context":Result: Success. cV=E1BB75VNsLMTejSy962BVZ.0;server=akswtt10100000s;cloudType=Consumer;environment=Prod_francecentral_prod-s01-062-eur-francecentral;migrationStage=NotStarted}
{"logTime": "0808/162020", "correlationVector":"E1BB75VNsLMTejSy962BVZ.3","action":"Commit.Sessions", "result":"Success", "context":{"id":"82ae9f1d-f511-47b4-8b69-f9ab0e1c23a3", "isDeleted":"true", "size":"0", "version":"1754669899362"}}
{"logTime": "0808/162020", "correlationVector":"E1BB75VNsLMTejSy962BVZ.4","action":"Commit.Sessions", "result":"Success", "context":{"id":"2d2b74c2-8fa4-43ae-be61-425d9d2af193", "isDeleted":"true", "size":"0", "version":"1754669899364"}}
{"logTime": "0808/162155", "correlationVector":"tUX44gcPTonJPHr5RCM/mh","action":"Commit Request", "result":"", "context":Item count: 13
Contributing types: Sessions, History}
{"logTime": "0808/162156", "correlationVector":"tUX44gcPTonJPHr5RCM/mh.1","action":"SyncServerConnectionManagerRequest", "result":"SYNC_SERVER_OK", "context":{"environment":"Prod_francecentral_prod-s01-062-eur-francecentral", "migrationStage":"NotStarted", "server":"akswtt10100000f"}}
{"logTime": "0808/162156", "correlationVector":"tUX44gcPTonJPHr5RCM/mh.2","action":"Commit Response", "result":"Success", "context":Result: Success. cV=tUX44gcPTonJPHr5RCM/mh.0;server=akswtt10100000f;cloudType=Consumer;environment=Prod_francecentral_prod-s01-062-eur-francecentral;migrationStage=NotStarted}
{"logTime": "0808/162156", "correlationVector":"tUX44gcPTonJPHr5RCM/mh.3","action":"Commit.Sessions", "result":"Success", "context":{"id":"461415d9-9c33-4da1-8bc3-3ad144cfea69", "isDeleted":"true", "size":"0", "version":"1754669954877"}}
{"logTime": "0808/162258", "correlationVector":"kDlO1vxcezmFZaoTL1ZJHS","action":"Commit Request", "result":"", "context":Item count: 7
Contributing types: Sessions, History}
{"logTime": "0808/162259", "correlationVector":"kDlO1vxcezmFZaoTL1ZJHS.1","action":"SyncServerConnectionManagerRequest", "result":"SYNC_SERVER_OK", "context":{"environment":"Prod_francecentral_prod-s01-062-eur-francecentral", "migrationStage":"NotStarted", "server":"akswtt101000003"}}
{"logTime": "0808/162259", "correlationVector":"kDlO1vxcezmFZaoTL1ZJHS.2","action":"Commit Response", "result":"Success", "context":Result: Success. cV=kDlO1vxcezmFZaoTL1ZJHS.0;server=akswtt101000003;cloudType=Consumer;environment=Prod_francecentral_prod-s01-062-eur-francecentral;migrationStage=NotStarted}
{"logTime": "0808/162259", "correlationVector":"kDlO1vxcezmFZaoTL1ZJHS.3","action":"Commit.Sessions", "result":"Success", "context":{"id":"312c26ec-396c-463b-b15d-4c120ca6f7e5", "isDeleted":"true", "size":"0", "version":"1754670050404"}}
