2025-08-03 14:45:41.730: [INFO][Sync] Reset engine, reason: 8
2025-08-03 14:45:41.730: [INFO][Sync] Stopped: Bookmarks
2025-08-03 14:45:41.730: [INFO][Sync] Stopped: Preferences
2025-08-03 14:45:41.730: [INFO][Sync] Stopped: Passwords
2025-08-03 14:45:41.730: [INFO][Sync] Stopped: Autofill Profiles
2025-08-03 14:45:41.730: [INFO][Sync] Stopped: Autofill
2025-08-03 14:45:41.730: [INFO][Sync] Stopped: Extensions
2025-08-03 14:45:41.730: [INFO][Sync] Stopped: Sessions
2025-08-03 14:45:41.730: [INFO][Sync] Stopped: Extension settings
2025-08-03 14:45:41.730: [INFO][Sync] Stopped: History Delete Directives
2025-08-03 14:45:41.730: [INFO][Sync] Stopped: Device Info
2025-08-03 14:45:41.730: [INFO][Sync] Stopped: User Consents
2025-08-03 14:45:41.730: [INFO][Sync] Stopped: Send Tab To Self
2025-08-03 14:45:41.730: [INFO][Sync] Stopped: Web Apps
2025-08-03 14:45:41.730: [INFO][Sync] Stopped: History
2025-08-03 14:45:41.730: [INFO][Sync] Stopped: Saved Tab Group
2025-08-03 14:45:41.730: [INFO][Sync] Stopped: WebAuthn Credentials
2025-08-03 14:45:41.730: [INFO][Sync] Stopped: Collection
2025-08-03 14:45:41.730: [INFO][Sync] Stopped: Edge E Drop
2025-08-03 14:45:41.730: [INFO][Sync] Stopped: Edge Hub App Usage
2025-08-03 14:45:41.730: [INFO][Sync] Stopped: Edge Wallet
2025-08-03 14:45:41.730: [INFO][Sync] SyncState after authenticated was: NotSignedIn
2025-08-03 14:45:41.917: [INFO][Sync] Reset engine, reason: 8
2025-08-03 14:45:41.917: [INFO][Sync] Stopped: Bookmarks
2025-08-03 14:45:41.917: [INFO][Sync] Stopped: Preferences
2025-08-03 14:45:41.917: [INFO][Sync] Stopped: Passwords
2025-08-03 14:45:41.917: [INFO][Sync] Stopped: Autofill Profiles
2025-08-03 14:45:41.917: [INFO][Sync] Stopped: Autofill
2025-08-03 14:45:41.917: [INFO][Sync] Stopped: Extensions
2025-08-03 14:45:41.917: [INFO][Sync] Stopped: Sessions
2025-08-03 14:45:41.917: [INFO][Sync] Stopped: Extension settings
2025-08-03 14:45:41.917: [INFO][Sync] Stopped: History Delete Directives
2025-08-03 14:45:41.917: [INFO][Sync] Stopped: Device Info
2025-08-03 14:45:41.917: [INFO][Sync] Stopped: User Consents
2025-08-03 14:45:41.917: [INFO][Sync] Stopped: Send Tab To Self
2025-08-03 14:45:41.917: [INFO][Sync] Stopped: Web Apps
2025-08-03 14:45:41.917: [INFO][Sync] Stopped: History
2025-08-03 14:45:41.917: [INFO][Sync] Stopped: Saved Tab Group
2025-08-03 14:45:41.917: [INFO][Sync] Stopped: WebAuthn Credentials
2025-08-03 14:45:41.917: [INFO][Sync] Stopped: Collection
2025-08-03 14:45:41.917: [INFO][Sync] Stopped: Edge E Drop
2025-08-03 14:45:41.917: [INFO][Sync] Stopped: Edge Hub App Usage
2025-08-03 14:45:41.917: [INFO][Sync] Stopped: Edge Wallet
2025-08-03 14:45:43.047: [INFO][Sync] Try to start sync engine
2025-08-03 14:45:43.047: [INFO][SyncManagerImpl::NudgeForInitialDownload] Initial download nudge for Encryption Keys
2025-08-03 14:45:43.047: [INFO][SyncEngineBackend::LoadAndConnectNigoriController] Load and connect Nigori controller
2025-08-03 14:45:43.047: [INFO][SyncEngineBackend::DoInitialize] Control Types added: Encryption Keys
2025-08-03 14:45:43.047: [INFO][SyncManagerImpl::ConfigureSyncer] Types to download: Encryption Keys with reason: 3
2025-08-03 14:45:43.047: [INFO][SyncSchedulerImpl::DoConfigurationSyncCycleJob] Configure job was blocked
2025-08-03 14:45:43.080: [INFO][SyncAuthManager::SetLastAuthError] Current auth error: None
2025-08-03 14:45:43.080: [INFO][SyncAuthManager::EdgeLogTokenErrorState] Token error with: None for account type: MSA
2025-08-03 14:45:43.080: [INFO][Sync] Credentials changed for: EdgeSyncScopeNew
2025-08-03 14:45:43.723: [INFO][SyncAuthManager::SetLastAuthError] Current auth error: None
2025-08-03 14:45:43.723: [INFO][SyncAuthManager::EdgeLogTokenErrorState] Token error with: None for account type: MSA
2025-08-03 14:45:43.723: [INFO][Sync] Credentials changed for: EdgeSyncKeyDataScope
2025-08-03 14:45:43.723: [INFO][SyncEngineBackend::DoUpdateKeyDataCredentials] Update key data credentials
2025-08-03 14:45:43.723: [INFO][SyncEngineBackend::DoUpdateCredentials] Update credentials
2025-08-03 14:45:43.723: [INFO][SyncSchedulerImpl::DoConfigurationSyncCycleJob] Blocked types:  and types to download: Encryption Keys
2025-08-03 14:45:44.144: [INFO][Sync] Started DataTypeManager configuration, reason: 4
2025-08-03 14:45:44.144: [INFO][Sync] Configuring for: Bookmarks, Preferences, Passwords, Autofill Profiles, Autofill, Extensions, Sessions, Extension settings, History Delete Directives, Device Info, User Consents, Send Tab To Self, Web Apps, History, Saved Tab Group, WebAuthn Credentials, Collection, Edge E Drop, Edge Hub App Usage, Edge Wallet, Encryption Keys, reason: 3, current state: 0
2025-08-03 14:45:44.144: [WARN][Sync] Crypto error data types: Passwords, Autofill Profiles, Autofill
2025-08-03 14:45:44.144: [INFO][Sync] Configure, desired: Bookmarks, Preferences, Extensions, Sessions, Extension settings, History Delete Directives, Device Info, User Consents, Send Tab To Self, Web Apps, History, Saved Tab Group, WebAuthn Credentials, Collection, Edge E Drop, Edge Hub App Usage, Edge Wallet, Encryption Keys; Allow fail: Passwords, Autofill Profiles, Autofill
2025-08-03 14:45:44.144: [INFO][Sync] Loading: Bookmarks
2025-08-03 14:45:44.144: [INFO][Sync] Loading: Preferences
2025-08-03 14:45:44.144: [INFO][Sync] Loading: Extensions
2025-08-03 14:45:44.144: [INFO][Sync] Loading: Sessions
2025-08-03 14:45:44.144: [INFO][Sync] Loading: Extension settings
2025-08-03 14:45:44.144: [INFO][Sync] Loading: History Delete Directives
2025-08-03 14:45:44.144: [INFO][Sync] Loading: Device Info
2025-08-03 14:45:44.144: [INFO][Sync] Loading: User Consents
2025-08-03 14:45:44.144: [INFO][Sync] Loading: Send Tab To Self
2025-08-03 14:45:44.144: [INFO][Sync] Loading: Web Apps
2025-08-03 14:45:44.144: [INFO][Sync] Loading: History
2025-08-03 14:45:44.144: [INFO][Sync] Loading: Saved Tab Group
2025-08-03 14:45:44.145: [INFO][Sync] Loading: WebAuthn Credentials
2025-08-03 14:45:44.145: [INFO][Sync] Loading: Collection
2025-08-03 14:45:44.145: [INFO][Sync] Loading: Edge E Drop
2025-08-03 14:45:44.145: [INFO][Sync] Loading: Edge Hub App Usage
2025-08-03 14:45:44.145: [INFO][Sync] Loading: Edge Wallet
2025-08-03 14:45:44.145: [INFO][Sync] All data types are ready for configure.
2025-08-03 14:45:45.027: [INFO][Sync] Started DataTypeManager configuration, reason: 5
2025-08-03 14:45:45.027: [INFO][Sync] Configuring for: Bookmarks, Preferences, Passwords, Autofill Profiles, Autofill, Extensions, Sessions, Extension settings, History Delete Directives, Device Info, User Consents, Send Tab To Self, Web Apps, History, Saved Tab Group, WebAuthn Credentials, Collection, Edge E Drop, Edge Hub App Usage, Edge Wallet, Encryption Keys, reason: 5, current state: 1
2025-08-03 14:45:45.027: [INFO][SyncEngineBackend::DoStartConfiguration] Start configuration
2025-08-03 14:45:45.027: [INFO][SyncManagerImpl::NudgeForInitialDownload] Initial download nudge for Bookmarks
2025-08-03 14:45:45.027: [INFO][SyncManagerImpl::NudgeForInitialDownload] Initial download nudge for Preferences
2025-08-03 14:45:45.027: [INFO][SyncManagerImpl::NudgeForInitialDownload] Initial download nudge for Extensions
2025-08-03 14:45:45.027: [INFO][SyncManagerImpl::NudgeForInitialDownload] Initial download nudge for Sessions
2025-08-03 14:45:45.027: [INFO][SyncManagerImpl::NudgeForInitialDownload] Initial download nudge for Extension settings
2025-08-03 14:45:45.027: [INFO][SyncManagerImpl::NudgeForInitialDownload] Initial download nudge for History Delete Directives
2025-08-03 14:45:45.027: [INFO][SyncManagerImpl::NudgeForInitialDownload] Initial download nudge for Device Info
2025-08-03 14:45:45.027: [INFO][SyncManagerImpl::NudgeForInitialDownload] Initial download nudge for Send Tab To Self
2025-08-03 14:45:45.027: [INFO][SyncManagerImpl::NudgeForInitialDownload] Initial download nudge for Web Apps
2025-08-03 14:45:45.027: [INFO][SyncManagerImpl::NudgeForInitialDownload] Initial download nudge for History
2025-08-03 14:45:45.027: [INFO][SyncManagerImpl::NudgeForInitialDownload] Initial download nudge for Saved Tab Group
2025-08-03 14:45:45.027: [INFO][SyncManagerImpl::NudgeForInitialDownload] Initial download nudge for WebAuthn Credentials
2025-08-03 14:45:45.027: [INFO][SyncManagerImpl::NudgeForInitialDownload] Initial download nudge for Collection
2025-08-03 14:45:45.027: [INFO][SyncManagerImpl::NudgeForInitialDownload] Initial download nudge for Edge E Drop
2025-08-03 14:45:45.027: [INFO][SyncManagerImpl::NudgeForInitialDownload] Initial download nudge for Edge Hub App Usage
2025-08-03 14:45:45.027: [INFO][SyncManagerImpl::NudgeForInitialDownload] Initial download nudge for Edge Wallet
2025-08-03 14:45:45.027: [INFO][SyncManagerImpl::ConfigureSyncer] Types to download:  with reason: 3
2025-08-03 14:45:45.027: [INFO][SyncEngineBackend::DoFinishConfigureDataTypes] Failed to download types:  and succeeded types: 
2025-08-03 14:45:45.027: [INFO][Sync] ConfigurationDone, failed: , succeeded: , remaining count: 4
2025-08-03 14:45:45.027: [WARN][Sync]     Reconfigure requested while configuration ongoing.
2025-08-03 14:45:45.027: [INFO][Sync] Configuring for: Bookmarks, Preferences, Passwords, Autofill Profiles, Autofill, Extensions, Sessions, Extension settings, History Delete Directives, Device Info, User Consents, Send Tab To Self, Web Apps, History, Saved Tab Group, WebAuthn Credentials, Collection, Edge E Drop, Edge Hub App Usage, Edge Wallet, Encryption Keys, reason: 5, current state: 2
2025-08-03 14:45:45.027: [INFO][Sync] Configure, desired: Bookmarks, Preferences, Passwords, Autofill Profiles, Autofill, Extensions, Sessions, Extension settings, History Delete Directives, Device Info, User Consents, Send Tab To Self, Web Apps, History, Saved Tab Group, WebAuthn Credentials, Collection, Edge E Drop, Edge Hub App Usage, Edge Wallet, Encryption Keys; Allow fail: 
2025-08-03 14:45:45.027: [INFO][Sync] Loading: Passwords
2025-08-03 14:45:45.027: [INFO][Sync] Loading: Autofill Profiles
2025-08-03 14:45:45.027: [INFO][Sync] Loading: Autofill
2025-08-03 14:45:45.027: [INFO][Sync] All data types are ready for configure.
2025-08-03 14:45:45.027: [INFO][SyncManagerImpl::NudgeForInitialDownload] Initial download nudge for Passwords
2025-08-03 14:45:45.027: [INFO][SyncManagerImpl::NudgeForInitialDownload] Initial download nudge for Autofill Profiles
2025-08-03 14:45:45.027: [INFO][SyncManagerImpl::NudgeForInitialDownload] Initial download nudge for Autofill
2025-08-03 14:45:45.027: [INFO][SyncManagerImpl::ConfigureSyncer] Types to download:  with reason: 5
2025-08-03 14:45:45.027: [INFO][SyncEngineBackend::DoFinishConfigureDataTypes] Failed to download types:  and succeeded types: 
2025-08-03 14:45:45.028: [INFO][Sync] ConfigurationDone, failed: , succeeded: , remaining count: 4
2025-08-03 14:45:45.028: [INFO][Sync] Prepare to configure types: Preferences, Passwords, Device Info, Send Tab To Self, Edge E Drop, Encryption Keys
2025-08-03 14:45:45.028: [INFO][SyncManagerImpl::ConfigureSyncer] Types to download: Preferences, Passwords, Device Info, Send Tab To Self, Edge E Drop, Encryption Keys with reason: 5
2025-08-03 14:45:45.028: [INFO][SyncSchedulerImpl::DoConfigurationSyncCycleJob] Blocked types:  and types to download: Preferences, Passwords, Device Info, Send Tab To Self, Edge E Drop, Encryption Keys
2025-08-03 14:45:45.207: [INFO][SyncEngineBackend::DoFinishConfigureDataTypes] Failed to download types:  and succeeded types: Preferences, Passwords, Device Info, Send Tab To Self, Edge E Drop, Encryption Keys
2025-08-03 14:45:45.208: [INFO][Sync] ConfigurationDone, failed: , succeeded: Preferences, Passwords, Device Info, Send Tab To Self, Edge E Drop, Encryption Keys, remaining count: 3
2025-08-03 14:45:45.208: [INFO][Sync] Prepare to configure types: Bookmarks, Encryption Keys
2025-08-03 14:45:45.208: [INFO][SyncManagerImpl::ConfigureSyncer] Types to download: Bookmarks, Encryption Keys with reason: 5
2025-08-03 14:45:45.208: [INFO][SyncSchedulerImpl::DoConfigurationSyncCycleJob] Blocked types:  and types to download: Bookmarks, Encryption Keys
2025-08-03 14:45:45.678: [INFO][SyncEngineBackend::DoFinishConfigureDataTypes] Failed to download types:  and succeeded types: Bookmarks, Encryption Keys
2025-08-03 14:45:45.681: [INFO][Sync] ConfigurationDone, failed: , succeeded: Bookmarks, Encryption Keys, remaining count: 2
2025-08-03 14:45:45.681: [INFO][Sync] Prepare to configure types: Autofill Profiles, Autofill, Extensions, Sessions, Extension settings, History Delete Directives, Web Apps, Saved Tab Group, WebAuthn Credentials, Collection, Edge Hub App Usage, Edge Wallet, Encryption Keys
2025-08-03 14:45:45.681: [INFO][SyncManagerImpl::ConfigureSyncer] Types to download: Autofill Profiles, Autofill, Extensions, Sessions, Extension settings, History Delete Directives, Web Apps, Saved Tab Group, WebAuthn Credentials, Collection, Edge Hub App Usage, Edge Wallet, Encryption Keys with reason: 5
2025-08-03 14:45:45.681: [INFO][SyncSchedulerImpl::DoConfigurationSyncCycleJob] Blocked types:  and types to download: Autofill Profiles, Autofill, Extensions, Sessions, Extension settings, History Delete Directives, Web Apps, Saved Tab Group, WebAuthn Credentials, Collection, Edge Hub App Usage, Edge Wallet, Encryption Keys
2025-08-03 14:45:45.989: [INFO][SyncEngineBackend::DoFinishConfigureDataTypes] Failed to download types:  and succeeded types: Autofill Profiles, Autofill, Extensions, Sessions, Extension settings, History Delete Directives, Web Apps, Saved Tab Group, WebAuthn Credentials, Collection, Edge Hub App Usage, Edge Wallet, Encryption Keys
2025-08-03 14:45:45.990: [INFO][Sync] ConfigurationDone, failed: , succeeded: Autofill Profiles, Autofill, Extensions, Sessions, Extension settings, History Delete Directives, Web Apps, Saved Tab Group, WebAuthn Credentials, Collection, Edge Hub App Usage, Edge Wallet, Encryption Keys, remaining count: 1
2025-08-03 14:45:45.991: [INFO][Sync] Prepare to configure types: History, Encryption Keys
2025-08-03 14:45:45.991: [INFO][SyncManagerImpl::ConfigureSyncer] Types to download: History, Encryption Keys with reason: 5
2025-08-03 14:45:45.991: [INFO][SyncSchedulerImpl::DoConfigurationSyncCycleJob] Blocked types:  and types to download: History, Encryption Keys
2025-08-03 14:45:46.506: [INFO][SyncEngineBackend::DoFinishConfigureDataTypes] Failed to download types:  and succeeded types: History, Encryption Keys
2025-08-03 14:45:46.507: [INFO][Sync] ConfigurationDone, failed: , succeeded: History, Encryption Keys, remaining count: 0
2025-08-03 14:45:46.508: [INFO][Sync]     Configuration completed, state: 7
2025-08-03 14:45:46.508: [INFO][Sync] Configured DataTypeManager: Ok
2025-08-03 14:45:46.510: [INFO][SyncEngineBackend::DoStartSyncing] Start syncing
2025-08-03 14:56:43.874: [INFO][Sync] Reset engine, reason: 0
2025-08-03 14:56:43.874: [INFO][Sync] Reset engine with reason: 0
2025-08-03 14:57:09.970: [INFO][Sync] SyncState after authenticated was: FeatureCanStart
2025-08-03 14:57:10.395: [INFO][Sync] Try to start sync engine
2025-08-03 14:57:10.396: [INFO][SyncManagerImpl::NudgeForInitialDownload] Initial download nudge for Encryption Keys
2025-08-03 14:57:10.396: [INFO][SyncEngineBackend::LoadAndConnectNigoriController] Load and connect Nigori controller
2025-08-03 14:57:10.396: [INFO][SyncEngineBackend::DoInitialize] Control Types added: Encryption Keys
2025-08-03 14:57:10.396: [INFO][SyncManagerImpl::ConfigureSyncer] Types to download: Encryption Keys with reason: 3
2025-08-03 14:57:10.396: [INFO][SyncSchedulerImpl::DoConfigurationSyncCycleJob] Configure job was blocked
2025-08-03 14:57:10.425: [INFO][SyncAuthManager::SetLastAuthError] Current auth error: None
2025-08-03 14:57:10.425: [INFO][SyncAuthManager::EdgeLogTokenErrorState] Token error with: None for account type: MSA
2025-08-03 14:57:10.425: [INFO][Sync] Credentials changed for: EdgeSyncScopeNew
2025-08-03 14:57:12.300: [INFO][SyncAuthManager::SetLastAuthError] Current auth error: None
2025-08-03 14:57:12.300: [INFO][SyncAuthManager::EdgeLogTokenErrorState] Token error with: None for account type: MSA
2025-08-03 14:57:12.300: [INFO][Sync] Credentials changed for: EdgeSyncKeyDataScope
2025-08-03 14:57:12.300: [INFO][SyncEngineBackend::DoUpdateKeyDataCredentials] Update key data credentials
2025-08-03 14:57:12.300: [INFO][SyncEngineBackend::DoUpdateCredentials] Update credentials
2025-08-03 14:57:12.300: [INFO][SyncSchedulerImpl::DoConfigurationSyncCycleJob] Blocked types:  and types to download: Encryption Keys
2025-08-03 14:57:13.124: [INFO][Sync] Started DataTypeManager configuration, reason: 4
2025-08-03 14:57:13.124: [INFO][Sync] Configuring for: Bookmarks, Preferences, Passwords, Autofill Profiles, Autofill, Extensions, Sessions, Extension settings, History Delete Directives, Device Info, User Consents, Send Tab To Self, Web Apps, History, Saved Tab Group, WebAuthn Credentials, Collection, Edge E Drop, Edge Hub App Usage, Edge Wallet, Encryption Keys, reason: 4, current state: 0
2025-08-03 14:57:13.124: [WARN][Sync] Crypto error data types: Passwords, Autofill Profiles, Autofill
2025-08-03 14:57:13.124: [INFO][Sync] Configure, desired: Bookmarks, Preferences, Extensions, Sessions, Extension settings, History Delete Directives, Device Info, User Consents, Send Tab To Self, Web Apps, History, Saved Tab Group, WebAuthn Credentials, Collection, Edge E Drop, Edge Hub App Usage, Edge Wallet, Encryption Keys; Allow fail: Passwords, Autofill Profiles, Autofill
2025-08-03 14:57:13.125: [INFO][Sync] Loading: Bookmarks
2025-08-03 14:57:13.125: [INFO][Sync] Loading: Preferences
2025-08-03 14:57:13.125: [INFO][Sync] Loading: Extensions
2025-08-03 14:57:13.125: [INFO][Sync] Loading: Sessions
2025-08-03 14:57:13.125: [INFO][Sync] Loading: Extension settings
2025-08-03 14:57:13.125: [INFO][Sync] Loading: History Delete Directives
2025-08-03 14:57:13.125: [INFO][Sync] Loading: Device Info
2025-08-03 14:57:13.125: [INFO][Sync] Loading: User Consents
2025-08-03 14:57:13.125: [INFO][Sync] Loading: Send Tab To Self
2025-08-03 14:57:13.125: [INFO][Sync] Loading: Web Apps
2025-08-03 14:57:13.125: [INFO][Sync] Loading: History
2025-08-03 14:57:13.125: [INFO][Sync] Loading: Saved Tab Group
2025-08-03 14:57:13.125: [INFO][Sync] Loading: WebAuthn Credentials
2025-08-03 14:57:13.125: [INFO][Sync] Loading: Collection
2025-08-03 14:57:13.125: [INFO][Sync] Loading: Edge E Drop
2025-08-03 14:57:13.125: [INFO][Sync] Loading: Edge Hub App Usage
2025-08-03 14:57:13.125: [INFO][Sync] Loading: Edge Wallet
2025-08-03 14:57:13.127: [INFO][Sync] All data types are ready for configure.
2025-08-03 14:57:13.862: [INFO][Sync] Started DataTypeManager configuration, reason: 5
2025-08-03 14:57:13.862: [INFO][Sync] Configuring for: Bookmarks, Preferences, Passwords, Autofill Profiles, Autofill, Extensions, Sessions, Extension settings, History Delete Directives, Device Info, User Consents, Send Tab To Self, Web Apps, History, Saved Tab Group, WebAuthn Credentials, Collection, Edge E Drop, Edge Hub App Usage, Edge Wallet, Encryption Keys, reason: 5, current state: 1
2025-08-03 14:57:13.862: [INFO][SyncEngineBackend::DoStartConfiguration] Start configuration
2025-08-03 14:57:13.862: [INFO][SyncManagerImpl::ConfigureSyncer] Types to download:  with reason: 4
2025-08-03 14:57:13.862: [INFO][SyncEngineBackend::DoFinishConfigureDataTypes] Failed to download types:  and succeeded types: 
2025-08-03 14:57:13.862: [INFO][Sync] ConfigurationDone, failed: , succeeded: , remaining count: 4
2025-08-03 14:57:13.862: [WARN][Sync]     Reconfigure requested while configuration ongoing.
2025-08-03 14:57:13.862: [INFO][Sync] Configuring for: Bookmarks, Preferences, Passwords, Autofill Profiles, Autofill, Extensions, Sessions, Extension settings, History Delete Directives, Device Info, User Consents, Send Tab To Self, Web Apps, History, Saved Tab Group, WebAuthn Credentials, Collection, Edge E Drop, Edge Hub App Usage, Edge Wallet, Encryption Keys, reason: 5, current state: 2
2025-08-03 14:57:13.863: [INFO][Sync] Configure, desired: Bookmarks, Preferences, Passwords, Autofill Profiles, Autofill, Extensions, Sessions, Extension settings, History Delete Directives, Device Info, User Consents, Send Tab To Self, Web Apps, History, Saved Tab Group, WebAuthn Credentials, Collection, Edge E Drop, Edge Hub App Usage, Edge Wallet, Encryption Keys; Allow fail: 
2025-08-03 14:57:13.863: [INFO][Sync] Loading: Passwords
2025-08-03 14:57:13.863: [INFO][Sync] Loading: Autofill Profiles
2025-08-03 14:57:13.863: [INFO][Sync] Loading: Autofill
2025-08-03 14:57:13.863: [INFO][Sync] All data types are ready for configure.
2025-08-03 14:57:13.863: [INFO][SyncManagerImpl::NudgeForInitialDownload] Initial download nudge for Passwords
2025-08-03 14:57:13.863: [INFO][SyncManagerImpl::ConfigureSyncer] Types to download:  with reason: 5
2025-08-03 14:57:13.863: [INFO][SyncEngineBackend::DoFinishConfigureDataTypes] Failed to download types:  and succeeded types: 
2025-08-03 14:57:13.863: [INFO][Sync] ConfigurationDone, failed: , succeeded: , remaining count: 4
2025-08-03 14:57:13.863: [INFO][Sync] Prepare to configure types: Passwords, Encryption Keys
2025-08-03 14:57:13.863: [INFO][SyncManagerImpl::ConfigureSyncer] Types to download: Passwords, Encryption Keys with reason: 5
2025-08-03 14:57:13.863: [INFO][SyncSchedulerImpl::DoConfigurationSyncCycleJob] Blocked types:  and types to download: Passwords, Encryption Keys
2025-08-03 14:57:14.080: [INFO][SyncEngineBackend::DoFinishConfigureDataTypes] Failed to download types:  and succeeded types: Passwords, Encryption Keys
2025-08-03 14:57:14.081: [INFO][Sync] ConfigurationDone, failed: , succeeded: Passwords, Encryption Keys, remaining count: 3
2025-08-03 14:57:14.081: [INFO][SyncManagerImpl::ConfigureSyncer] Types to download:  with reason: 5
2025-08-03 14:57:14.081: [INFO][SyncEngineBackend::DoFinishConfigureDataTypes] Failed to download types:  and succeeded types: 
2025-08-03 14:57:14.082: [INFO][Sync] ConfigurationDone, failed: , succeeded: , remaining count: 2
2025-08-03 14:57:14.082: [INFO][SyncManagerImpl::ConfigureSyncer] Types to download:  with reason: 5
2025-08-03 14:57:14.082: [INFO][SyncEngineBackend::DoFinishConfigureDataTypes] Failed to download types:  and succeeded types: 
2025-08-03 14:57:14.084: [INFO][Sync] ConfigurationDone, failed: , succeeded: , remaining count: 1
2025-08-03 14:57:14.085: [INFO][SyncManagerImpl::ConfigureSyncer] Types to download:  with reason: 5
2025-08-03 14:57:14.085: [INFO][SyncEngineBackend::DoFinishConfigureDataTypes] Failed to download types:  and succeeded types: 
2025-08-03 14:57:14.085: [INFO][Sync] ConfigurationDone, failed: , succeeded: , remaining count: 0
2025-08-03 14:57:14.086: [INFO][Sync]     Configuration completed, state: 7
2025-08-03 14:57:14.086: [INFO][Sync] Configured DataTypeManager: Ok
2025-08-03 14:57:14.087: [INFO][SyncEngineBackend::DoStartSyncing] Start syncing
2025-08-03 15:18:21.878: [INFO][Sync] Reset engine, reason: 0
2025-08-03 15:18:21.878: [INFO][Sync] Reset engine with reason: 0
2025-08-03 15:45:45.293: [INFO][Sync] SyncState after authenticated was: FeatureCanStart
2025-08-03 15:45:45.622: [INFO][Sync] Try to start sync engine
2025-08-03 15:45:45.622: [INFO][SyncManagerImpl::NudgeForInitialDownload] Initial download nudge for Encryption Keys
2025-08-03 15:45:45.622: [INFO][SyncEngineBackend::LoadAndConnectNigoriController] Load and connect Nigori controller
2025-08-03 15:45:45.622: [INFO][SyncEngineBackend::DoInitialize] Control Types added: Encryption Keys
2025-08-03 15:45:45.622: [INFO][SyncManagerImpl::ConfigureSyncer] Types to download: Encryption Keys with reason: 3
2025-08-03 15:45:45.622: [INFO][SyncSchedulerImpl::DoConfigurationSyncCycleJob] Configure job was blocked
2025-08-03 15:45:45.709: [INFO][SyncAuthManager::SetLastAuthError] Current auth error: None
2025-08-03 15:45:45.709: [INFO][SyncAuthManager::EdgeLogTokenErrorState] Token error with: None for account type: MSA
2025-08-03 15:45:45.709: [INFO][Sync] Credentials changed for: EdgeSyncScopeNew
2025-08-03 15:45:47.027: [INFO][SyncAuthManager::SetLastAuthError] Current auth error: None
2025-08-03 15:45:47.027: [INFO][SyncAuthManager::EdgeLogTokenErrorState] Token error with: None for account type: MSA
2025-08-03 15:45:47.027: [INFO][Sync] Credentials changed for: EdgeSyncKeyDataScope
2025-08-03 15:45:47.027: [INFO][SyncEngineBackend::DoUpdateKeyDataCredentials] Update key data credentials
2025-08-03 15:45:47.027: [INFO][SyncEngineBackend::DoUpdateCredentials] Update credentials
2025-08-03 15:45:47.027: [INFO][SyncSchedulerImpl::DoConfigurationSyncCycleJob] Blocked types:  and types to download: Encryption Keys
2025-08-03 15:45:47.375: [INFO][Sync] Started DataTypeManager configuration, reason: 4
2025-08-03 15:45:47.375: [INFO][Sync] Configuring for: Bookmarks, Preferences, Passwords, Autofill Profiles, Autofill, Extensions, Sessions, Extension settings, History Delete Directives, Device Info, User Consents, Send Tab To Self, Web Apps, History, Saved Tab Group, WebAuthn Credentials, Collection, Edge E Drop, Edge Hub App Usage, Edge Wallet, Encryption Keys, reason: 4, current state: 0
2025-08-03 15:45:47.375: [WARN][Sync] Crypto error data types: Passwords, Autofill Profiles, Autofill
2025-08-03 15:45:47.376: [INFO][Sync] Configure, desired: Bookmarks, Preferences, Extensions, Sessions, Extension settings, History Delete Directives, Device Info, User Consents, Send Tab To Self, Web Apps, History, Saved Tab Group, WebAuthn Credentials, Collection, Edge E Drop, Edge Hub App Usage, Edge Wallet, Encryption Keys; Allow fail: Passwords, Autofill Profiles, Autofill
2025-08-03 15:45:47.376: [INFO][Sync] Loading: Bookmarks
2025-08-03 15:45:47.376: [INFO][Sync] Loading: Preferences
2025-08-03 15:45:47.376: [INFO][Sync] Loading: Extensions
2025-08-03 15:45:47.376: [INFO][Sync] Loading: Sessions
2025-08-03 15:45:47.376: [INFO][Sync] Loading: Extension settings
2025-08-03 15:45:47.376: [INFO][Sync] Loading: History Delete Directives
2025-08-03 15:45:47.376: [INFO][Sync] Loading: Device Info
2025-08-03 15:45:47.376: [INFO][Sync] Loading: User Consents
2025-08-03 15:45:47.376: [INFO][Sync] Loading: Send Tab To Self
2025-08-03 15:45:47.376: [INFO][Sync] Loading: Web Apps
2025-08-03 15:45:47.376: [INFO][Sync] Loading: History
2025-08-03 15:45:47.376: [INFO][Sync] Loading: Saved Tab Group
2025-08-03 15:45:47.376: [INFO][Sync] Loading: WebAuthn Credentials
2025-08-03 15:45:47.376: [INFO][Sync] Loading: Collection
2025-08-03 15:45:47.376: [INFO][Sync] Loading: Edge E Drop
2025-08-03 15:45:47.376: [INFO][Sync] Loading: Edge Hub App Usage
2025-08-03 15:45:47.376: [INFO][Sync] Loading: Edge Wallet
2025-08-03 15:45:47.382: [INFO][Sync] All data types are ready for configure.
2025-08-03 15:45:48.047: [INFO][SyncEngineBackend::DoStartConfiguration] Start configuration
2025-08-03 15:45:48.047: [INFO][SyncManagerImpl::ConfigureSyncer] Types to download:  with reason: 4
2025-08-03 15:45:48.047: [INFO][SyncEngineBackend::DoFinishConfigureDataTypes] Failed to download types:  and succeeded types: 
2025-08-03 15:45:48.048: [INFO][Sync] Started DataTypeManager configuration, reason: 5
2025-08-03 15:45:48.048: [INFO][Sync] Configuring for: Bookmarks, Preferences, Passwords, Autofill Profiles, Autofill, Extensions, Sessions, Extension settings, History Delete Directives, Device Info, User Consents, Send Tab To Self, Web Apps, History, Saved Tab Group, WebAuthn Credentials, Collection, Edge E Drop, Edge Hub App Usage, Edge Wallet, Encryption Keys, reason: 5, current state: 1
2025-08-03 15:45:48.049: [INFO][Sync] ConfigurationDone, failed: , succeeded: , remaining count: 4
2025-08-03 15:45:48.049: [WARN][Sync]     Reconfigure requested while configuration ongoing.
2025-08-03 15:45:48.049: [INFO][Sync] Configuring for: Bookmarks, Preferences, Passwords, Autofill Profiles, Autofill, Extensions, Sessions, Extension settings, History Delete Directives, Device Info, User Consents, Send Tab To Self, Web Apps, History, Saved Tab Group, WebAuthn Credentials, Collection, Edge E Drop, Edge Hub App Usage, Edge Wallet, Encryption Keys, reason: 5, current state: 2
2025-08-03 15:45:48.049: [INFO][Sync] Configure, desired: Bookmarks, Preferences, Passwords, Autofill Profiles, Autofill, Extensions, Sessions, Extension settings, History Delete Directives, Device Info, User Consents, Send Tab To Self, Web Apps, History, Saved Tab Group, WebAuthn Credentials, Collection, Edge E Drop, Edge Hub App Usage, Edge Wallet, Encryption Keys; Allow fail: 
2025-08-03 15:45:48.049: [INFO][Sync] Loading: Passwords
2025-08-03 15:45:48.049: [INFO][Sync] Loading: Autofill Profiles
2025-08-03 15:45:48.049: [INFO][Sync] Loading: Autofill
2025-08-03 15:45:48.050: [INFO][Sync] All data types are ready for configure.
2025-08-03 15:45:48.050: [INFO][SyncManagerImpl::NudgeForInitialDownload] Initial download nudge for Passwords
2025-08-03 15:45:48.050: [INFO][SyncManagerImpl::ConfigureSyncer] Types to download:  with reason: 5
2025-08-03 15:45:48.050: [INFO][SyncEngineBackend::DoFinishConfigureDataTypes] Failed to download types:  and succeeded types: 
2025-08-03 15:45:48.050: [INFO][Sync] ConfigurationDone, failed: , succeeded: , remaining count: 4
2025-08-03 15:45:48.050: [INFO][Sync] Prepare to configure types: Passwords, Encryption Keys
2025-08-03 15:45:48.050: [INFO][SyncManagerImpl::ConfigureSyncer] Types to download: Passwords, Encryption Keys with reason: 5
2025-08-03 15:45:48.050: [INFO][SyncSchedulerImpl::DoConfigurationSyncCycleJob] Blocked types:  and types to download: Passwords, Encryption Keys
2025-08-03 15:45:48.178: [INFO][SyncEngineBackend::DoFinishConfigureDataTypes] Failed to download types:  and succeeded types: Passwords, Encryption Keys
2025-08-03 15:45:48.178: [INFO][Sync] ConfigurationDone, failed: , succeeded: Passwords, Encryption Keys, remaining count: 3
2025-08-03 15:45:48.179: [INFO][SyncManagerImpl::ConfigureSyncer] Types to download:  with reason: 5
2025-08-03 15:45:48.179: [INFO][SyncEngineBackend::DoFinishConfigureDataTypes] Failed to download types:  and succeeded types: 
2025-08-03 15:45:48.179: [INFO][Sync] ConfigurationDone, failed: , succeeded: , remaining count: 2
2025-08-03 15:45:48.179: [INFO][SyncManagerImpl::ConfigureSyncer] Types to download:  with reason: 5
2025-08-03 15:45:48.179: [INFO][SyncEngineBackend::DoFinishConfigureDataTypes] Failed to download types:  and succeeded types: 
2025-08-03 15:45:48.181: [INFO][Sync] ConfigurationDone, failed: , succeeded: , remaining count: 1
2025-08-03 15:45:48.182: [INFO][SyncManagerImpl::ConfigureSyncer] Types to download:  with reason: 5
2025-08-03 15:45:48.182: [INFO][SyncEngineBackend::DoFinishConfigureDataTypes] Failed to download types:  and succeeded types: 
2025-08-03 15:45:48.182: [INFO][Sync] ConfigurationDone, failed: , succeeded: , remaining count: 0
2025-08-03 15:45:48.183: [INFO][Sync]     Configuration completed, state: 7
2025-08-03 15:45:48.183: [INFO][Sync] Configured DataTypeManager: Ok
2025-08-03 15:45:48.184: [INFO][SyncEngineBackend::DoStartSyncing] Start syncing
2025-08-03 16:00:27.637: [INFO][Sync] Reset engine, reason: 0
2025-08-03 16:00:27.637: [INFO][Sync] Reset engine with reason: 0
2025-08-03 16:01:04.119: [INFO][Sync] SyncState after authenticated was: FeatureCanStart
2025-08-03 16:01:04.481: [INFO][Sync] Try to start sync engine
2025-08-03 16:01:04.482: [INFO][SyncManagerImpl::NudgeForInitialDownload] Initial download nudge for Encryption Keys
2025-08-03 16:01:04.482: [INFO][SyncEngineBackend::LoadAndConnectNigoriController] Load and connect Nigori controller
2025-08-03 16:01:04.482: [INFO][SyncEngineBackend::DoInitialize] Control Types added: Encryption Keys
2025-08-03 16:01:04.482: [INFO][SyncManagerImpl::ConfigureSyncer] Types to download: Encryption Keys with reason: 3
2025-08-03 16:01:04.482: [INFO][SyncSchedulerImpl::DoConfigurationSyncCycleJob] Configure job was blocked
2025-08-03 16:01:04.503: [INFO][SyncAuthManager::SetLastAuthError] Current auth error: None
2025-08-03 16:01:04.503: [INFO][SyncAuthManager::EdgeLogTokenErrorState] Token error with: None for account type: MSA
2025-08-03 16:01:04.503: [INFO][Sync] Credentials changed for: EdgeSyncScopeNew
2025-08-03 16:01:06.684: [INFO][SyncAuthManager::SetLastAuthError] Current auth error: None
2025-08-03 16:01:06.684: [INFO][SyncAuthManager::EdgeLogTokenErrorState] Token error with: None for account type: MSA
2025-08-03 16:01:06.684: [INFO][Sync] Credentials changed for: EdgeSyncKeyDataScope
2025-08-03 16:01:06.684: [INFO][SyncEngineBackend::DoUpdateKeyDataCredentials] Update key data credentials
2025-08-03 16:01:06.684: [INFO][SyncEngineBackend::DoUpdateCredentials] Update credentials
2025-08-03 16:01:06.684: [INFO][SyncSchedulerImpl::DoConfigurationSyncCycleJob] Blocked types:  and types to download: Encryption Keys
2025-08-03 16:01:07.213: [INFO][Sync] Started DataTypeManager configuration, reason: 4
2025-08-03 16:01:07.214: [INFO][Sync] Configuring for: Bookmarks, Preferences, Passwords, Autofill Profiles, Autofill, Extensions, Sessions, Extension settings, History Delete Directives, Device Info, User Consents, Send Tab To Self, Web Apps, History, Saved Tab Group, WebAuthn Credentials, Collection, Edge E Drop, Edge Hub App Usage, Edge Wallet, Encryption Keys, reason: 4, current state: 0
2025-08-03 16:01:07.214: [WARN][Sync] Crypto error data types: Passwords, Autofill Profiles, Autofill
2025-08-03 16:01:07.215: [INFO][Sync] Configure, desired: Bookmarks, Preferences, Extensions, Sessions, Extension settings, History Delete Directives, Device Info, User Consents, Send Tab To Self, Web Apps, History, Saved Tab Group, WebAuthn Credentials, Collection, Edge E Drop, Edge Hub App Usage, Edge Wallet, Encryption Keys; Allow fail: Passwords, Autofill Profiles, Autofill
2025-08-03 16:01:07.215: [INFO][Sync] Loading: Bookmarks
2025-08-03 16:01:07.215: [INFO][Sync] Loading: Preferences
2025-08-03 16:01:07.215: [INFO][Sync] Loading: Extensions
2025-08-03 16:01:07.215: [INFO][Sync] Loading: Sessions
2025-08-03 16:01:07.215: [INFO][Sync] Loading: Extension settings
2025-08-03 16:01:07.215: [INFO][Sync] Loading: History Delete Directives
2025-08-03 16:01:07.216: [INFO][Sync] Loading: Device Info
2025-08-03 16:01:07.216: [INFO][Sync] Loading: User Consents
2025-08-03 16:01:07.216: [INFO][Sync] Loading: Send Tab To Self
2025-08-03 16:01:07.216: [INFO][Sync] Loading: Web Apps
2025-08-03 16:01:07.216: [INFO][Sync] Loading: History
2025-08-03 16:01:07.216: [INFO][Sync] Loading: Saved Tab Group
2025-08-03 16:01:07.216: [INFO][Sync] Loading: WebAuthn Credentials
2025-08-03 16:01:07.216: [INFO][Sync] Loading: Collection
2025-08-03 16:01:07.216: [INFO][Sync] Loading: Edge E Drop
2025-08-03 16:01:07.216: [INFO][Sync] Loading: Edge Hub App Usage
2025-08-03 16:01:07.216: [INFO][Sync] Loading: Edge Wallet
2025-08-03 16:01:07.222: [INFO][Sync] All data types are ready for configure.
2025-08-03 16:01:07.918: [INFO][SyncEngineBackend::DoStartConfiguration] Start configuration
2025-08-03 16:01:07.918: [INFO][SyncManagerImpl::ConfigureSyncer] Types to download:  with reason: 4
2025-08-03 16:01:07.918: [INFO][SyncEngineBackend::DoFinishConfigureDataTypes] Failed to download types:  and succeeded types: 
2025-08-03 16:01:07.918: [INFO][Sync] Started DataTypeManager configuration, reason: 5
2025-08-03 16:01:07.918: [INFO][Sync] Configuring for: Bookmarks, Preferences, Passwords, Autofill Profiles, Autofill, Extensions, Sessions, Extension settings, History Delete Directives, Device Info, User Consents, Send Tab To Self, Web Apps, History, Saved Tab Group, WebAuthn Credentials, Collection, Edge E Drop, Edge Hub App Usage, Edge Wallet, Encryption Keys, reason: 5, current state: 1
2025-08-03 16:01:07.919: [INFO][Sync] ConfigurationDone, failed: , succeeded: , remaining count: 4
2025-08-03 16:01:07.919: [WARN][Sync]     Reconfigure requested while configuration ongoing.
2025-08-03 16:01:07.919: [INFO][Sync] Configuring for: Bookmarks, Preferences, Passwords, Autofill Profiles, Autofill, Extensions, Sessions, Extension settings, History Delete Directives, Device Info, User Consents, Send Tab To Self, Web Apps, History, Saved Tab Group, WebAuthn Credentials, Collection, Edge E Drop, Edge Hub App Usage, Edge Wallet, Encryption Keys, reason: 5, current state: 2
2025-08-03 16:01:07.919: [INFO][Sync] Configure, desired: Bookmarks, Preferences, Passwords, Autofill Profiles, Autofill, Extensions, Sessions, Extension settings, History Delete Directives, Device Info, User Consents, Send Tab To Self, Web Apps, History, Saved Tab Group, WebAuthn Credentials, Collection, Edge E Drop, Edge Hub App Usage, Edge Wallet, Encryption Keys; Allow fail: 
2025-08-03 16:01:07.919: [INFO][Sync] Loading: Passwords
2025-08-03 16:01:07.919: [INFO][Sync] Loading: Autofill Profiles
2025-08-03 16:01:07.919: [INFO][Sync] Loading: Autofill
2025-08-03 16:01:07.919: [INFO][Sync] All data types are ready for configure.
2025-08-03 16:01:07.919: [INFO][SyncManagerImpl::NudgeForInitialDownload] Initial download nudge for Passwords
2025-08-03 16:01:07.919: [INFO][SyncManagerImpl::ConfigureSyncer] Types to download:  with reason: 5
2025-08-03 16:01:07.919: [INFO][SyncEngineBackend::DoFinishConfigureDataTypes] Failed to download types:  and succeeded types: 
2025-08-03 16:01:07.920: [INFO][Sync] ConfigurationDone, failed: , succeeded: , remaining count: 4
2025-08-03 16:01:07.920: [INFO][Sync] Prepare to configure types: Passwords, Encryption Keys
2025-08-03 16:01:07.920: [INFO][SyncManagerImpl::ConfigureSyncer] Types to download: Passwords, Encryption Keys with reason: 5
2025-08-03 16:01:07.920: [INFO][SyncSchedulerImpl::DoConfigurationSyncCycleJob] Blocked types:  and types to download: Passwords, Encryption Keys
2025-08-03 16:01:08.195: [INFO][SyncEngineBackend::DoFinishConfigureDataTypes] Failed to download types:  and succeeded types: Passwords, Encryption Keys
2025-08-03 16:01:08.196: [INFO][Sync] ConfigurationDone, failed: , succeeded: Passwords, Encryption Keys, remaining count: 3
2025-08-03 16:01:08.196: [INFO][SyncManagerImpl::ConfigureSyncer] Types to download:  with reason: 5
2025-08-03 16:01:08.196: [INFO][SyncEngineBackend::DoFinishConfigureDataTypes] Failed to download types:  and succeeded types: 
2025-08-03 16:01:08.196: [INFO][Sync] ConfigurationDone, failed: , succeeded: , remaining count: 2
2025-08-03 16:01:08.196: [INFO][SyncManagerImpl::ConfigureSyncer] Types to download:  with reason: 5
2025-08-03 16:01:08.196: [INFO][SyncEngineBackend::DoFinishConfigureDataTypes] Failed to download types:  and succeeded types: 
2025-08-03 16:01:08.199: [INFO][Sync] ConfigurationDone, failed: , succeeded: , remaining count: 1
2025-08-03 16:01:08.200: [INFO][SyncManagerImpl::ConfigureSyncer] Types to download:  with reason: 5
2025-08-03 16:01:08.200: [INFO][SyncEngineBackend::DoFinishConfigureDataTypes] Failed to download types:  and succeeded types: 
2025-08-03 16:01:08.200: [INFO][Sync] ConfigurationDone, failed: , succeeded: , remaining count: 0
2025-08-03 16:01:08.201: [INFO][Sync]     Configuration completed, state: 7
2025-08-03 16:01:08.201: [INFO][Sync] Configured DataTypeManager: Ok
2025-08-03 16:01:08.202: [INFO][SyncEngineBackend::DoStartSyncing] Start syncing
2025-08-03 17:10:35.019: [INFO][Sync] Reset engine, reason: 0
2025-08-03 17:10:35.019: [INFO][Sync] Reset engine with reason: 0
2025-08-04 17:40:48.584: [INFO][Sync] SyncState after authenticated was: FeatureCanStart
2025-08-04 17:40:48.857: [INFO][Sync] Try to start sync engine
2025-08-04 17:40:48.858: [INFO][SyncManagerImpl::NudgeForInitialDownload] Initial download nudge for Encryption Keys
2025-08-04 17:40:48.858: [INFO][SyncEngineBackend::LoadAndConnectNigoriController] Load and connect Nigori controller
2025-08-04 17:40:48.858: [INFO][SyncEngineBackend::DoInitialize] Control Types added: Encryption Keys
2025-08-04 17:40:48.858: [INFO][SyncManagerImpl::ConfigureSyncer] Types to download: Encryption Keys with reason: 3
2025-08-04 17:40:48.858: [INFO][SyncSchedulerImpl::DoConfigurationSyncCycleJob] Configure job was blocked
2025-08-04 17:40:48.890: [INFO][SyncAuthManager::SetLastAuthError] Current auth error: None
2025-08-04 17:40:48.890: [INFO][SyncAuthManager::EdgeLogTokenErrorState] Token error with: None for account type: MSA
2025-08-04 17:40:48.890: [INFO][Sync] Credentials changed for: EdgeSyncScopeNew
2025-08-04 17:40:50.124: [INFO][SyncAuthManager::SetLastAuthError] Current auth error: None
2025-08-04 17:40:50.124: [INFO][SyncAuthManager::EdgeLogTokenErrorState] Token error with: None for account type: MSA
2025-08-04 17:40:50.124: [INFO][Sync] Credentials changed for: EdgeSyncKeyDataScope
2025-08-04 17:40:50.125: [INFO][SyncEngineBackend::DoUpdateKeyDataCredentials] Update key data credentials
2025-08-04 17:40:50.125: [INFO][SyncEngineBackend::DoUpdateCredentials] Update credentials
2025-08-04 17:40:50.125: [INFO][SyncSchedulerImpl::DoConfigurationSyncCycleJob] Blocked types:  and types to download: Encryption Keys
2025-08-04 17:40:50.704: [INFO][Sync] Started DataTypeManager configuration, reason: 4
2025-08-04 17:40:50.704: [INFO][Sync] Configuring for: Bookmarks, Preferences, Passwords, Autofill Profiles, Autofill, Extensions, Sessions, Extension settings, History Delete Directives, Device Info, User Consents, Send Tab To Self, Web Apps, History, Saved Tab Group, WebAuthn Credentials, Collection, Edge E Drop, Edge Hub App Usage, Edge Wallet, Encryption Keys, reason: 4, current state: 0
2025-08-04 17:40:50.704: [WARN][Sync] Crypto error data types: Passwords, Autofill Profiles, Autofill
2025-08-04 17:40:50.705: [INFO][Sync] Configure, desired: Bookmarks, Preferences, Extensions, Sessions, Extension settings, History Delete Directives, Device Info, User Consents, Send Tab To Self, Web Apps, History, Saved Tab Group, WebAuthn Credentials, Collection, Edge E Drop, Edge Hub App Usage, Edge Wallet, Encryption Keys; Allow fail: Passwords, Autofill Profiles, Autofill
2025-08-04 17:40:50.705: [INFO][Sync] Loading: Bookmarks
2025-08-04 17:40:50.705: [INFO][Sync] Loading: Preferences
2025-08-04 17:40:50.705: [INFO][Sync] Loading: Extensions
2025-08-04 17:40:50.705: [INFO][Sync] Loading: Sessions
2025-08-04 17:40:50.706: [INFO][Sync] Loading: Extension settings
2025-08-04 17:40:50.706: [INFO][Sync] Loading: History Delete Directives
2025-08-04 17:40:50.706: [INFO][Sync] Loading: Device Info
2025-08-04 17:40:50.706: [INFO][Sync] Loading: User Consents
2025-08-04 17:40:50.706: [INFO][Sync] Loading: Send Tab To Self
2025-08-04 17:40:50.706: [INFO][Sync] Loading: Web Apps
2025-08-04 17:40:50.706: [INFO][Sync] Loading: History
2025-08-04 17:40:50.706: [INFO][Sync] Loading: Saved Tab Group
2025-08-04 17:40:50.706: [INFO][Sync] Loading: WebAuthn Credentials
2025-08-04 17:40:50.706: [INFO][Sync] Loading: Collection
2025-08-04 17:40:50.706: [INFO][Sync] Loading: Edge E Drop
2025-08-04 17:40:50.706: [INFO][Sync] Loading: Edge Hub App Usage
2025-08-04 17:40:50.706: [INFO][Sync] Loading: Edge Wallet
2025-08-04 17:40:50.709: [INFO][Sync] All data types are ready for configure.
2025-08-04 17:40:51.692: [INFO][SyncEngineBackend::DoStartConfiguration] Start configuration
2025-08-04 17:40:51.692: [INFO][SyncManagerImpl::ConfigureSyncer] Types to download:  with reason: 4
2025-08-04 17:40:51.692: [INFO][SyncEngineBackend::DoFinishConfigureDataTypes] Failed to download types:  and succeeded types: 
2025-08-04 17:40:51.692: [INFO][Sync] Started DataTypeManager configuration, reason: 5
2025-08-04 17:40:51.692: [INFO][Sync] Configuring for: Bookmarks, Preferences, Passwords, Autofill Profiles, Autofill, Extensions, Sessions, Extension settings, History Delete Directives, Device Info, User Consents, Send Tab To Self, Web Apps, History, Saved Tab Group, WebAuthn Credentials, Collection, Edge E Drop, Edge Hub App Usage, Edge Wallet, Encryption Keys, reason: 5, current state: 1
2025-08-04 17:40:51.693: [INFO][Sync] ConfigurationDone, failed: , succeeded: , remaining count: 4
2025-08-04 17:40:51.693: [WARN][Sync]     Reconfigure requested while configuration ongoing.
2025-08-04 17:40:51.693: [INFO][Sync] Configuring for: Bookmarks, Preferences, Passwords, Autofill Profiles, Autofill, Extensions, Sessions, Extension settings, History Delete Directives, Device Info, User Consents, Send Tab To Self, Web Apps, History, Saved Tab Group, WebAuthn Credentials, Collection, Edge E Drop, Edge Hub App Usage, Edge Wallet, Encryption Keys, reason: 5, current state: 2
2025-08-04 17:40:51.693: [INFO][Sync] Configure, desired: Bookmarks, Preferences, Passwords, Autofill Profiles, Autofill, Extensions, Sessions, Extension settings, History Delete Directives, Device Info, User Consents, Send Tab To Self, Web Apps, History, Saved Tab Group, WebAuthn Credentials, Collection, Edge E Drop, Edge Hub App Usage, Edge Wallet, Encryption Keys; Allow fail: 
2025-08-04 17:40:51.693: [INFO][Sync] Loading: Passwords
2025-08-04 17:40:51.693: [INFO][Sync] Loading: Autofill Profiles
2025-08-04 17:40:51.693: [INFO][Sync] Loading: Autofill
2025-08-04 17:40:51.693: [INFO][Sync] All data types are ready for configure.
2025-08-04 17:40:51.693: [INFO][SyncManagerImpl::NudgeForInitialDownload] Initial download nudge for Passwords
2025-08-04 17:40:51.693: [INFO][SyncManagerImpl::ConfigureSyncer] Types to download:  with reason: 5
2025-08-04 17:40:51.693: [INFO][SyncEngineBackend::DoFinishConfigureDataTypes] Failed to download types:  and succeeded types: 
2025-08-04 17:40:51.694: [INFO][Sync] ConfigurationDone, failed: , succeeded: , remaining count: 4
2025-08-04 17:40:51.694: [INFO][Sync] Prepare to configure types: Passwords, Encryption Keys
2025-08-04 17:40:51.694: [INFO][SyncManagerImpl::ConfigureSyncer] Types to download: Passwords, Encryption Keys with reason: 5
2025-08-04 17:40:51.694: [INFO][SyncSchedulerImpl::DoConfigurationSyncCycleJob] Blocked types:  and types to download: Passwords, Encryption Keys
2025-08-04 17:40:52.022: [INFO][SyncEngineBackend::DoFinishConfigureDataTypes] Failed to download types:  and succeeded types: Passwords, Encryption Keys
2025-08-04 17:40:52.023: [INFO][Sync] ConfigurationDone, failed: , succeeded: Passwords, Encryption Keys, remaining count: 3
2025-08-04 17:40:52.023: [INFO][SyncManagerImpl::ConfigureSyncer] Types to download:  with reason: 5
2025-08-04 17:40:52.023: [INFO][SyncEngineBackend::DoFinishConfigureDataTypes] Failed to download types:  and succeeded types: 
2025-08-04 17:40:52.023: [INFO][Sync] ConfigurationDone, failed: , succeeded: , remaining count: 2
2025-08-04 17:40:52.023: [INFO][SyncManagerImpl::ConfigureSyncer] Types to download:  with reason: 5
2025-08-04 17:40:52.023: [INFO][SyncEngineBackend::DoFinishConfigureDataTypes] Failed to download types:  and succeeded types: 
2025-08-04 17:40:52.025: [INFO][Sync] ConfigurationDone, failed: , succeeded: , remaining count: 1
2025-08-04 17:40:52.026: [INFO][SyncManagerImpl::ConfigureSyncer] Types to download:  with reason: 5
2025-08-04 17:40:52.026: [INFO][SyncEngineBackend::DoFinishConfigureDataTypes] Failed to download types:  and succeeded types: 
2025-08-04 17:40:52.026: [INFO][Sync] ConfigurationDone, failed: , succeeded: , remaining count: 0
2025-08-04 17:40:52.027: [INFO][Sync]     Configuration completed, state: 7
2025-08-04 17:40:52.027: [INFO][Sync] Configured DataTypeManager: Ok
2025-08-04 17:40:52.029: [INFO][SyncEngineBackend::DoStartSyncing] Start syncing
2025-08-04 18:45:01.258: [INFO][Sync] Reset engine, reason: 0
2025-08-04 18:45:01.258: [INFO][Sync] Reset engine with reason: 0
2025-08-07 15:14:02.116: [INFO][Sync] SyncState after authenticated was: FeatureCanStart
2025-08-07 15:14:02.442: [INFO][Sync] Try to start sync engine
2025-08-07 15:14:02.443: [INFO][SyncManagerImpl::NudgeForInitialDownload] Initial download nudge for Encryption Keys
2025-08-07 15:14:02.443: [INFO][SyncEngineBackend::LoadAndConnectNigoriController] Load and connect Nigori controller
2025-08-07 15:14:02.443: [INFO][SyncEngineBackend::DoInitialize] Control Types added: Encryption Keys
2025-08-07 15:14:02.443: [INFO][SyncManagerImpl::ConfigureSyncer] Types to download: Encryption Keys with reason: 3
2025-08-07 15:14:02.443: [INFO][SyncSchedulerImpl::DoConfigurationSyncCycleJob] Configure job was blocked
2025-08-07 15:14:02.473: [INFO][SyncAuthManager::SetLastAuthError] Current auth error: None
2025-08-07 15:14:02.473: [INFO][SyncAuthManager::EdgeLogTokenErrorState] Token error with: None for account type: MSA
2025-08-07 15:14:02.473: [INFO][Sync] Credentials changed for: EdgeSyncScopeNew
2025-08-07 15:14:32.254: [INFO][SyncAuthManager::EdgeLogTokenErrorState] Token error with: The request runs exceeded the set maximum duration. for account type: MSA
2025-08-07 15:14:32.254: [INFO][Sync] Credentials changed for: EdgeSyncKeyDataScope
2025-08-07 15:14:32.254: [INFO][SyncEngineBackend::DoUpdateCredentials] Update credentials
2025-08-07 15:14:32.254: [INFO][SyncSchedulerImpl::DoConfigurationSyncCycleJob] Blocked types:  and types to download: Encryption Keys
2025-08-07 15:15:01.376: [INFO][Sync] Started DataTypeManager configuration, reason: 4
2025-08-07 15:15:01.376: [INFO][Sync] Configuring for: Bookmarks, Preferences, Passwords, Autofill Profiles, Autofill, Extensions, Sessions, Extension settings, History Delete Directives, Device Info, User Consents, Send Tab To Self, Web Apps, History, Saved Tab Group, WebAuthn Credentials, Collection, Edge E Drop, Edge Hub App Usage, Edge Wallet, Encryption Keys, reason: 4, current state: 0
2025-08-07 15:15:01.376: [WARN][Sync] Crypto error data types: Passwords, Autofill Profiles, Autofill
2025-08-07 15:15:01.376: [INFO][SyncEngineBackend::DoStartConfiguration] Start configuration
2025-08-07 15:15:01.377: [INFO][Sync] Configure, desired: Bookmarks, Preferences, Extensions, Sessions, Extension settings, History Delete Directives, Device Info, User Consents, Send Tab To Self, Web Apps, History, Saved Tab Group, WebAuthn Credentials, Collection, Edge E Drop, Edge Hub App Usage, Edge Wallet, Encryption Keys; Allow fail: Passwords, Autofill Profiles, Autofill
2025-08-07 15:15:01.377: [INFO][Sync] Loading: Bookmarks
2025-08-07 15:15:01.377: [INFO][Sync] Loading: Preferences
2025-08-07 15:15:01.378: [INFO][Sync] Loading: Extensions
2025-08-07 15:15:01.378: [INFO][Sync] Loading: Sessions
2025-08-07 15:15:01.378: [INFO][Sync] Loading: Extension settings
2025-08-07 15:15:01.378: [INFO][Sync] Loading: History Delete Directives
2025-08-07 15:15:01.378: [INFO][Sync] Loading: Device Info
2025-08-07 15:15:01.378: [INFO][Sync] Loading: User Consents
2025-08-07 15:15:01.378: [INFO][Sync] Loading: Send Tab To Self
2025-08-07 15:15:01.378: [INFO][Sync] Loading: Web Apps
2025-08-07 15:15:01.378: [INFO][Sync] Loading: History
2025-08-07 15:15:01.378: [INFO][Sync] Loading: Saved Tab Group
2025-08-07 15:15:01.378: [INFO][Sync] Loading: WebAuthn Credentials
2025-08-07 15:15:01.378: [INFO][Sync] Loading: Collection
2025-08-07 15:15:01.378: [INFO][Sync] Loading: Edge E Drop
2025-08-07 15:15:01.378: [INFO][Sync] Loading: Edge Hub App Usage
2025-08-07 15:15:01.378: [INFO][Sync] Loading: Edge Wallet
2025-08-07 15:15:01.382: [INFO][Sync] All data types are ready for configure.
2025-08-07 15:15:01.382: [INFO][SyncManagerImpl::ConfigureSyncer] Types to download:  with reason: 4
2025-08-07 15:15:01.382: [INFO][SyncEngineBackend::DoFinishConfigureDataTypes] Failed to download types:  and succeeded types: 
2025-08-07 15:15:01.383: [INFO][Sync] ConfigurationDone, failed: , succeeded: , remaining count: 4
2025-08-07 15:15:01.383: [INFO][SyncManagerImpl::ConfigureSyncer] Types to download:  with reason: 4
2025-08-07 15:15:01.383: [INFO][SyncEngineBackend::DoFinishConfigureDataTypes] Failed to download types:  and succeeded types: 
2025-08-07 15:15:01.383: [INFO][Sync] ConfigurationDone, failed: , succeeded: , remaining count: 3
2025-08-07 15:15:01.383: [INFO][SyncManagerImpl::ConfigureSyncer] Types to download:  with reason: 4
2025-08-07 15:15:01.383: [INFO][SyncEngineBackend::DoFinishConfigureDataTypes] Failed to download types:  and succeeded types: 
2025-08-07 15:15:01.383: [INFO][Sync] ConfigurationDone, failed: , succeeded: , remaining count: 2
2025-08-07 15:15:01.383: [INFO][SyncManagerImpl::ConfigureSyncer] Types to download:  with reason: 4
2025-08-07 15:15:01.383: [INFO][SyncEngineBackend::DoFinishConfigureDataTypes] Failed to download types:  and succeeded types: 
2025-08-07 15:15:01.383: [INFO][Sync] ConfigurationDone, failed: , succeeded: , remaining count: 1
2025-08-07 15:15:01.384: [INFO][SyncManagerImpl::ConfigureSyncer] Types to download:  with reason: 4
2025-08-07 15:15:01.384: [INFO][SyncEngineBackend::DoFinishConfigureDataTypes] Failed to download types:  and succeeded types: 
2025-08-07 15:15:01.384: [INFO][Sync] ConfigurationDone, failed: , succeeded: , remaining count: 0
2025-08-07 15:15:01.385: [INFO][Sync]     Configuration completed, state: 3
2025-08-07 15:15:01.385: [INFO][Sync] Configured DataTypeManager: Ok
2025-08-07 15:15:01.387: [INFO][SyncEngineBackend::DoStartSyncing] Start syncing
2025-08-07 15:15:02.259: [INFO][SyncAuthManager::EdgeLogTokenErrorState] Token error with: The request runs exceeded the set maximum duration. for account type: MSA
2025-08-07 15:15:02.259: [INFO][Sync] Credentials changed for: EdgeSyncKeyDataScope
2025-08-07 15:15:26.438: [INFO][Sync] Reset engine, reason: 0
2025-08-07 15:15:26.438: [INFO][Sync] Reset engine with reason: 0
2025-08-07 15:15:26.438: [INFO][SyncSchedulerImpl::OnSyncNetworkError] Syncer error: Network error (ERR_ABORTED)
2025-08-07 15:15:26.438: [INFO][SyncSchedulerImpl::DoNudgeSyncCycleJob] Syncer error: Success
2025-08-07 15:15:52.757: [INFO][Sync] SyncState after authenticated was: FeatureCanStart
2025-08-07 15:15:53.063: [INFO][Sync] Try to start sync engine
2025-08-07 15:15:53.064: [INFO][SyncManagerImpl::NudgeForInitialDownload] Initial download nudge for Encryption Keys
2025-08-07 15:15:53.064: [INFO][SyncEngineBackend::LoadAndConnectNigoriController] Load and connect Nigori controller
2025-08-07 15:15:53.064: [INFO][SyncEngineBackend::DoInitialize] Control Types added: Encryption Keys
2025-08-07 15:15:53.064: [INFO][SyncManagerImpl::ConfigureSyncer] Types to download: Encryption Keys with reason: 3
2025-08-07 15:15:53.064: [INFO][SyncSchedulerImpl::DoConfigurationSyncCycleJob] Configure job was blocked
2025-08-07 15:15:53.091: [INFO][SyncAuthManager::SetLastAuthError] Current auth error: None
2025-08-07 15:15:53.091: [INFO][SyncAuthManager::EdgeLogTokenErrorState] Token error with: None for account type: MSA
2025-08-07 15:15:53.091: [INFO][Sync] Credentials changed for: EdgeSyncScopeNew
2025-08-07 15:16:22.908: [INFO][SyncAuthManager::EdgeLogTokenErrorState] Token error with: The request runs exceeded the set maximum duration. for account type: MSA
2025-08-07 15:16:22.908: [INFO][Sync] Credentials changed for: EdgeSyncKeyDataScope
2025-08-07 15:16:22.908: [INFO][SyncEngineBackend::DoUpdateCredentials] Update credentials
2025-08-07 15:16:22.908: [INFO][SyncSchedulerImpl::DoConfigurationSyncCycleJob] Blocked types:  and types to download: Encryption Keys
2025-08-07 15:16:48.261: [INFO][SyncSchedulerImpl::OnSyncNetworkError] Syncer error: Network error (ERR_CONNECTION_RESET)
2025-08-07 15:16:48.261: [INFO][SyncSchedulerImpl::DoConfigurationSyncCycleJob] Syncer error: Network error (ERR_CONNECTION_RESET)
2025-08-07 15:16:48.262: [WARN][Sync] NetworkError: Network error (ERR_CONNECTION_RESET)
2025-08-07 15:16:49.772: [INFO][SyncSchedulerImpl::DoConfigurationSyncCycleJob] Blocked types:  and types to download: Encryption Keys
2025-08-07 15:16:49.773: [INFO][SyncSchedulerImpl::OnSyncNetworkError] Syncer error: Network error (ERR_INTERNET_DISCONNECTED)
2025-08-07 15:16:49.773: [INFO][SyncSchedulerImpl::DoConfigurationSyncCycleJob] Syncer error: Network error (ERR_INTERNET_DISCONNECTED)
2025-08-07 15:16:49.774: [WARN][Sync] NetworkError: Network error (ERR_INTERNET_DISCONNECTED)
2025-08-07 15:16:52.910: [INFO][SyncAuthManager::EdgeLogTokenErrorState] Token error with: The request runs exceeded the set maximum duration. for account type: MSA
2025-08-07 15:16:52.910: [INFO][Sync] Credentials changed for: EdgeSyncKeyDataScope
2025-08-07 15:16:53.536: [INFO][SyncSchedulerImpl::DoConfigurationSyncCycleJob] Blocked types:  and types to download: Encryption Keys
2025-08-07 15:16:53.538: [INFO][SyncSchedulerImpl::OnSyncNetworkError] Syncer error: Network error (ERR_INTERNET_DISCONNECTED)
2025-08-07 15:16:53.538: [INFO][SyncSchedulerImpl::DoConfigurationSyncCycleJob] Syncer error: Network error (ERR_INTERNET_DISCONNECTED)
2025-08-07 15:16:53.539: [WARN][Sync] NetworkError: Network error (ERR_INTERNET_DISCONNECTED)
2025-08-07 15:17:02.926: [INFO][SyncSchedulerImpl::DoConfigurationSyncCycleJob] Blocked types:  and types to download: Encryption Keys
2025-08-07 15:17:02.927: [INFO][SyncSchedulerImpl::OnSyncNetworkError] Syncer error: Network error (ERR_INTERNET_DISCONNECTED)
2025-08-07 15:17:02.927: [INFO][SyncSchedulerImpl::DoConfigurationSyncCycleJob] Syncer error: Network error (ERR_INTERNET_DISCONNECTED)
2025-08-07 15:17:02.928: [WARN][Sync] NetworkError: Network error (ERR_INTERNET_DISCONNECTED)
2025-08-07 15:17:24.859: [INFO][SyncAuthManager::EdgeLogTokenErrorState] Token error with: The request runs exceeded the set maximum duration. for account type: MSA
2025-08-07 15:17:24.859: [INFO][Sync] Credentials changed for: EdgeSyncKeyDataScope
2025-08-07 15:17:26.381: [INFO][SyncSchedulerImpl::DoConfigurationSyncCycleJob] Blocked types:  and types to download: Encryption Keys
2025-08-07 15:17:26.382: [INFO][SyncSchedulerImpl::OnSyncNetworkError] Syncer error: Network error (ERR_INTERNET_DISCONNECTED)
2025-08-07 15:17:26.382: [INFO][SyncSchedulerImpl::DoConfigurationSyncCycleJob] Syncer error: Network error (ERR_INTERNET_DISCONNECTED)
2025-08-07 15:17:26.383: [WARN][Sync] NetworkError: Network error (ERR_INTERNET_DISCONNECTED)
2025-08-07 15:17:44.878: [INFO][SyncSchedulerImpl::DoConfigurationSyncCycleJob] Blocked types:  and types to download: Encryption Keys
2025-08-07 15:17:58.344: [INFO][SyncAuthManager::EdgeLogTokenErrorState] Token error with: The request runs exceeded the set maximum duration. for account type: MSA
2025-08-07 15:17:58.344: [INFO][Sync] Credentials changed for: EdgeSyncKeyDataScope
2025-08-07 15:18:15.053: [INFO][SyncSchedulerImpl::OnSyncNetworkError] Syncer error: Network error (ERR_TIMED_OUT)
2025-08-07 15:18:15.053: [INFO][SyncSchedulerImpl::DoConfigurationSyncCycleJob] Syncer error: Network error (ERR_TIMED_OUT)
2025-08-07 15:18:15.054: [WARN][Sync] NetworkError: Network error (ERR_TIMED_OUT)
2025-08-07 15:18:24.989: [INFO][SyncSchedulerImpl::DoConfigurationSyncCycleJob] Blocked types:  and types to download: Encryption Keys
2025-08-07 15:18:35.252: [INFO][SyncAuthManager::EdgeLogTokenErrorState] Token error with: The request runs exceeded the set maximum duration. for account type: MSA
2025-08-07 15:18:35.252: [INFO][Sync] Credentials changed for: EdgeSyncKeyDataScope
2025-08-07 15:18:52.940: [INFO][SyncAuthManager::SetLastAuthError] Current auth error: None
2025-08-07 15:18:52.940: [INFO][SyncAuthManager::EdgeLogTokenErrorState] Token error with: None for account type: MSA
2025-08-07 15:18:52.940: [INFO][Sync] Credentials changed for: EdgeSyncKeyDataScope
2025-08-07 15:18:55.401: [INFO][SyncEngineBackend::DoUpdateKeyDataCredentials] Update key data credentials
2025-08-07 15:18:55.406: [INFO][Sync] Started DataTypeManager configuration, reason: 4
2025-08-07 15:18:55.406: [INFO][Sync] Configuring for: Bookmarks, Preferences, Passwords, Autofill Profiles, Autofill, Extensions, Sessions, Extension settings, History Delete Directives, Device Info, User Consents, Send Tab To Self, Web Apps, History, Saved Tab Group, WebAuthn Credentials, Collection, Edge E Drop, Edge Hub App Usage, Edge Wallet, Encryption Keys, reason: 4, current state: 0
2025-08-07 15:18:55.406: [WARN][Sync] Crypto error data types: Passwords, Autofill Profiles, Autofill
2025-08-07 15:18:55.406: [INFO][SyncEngineBackend::DoStartConfiguration] Start configuration
2025-08-07 15:18:55.407: [INFO][Sync] Configure, desired: Bookmarks, Preferences, Extensions, Sessions, Extension settings, History Delete Directives, Device Info, User Consents, Send Tab To Self, Web Apps, History, Saved Tab Group, WebAuthn Credentials, Collection, Edge E Drop, Edge Hub App Usage, Edge Wallet, Encryption Keys; Allow fail: Passwords, Autofill Profiles, Autofill
2025-08-07 15:18:55.407: [INFO][Sync] Loading: Bookmarks
2025-08-07 15:18:55.407: [INFO][Sync] Loading: Preferences
2025-08-07 15:18:55.407: [INFO][Sync] Loading: Extensions
2025-08-07 15:18:55.407: [INFO][Sync] Loading: Sessions
2025-08-07 15:18:55.408: [INFO][Sync] Loading: Extension settings
2025-08-07 15:18:55.408: [INFO][Sync] Loading: History Delete Directives
2025-08-07 15:18:55.408: [INFO][Sync] Loading: Device Info
2025-08-07 15:18:55.408: [INFO][Sync] Loading: User Consents
2025-08-07 15:18:55.408: [INFO][Sync] Loading: Send Tab To Self
2025-08-07 15:18:55.408: [INFO][Sync] Loading: Web Apps
2025-08-07 15:18:55.408: [INFO][Sync] Loading: History
2025-08-07 15:18:55.408: [INFO][Sync] Loading: Saved Tab Group
2025-08-07 15:18:55.408: [INFO][Sync] Loading: WebAuthn Credentials
2025-08-07 15:18:55.408: [INFO][Sync] Loading: Collection
2025-08-07 15:18:55.408: [INFO][Sync] Loading: Edge E Drop
2025-08-07 15:18:55.408: [INFO][Sync] Loading: Edge Hub App Usage
2025-08-07 15:18:55.408: [INFO][Sync] Loading: Edge Wallet
2025-08-07 15:18:55.412: [INFO][Sync] All data types are ready for configure.
2025-08-07 15:18:55.412: [INFO][SyncManagerImpl::ConfigureSyncer] Types to download:  with reason: 4
2025-08-07 15:18:55.412: [INFO][SyncEngineBackend::DoFinishConfigureDataTypes] Failed to download types:  and succeeded types: 
2025-08-07 15:18:55.412: [INFO][Sync] ConfigurationDone, failed: , succeeded: , remaining count: 4
2025-08-07 15:18:55.412: [INFO][SyncManagerImpl::ConfigureSyncer] Types to download:  with reason: 4
2025-08-07 15:18:55.412: [INFO][SyncEngineBackend::DoFinishConfigureDataTypes] Failed to download types:  and succeeded types: 
2025-08-07 15:18:55.412: [INFO][Sync] ConfigurationDone, failed: , succeeded: , remaining count: 3
2025-08-07 15:18:55.412: [INFO][SyncManagerImpl::ConfigureSyncer] Types to download:  with reason: 4
2025-08-07 15:18:55.412: [INFO][SyncEngineBackend::DoFinishConfigureDataTypes] Failed to download types:  and succeeded types: 
2025-08-07 15:18:55.412: [INFO][Sync] ConfigurationDone, failed: , succeeded: , remaining count: 2
2025-08-07 15:18:55.412: [INFO][SyncManagerImpl::ConfigureSyncer] Types to download:  with reason: 4
2025-08-07 15:18:55.412: [INFO][SyncEngineBackend::DoFinishConfigureDataTypes] Failed to download types:  and succeeded types: 
2025-08-07 15:18:55.412: [INFO][Sync] ConfigurationDone, failed: , succeeded: , remaining count: 1
2025-08-07 15:18:55.414: [INFO][SyncManagerImpl::ConfigureSyncer] Types to download:  with reason: 4
2025-08-07 15:18:55.414: [INFO][SyncEngineBackend::DoFinishConfigureDataTypes] Failed to download types:  and succeeded types: 
2025-08-07 15:18:55.414: [INFO][Sync] ConfigurationDone, failed: , succeeded: , remaining count: 0
2025-08-07 15:18:55.415: [INFO][Sync]     Configuration completed, state: 3
2025-08-07 15:18:55.416: [INFO][Sync] Configured DataTypeManager: Ok
2025-08-07 15:18:55.417: [INFO][SyncEngineBackend::DoStartSyncing] Start syncing
2025-08-07 15:22:43.312: [INFO][SyncSchedulerImpl::OnSyncNetworkError] Syncer error: Network error (ERR_CONNECTION_RESET)
2025-08-07 15:22:43.313: [INFO][SyncSchedulerImpl::DoNudgeSyncCycleJob] Syncer error: Network error (ERR_CONNECTION_RESET)
2025-08-07 15:22:43.314: [WARN][Sync] NetworkError: Network error (ERR_CONNECTION_RESET)
2025-08-07 15:22:51.034: [INFO][Sync] Connection status changed to: 2
2025-08-07 15:23:01.606: [INFO][SyncAuthManager::SetLastAuthError] Current auth error: None
2025-08-07 15:23:01.606: [INFO][SyncAuthManager::EdgeLogTokenErrorState] Token error with: None for account type: MSA
2025-08-07 15:23:01.606: [INFO][Sync] Credentials changed for: EdgeSyncKeyDataScope
2025-08-07 15:23:06.917: [INFO][SyncEngineBackend::DoUpdateKeyDataCredentials] Update key data credentials
2025-08-07 15:23:06.917: [INFO][Sync] Connection status changed to: 2
2025-08-07 15:23:11.314: [INFO][Sync] Started DataTypeManager configuration, reason: 5
2025-08-07 15:23:11.314: [INFO][Sync] Configuring for: Bookmarks, Preferences, Passwords, Autofill Profiles, Autofill, Extensions, Sessions, Extension settings, History Delete Directives, Device Info, User Consents, Send Tab To Self, Web Apps, History, Saved Tab Group, WebAuthn Credentials, Collection, Edge E Drop, Edge Hub App Usage, Edge Wallet, Encryption Keys, reason: 5, current state: 3
2025-08-07 15:23:11.315: [INFO][Sync] Configure, desired: Bookmarks, Preferences, Passwords, Autofill Profiles, Autofill, Extensions, Sessions, Extension settings, History Delete Directives, Device Info, User Consents, Send Tab To Self, Web Apps, History, Saved Tab Group, WebAuthn Credentials, Collection, Edge E Drop, Edge Hub App Usage, Edge Wallet, Encryption Keys; Allow fail: 
2025-08-07 15:23:11.315: [INFO][Sync] Loading: Passwords
2025-08-07 15:23:11.315: [INFO][Sync] Loading: Autofill Profiles
2025-08-07 15:23:11.315: [INFO][Sync] Loading: Autofill
2025-08-07 15:23:11.316: [INFO][Sync] All data types are ready for configure.
2025-08-07 15:23:11.839: [INFO][SyncEngineBackend::DoStartConfiguration] Start configuration
2025-08-07 15:23:11.839: [INFO][SyncManagerImpl::NudgeForInitialDownload] Initial download nudge for Passwords
2025-08-07 15:23:11.839: [INFO][SyncManagerImpl::ConfigureSyncer] Types to download:  with reason: 5
2025-08-07 15:23:11.839: [INFO][SyncEngineBackend::DoFinishConfigureDataTypes] Failed to download types:  and succeeded types: 
2025-08-07 15:23:11.841: [INFO][Sync] ConfigurationDone, failed: , succeeded: , remaining count: 4
2025-08-07 15:23:11.841: [INFO][Sync] Prepare to configure types: Passwords, Encryption Keys
2025-08-07 15:23:11.841: [INFO][SyncManagerImpl::ConfigureSyncer] Types to download: Passwords, Encryption Keys with reason: 5
2025-08-07 15:23:11.841: [INFO][SyncSchedulerImpl::DoConfigurationSyncCycleJob] Blocked types:  and types to download: Passwords, Encryption Keys
2025-08-07 15:23:12.147: [INFO][SyncEngineBackend::DoFinishConfigureDataTypes] Failed to download types:  and succeeded types: Passwords, Encryption Keys
2025-08-07 15:23:12.148: [INFO][Sync] ConfigurationDone, failed: , succeeded: Passwords, Encryption Keys, remaining count: 3
2025-08-07 15:23:12.148: [INFO][SyncManagerImpl::ConfigureSyncer] Types to download:  with reason: 5
2025-08-07 15:23:12.148: [INFO][SyncEngineBackend::DoFinishConfigureDataTypes] Failed to download types:  and succeeded types: 
2025-08-07 15:23:12.148: [INFO][Sync] ConfigurationDone, failed: , succeeded: , remaining count: 2
2025-08-07 15:23:12.148: [INFO][SyncManagerImpl::ConfigureSyncer] Types to download:  with reason: 5
2025-08-07 15:23:12.148: [INFO][SyncEngineBackend::DoFinishConfigureDataTypes] Failed to download types:  and succeeded types: 
2025-08-07 15:23:12.148: [INFO][Sync] ConfigurationDone, failed: , succeeded: , remaining count: 1
2025-08-07 15:23:12.151: [INFO][SyncManagerImpl::ConfigureSyncer] Types to download:  with reason: 5
2025-08-07 15:23:12.151: [INFO][SyncEngineBackend::DoFinishConfigureDataTypes] Failed to download types:  and succeeded types: 
2025-08-07 15:23:12.153: [INFO][Sync] ConfigurationDone, failed: , succeeded: , remaining count: 0
2025-08-07 15:23:12.154: [INFO][Sync]     Configuration completed, state: 3
2025-08-07 15:23:12.154: [INFO][Sync] Configured DataTypeManager: Ok
2025-08-07 15:23:12.156: [INFO][SyncEngineBackend::DoStartSyncing] Start syncing
2025-08-07 15:23:12.640: [INFO][SyncAuthManager::SetLastAuthError] Current auth error: None
2025-08-07 15:23:12.640: [INFO][SyncAuthManager::EdgeLogTokenErrorState] Token error with: None for account type: MSA
2025-08-07 15:23:12.640: [INFO][Sync] Credentials changed for: EdgeSyncScopeNew
2025-08-07 15:23:16.572: [INFO][SyncAuthManager::SetLastAuthError] Current auth error: None
2025-08-07 15:23:16.572: [INFO][SyncAuthManager::EdgeLogTokenErrorState] Token error with: None for account type: MSA
2025-08-07 15:23:16.572: [INFO][Sync] Credentials changed for: EdgeSyncKeyDataScope
2025-08-07 15:23:18.961: [INFO][SyncEngineBackend::DoUpdateKeyDataCredentials] Update key data credentials
2025-08-07 15:23:18.961: [INFO][SyncEngineBackend::DoUpdateCredentials] Update credentials
2025-08-07 15:24:49.418: [INFO][SyncSchedulerImpl::OnSyncNetworkError] Syncer error: HTTP error (400)
2025-08-07 15:24:49.418: [INFO][Sync] Connection status changed to: 3
2025-08-07 15:24:49.418: [INFO][Commit::ReportFullCommitFailure] Commit Sessions, History failed with error: ServerError
2025-08-07 15:24:49.418: [INFO][SyncSchedulerImpl::DoNudgeSyncCycleJob] Syncer error: HTTP error (400)
2025-08-07 15:24:49.420: [WARN][Sync] NetworkError: HTTP error (400)
2025-08-07 15:40:51.766: [INFO][Sync] Reset engine, reason: 0
2025-08-07 15:40:51.767: [INFO][Sync] Reset engine with reason: 0
2025-08-07 21:53:38.627: [INFO][Sync] SyncState after authenticated was: FeatureCanStart
2025-08-07 21:53:39.192: [INFO][Sync] Try to start sync engine
2025-08-07 21:53:39.200: [INFO][SyncManagerImpl::NudgeForInitialDownload] Initial download nudge for Encryption Keys
2025-08-07 21:53:39.200: [INFO][SyncEngineBackend::LoadAndConnectNigoriController] Load and connect Nigori controller
2025-08-07 21:53:39.200: [INFO][SyncEngineBackend::DoInitialize] Control Types added: Encryption Keys
2025-08-07 21:53:39.200: [INFO][SyncManagerImpl::ConfigureSyncer] Types to download: Encryption Keys with reason: 3
2025-08-07 21:53:39.200: [INFO][SyncSchedulerImpl::DoConfigurationSyncCycleJob] Configure job was blocked
2025-08-07 21:53:39.230: [INFO][SyncAuthManager::SetLastAuthError] Current auth error: None
2025-08-07 21:53:39.230: [INFO][SyncAuthManager::EdgeLogTokenErrorState] Token error with: None for account type: MSA
2025-08-07 21:53:39.230: [INFO][Sync] Credentials changed for: EdgeSyncScopeNew
2025-08-07 21:53:41.351: [INFO][SyncAuthManager::SetLastAuthError] Current auth error: None
2025-08-07 21:53:41.351: [INFO][SyncAuthManager::EdgeLogTokenErrorState] Token error with: None for account type: MSA
2025-08-07 21:53:41.351: [INFO][Sync] Credentials changed for: EdgeSyncKeyDataScope
2025-08-07 21:53:41.351: [INFO][SyncEngineBackend::DoUpdateKeyDataCredentials] Update key data credentials
2025-08-07 21:53:41.351: [INFO][SyncEngineBackend::DoUpdateCredentials] Update credentials
2025-08-07 21:53:41.366: [INFO][SyncSchedulerImpl::DoConfigurationSyncCycleJob] Blocked types:  and types to download: Encryption Keys
2025-08-07 21:53:42.379: [INFO][Sync] Started DataTypeManager configuration, reason: 4
2025-08-07 21:53:42.389: [INFO][Sync] Configuring for: Bookmarks, Preferences, Passwords, Autofill Profiles, Autofill, Extensions, Sessions, Extension settings, History Delete Directives, Device Info, User Consents, Send Tab To Self, Web Apps, History, Saved Tab Group, WebAuthn Credentials, Collection, Edge E Drop, Edge Hub App Usage, Edge Wallet, Encryption Keys, reason: 4, current state: 0
2025-08-07 21:53:42.389: [WARN][Sync] Crypto error data types: Passwords, Autofill Profiles, Autofill
2025-08-07 21:53:42.437: [INFO][Sync] Configure, desired: Bookmarks, Preferences, Extensions, Sessions, Extension settings, History Delete Directives, Device Info, User Consents, Send Tab To Self, Web Apps, History, Saved Tab Group, WebAuthn Credentials, Collection, Edge E Drop, Edge Hub App Usage, Edge Wallet, Encryption Keys; Allow fail: Passwords, Autofill Profiles, Autofill
2025-08-07 21:53:42.451: [INFO][Sync] Loading: Bookmarks
2025-08-07 21:53:42.452: [INFO][Sync] Loading: Preferences
2025-08-07 21:53:42.452: [INFO][Sync] Loading: Extensions
2025-08-07 21:53:42.452: [INFO][Sync] Loading: Sessions
2025-08-07 21:53:42.459: [INFO][Sync] Loading: Extension settings
2025-08-07 21:53:42.459: [INFO][Sync] Loading: History Delete Directives
2025-08-07 21:53:42.461: [INFO][Sync] Loading: Device Info
2025-08-07 21:53:42.461: [INFO][Sync] Loading: User Consents
2025-08-07 21:53:42.461: [INFO][Sync] Loading: Send Tab To Self
2025-08-07 21:53:42.461: [INFO][Sync] Loading: Web Apps
2025-08-07 21:53:42.461: [INFO][Sync] Loading: History
2025-08-07 21:53:42.461: [INFO][Sync] Loading: Saved Tab Group
2025-08-07 21:53:42.467: [INFO][Sync] Loading: WebAuthn Credentials
2025-08-07 21:53:42.467: [INFO][Sync] Loading: Collection
2025-08-07 21:53:42.467: [INFO][Sync] Loading: Edge E Drop
2025-08-07 21:53:42.467: [INFO][Sync] Loading: Edge Hub App Usage
2025-08-07 21:53:42.468: [INFO][Sync] Loading: Edge Wallet
2025-08-07 21:53:42.547: [INFO][Sync] All data types are ready for configure.
2025-08-07 21:53:43.198: [INFO][Sync] Started DataTypeManager configuration, reason: 5
2025-08-07 21:53:43.198: [INFO][Sync] Configuring for: Bookmarks, Preferences, Passwords, Autofill Profiles, Autofill, Extensions, Sessions, Extension settings, History Delete Directives, Device Info, User Consents, Send Tab To Self, Web Apps, History, Saved Tab Group, WebAuthn Credentials, Collection, Edge E Drop, Edge Hub App Usage, Edge Wallet, Encryption Keys, reason: 5, current state: 1
2025-08-07 21:53:43.223: [INFO][SyncEngineBackend::DoStartConfiguration] Start configuration
2025-08-07 21:53:43.225: [INFO][SyncManagerImpl::ConfigureSyncer] Types to download:  with reason: 4
2025-08-07 21:53:43.225: [INFO][SyncEngineBackend::DoFinishConfigureDataTypes] Failed to download types:  and succeeded types: 
2025-08-07 21:53:43.242: [INFO][Sync] ConfigurationDone, failed: , succeeded: , remaining count: 4
2025-08-07 21:53:43.242: [WARN][Sync]     Reconfigure requested while configuration ongoing.
2025-08-07 21:53:43.242: [INFO][Sync] Configuring for: Bookmarks, Preferences, Passwords, Autofill Profiles, Autofill, Extensions, Sessions, Extension settings, History Delete Directives, Device Info, User Consents, Send Tab To Self, Web Apps, History, Saved Tab Group, WebAuthn Credentials, Collection, Edge E Drop, Edge Hub App Usage, Edge Wallet, Encryption Keys, reason: 5, current state: 2
2025-08-07 21:53:43.242: [INFO][Sync] Configure, desired: Bookmarks, Preferences, Passwords, Autofill Profiles, Autofill, Extensions, Sessions, Extension settings, History Delete Directives, Device Info, User Consents, Send Tab To Self, Web Apps, History, Saved Tab Group, WebAuthn Credentials, Collection, Edge E Drop, Edge Hub App Usage, Edge Wallet, Encryption Keys; Allow fail: 
2025-08-07 21:53:43.242: [INFO][Sync] Loading: Passwords
2025-08-07 21:53:43.242: [INFO][Sync] Loading: Autofill Profiles
2025-08-07 21:53:43.242: [INFO][Sync] Loading: Autofill
2025-08-07 21:53:43.245: [INFO][Sync] All data types are ready for configure.
2025-08-07 21:53:43.245: [INFO][SyncManagerImpl::NudgeForInitialDownload] Initial download nudge for Passwords
2025-08-07 21:53:43.255: [INFO][SyncManagerImpl::ConfigureSyncer] Types to download:  with reason: 5
2025-08-07 21:53:43.255: [INFO][SyncEngineBackend::DoFinishConfigureDataTypes] Failed to download types:  and succeeded types: 
2025-08-07 21:53:43.255: [INFO][Sync] ConfigurationDone, failed: , succeeded: , remaining count: 4
2025-08-07 21:53:43.255: [INFO][Sync] Prepare to configure types: Passwords, Encryption Keys
2025-08-07 21:53:43.255: [INFO][SyncManagerImpl::ConfigureSyncer] Types to download: Passwords, Encryption Keys with reason: 5
2025-08-07 21:53:43.255: [INFO][SyncSchedulerImpl::DoConfigurationSyncCycleJob] Blocked types:  and types to download: Passwords, Encryption Keys
2025-08-07 21:53:44.146: [INFO][SyncEngineBackend::DoFinishConfigureDataTypes] Failed to download types:  and succeeded types: Passwords, Encryption Keys
2025-08-07 21:53:44.180: [INFO][Sync] ConfigurationDone, failed: , succeeded: Passwords, Encryption Keys, remaining count: 3
2025-08-07 21:53:44.180: [INFO][SyncManagerImpl::ConfigureSyncer] Types to download:  with reason: 5
2025-08-07 21:53:44.180: [INFO][SyncEngineBackend::DoFinishConfigureDataTypes] Failed to download types:  and succeeded types: 
2025-08-07 21:53:44.187: [INFO][Sync] ConfigurationDone, failed: , succeeded: , remaining count: 2
2025-08-07 21:53:44.187: [INFO][SyncManagerImpl::ConfigureSyncer] Types to download:  with reason: 5
2025-08-07 21:53:44.187: [INFO][SyncEngineBackend::DoFinishConfigureDataTypes] Failed to download types:  and succeeded types: 
2025-08-07 21:53:44.187: [INFO][Sync] ConfigurationDone, failed: , succeeded: , remaining count: 1
2025-08-07 21:53:44.189: [INFO][SyncManagerImpl::ConfigureSyncer] Types to download:  with reason: 5
2025-08-07 21:53:44.189: [INFO][SyncEngineBackend::DoFinishConfigureDataTypes] Failed to download types:  and succeeded types: 
2025-08-07 21:53:44.192: [INFO][Sync] ConfigurationDone, failed: , succeeded: , remaining count: 0
2025-08-07 21:53:44.194: [INFO][Sync]     Configuration completed, state: 7
2025-08-07 21:53:44.197: [INFO][Sync] Configured DataTypeManager: Ok
2025-08-07 21:53:44.205: [INFO][SyncEngineBackend::DoStartSyncing] Start syncing
2025-08-07 22:02:09.375: [INFO][Sync] Reset engine, reason: 0
2025-08-07 22:02:09.375: [INFO][Sync] Reset engine with reason: 0
2025-08-08 13:38:28.640: [INFO][Sync] SyncState after authenticated was: FeatureCanStart
2025-08-08 13:38:28.929: [INFO][Sync] Try to start sync engine
2025-08-08 13:38:28.930: [INFO][SyncManagerImpl::NudgeForInitialDownload] Initial download nudge for Encryption Keys
2025-08-08 13:38:28.930: [INFO][SyncEngineBackend::LoadAndConnectNigoriController] Load and connect Nigori controller
2025-08-08 13:38:28.930: [INFO][SyncEngineBackend::DoInitialize] Control Types added: Encryption Keys
2025-08-08 13:38:28.930: [INFO][SyncManagerImpl::ConfigureSyncer] Types to download: Encryption Keys with reason: 3
2025-08-08 13:38:28.931: [INFO][SyncSchedulerImpl::DoConfigurationSyncCycleJob] Configure job was blocked
2025-08-08 13:38:28.956: [INFO][SyncAuthManager::SetLastAuthError] Current auth error: None
2025-08-08 13:38:28.956: [INFO][SyncAuthManager::EdgeLogTokenErrorState] Token error with: None for account type: MSA
2025-08-08 13:38:28.956: [INFO][Sync] Credentials changed for: EdgeSyncScopeNew
2025-08-08 13:38:29.707: [INFO][SyncAuthManager::SetLastAuthError] Current auth error: None
2025-08-08 13:38:29.708: [INFO][SyncAuthManager::EdgeLogTokenErrorState] Token error with: None for account type: MSA
2025-08-08 13:38:29.708: [INFO][Sync] Credentials changed for: EdgeSyncKeyDataScope
2025-08-08 13:38:29.708: [INFO][SyncEngineBackend::DoUpdateKeyDataCredentials] Update key data credentials
2025-08-08 13:38:29.708: [INFO][SyncEngineBackend::DoUpdateCredentials] Update credentials
2025-08-08 13:38:29.708: [INFO][SyncSchedulerImpl::DoConfigurationSyncCycleJob] Blocked types:  and types to download: Encryption Keys
2025-08-08 13:38:29.944: [INFO][Sync] Started DataTypeManager configuration, reason: 4
2025-08-08 13:38:29.944: [INFO][Sync] Configuring for: Bookmarks, Preferences, Passwords, Autofill Profiles, Autofill, Extensions, Sessions, Extension settings, History Delete Directives, Device Info, User Consents, Send Tab To Self, Web Apps, History, Saved Tab Group, WebAuthn Credentials, Collection, Edge E Drop, Edge Hub App Usage, Edge Wallet, Encryption Keys, reason: 4, current state: 0
2025-08-08 13:38:29.944: [WARN][Sync] Crypto error data types: Passwords, Autofill Profiles, Autofill
2025-08-08 13:38:29.945: [INFO][Sync] Configure, desired: Bookmarks, Preferences, Extensions, Sessions, Extension settings, History Delete Directives, Device Info, User Consents, Send Tab To Self, Web Apps, History, Saved Tab Group, WebAuthn Credentials, Collection, Edge E Drop, Edge Hub App Usage, Edge Wallet, Encryption Keys; Allow fail: Passwords, Autofill Profiles, Autofill
2025-08-08 13:38:29.945: [INFO][Sync] Loading: Bookmarks
2025-08-08 13:38:29.945: [INFO][Sync] Loading: Preferences
2025-08-08 13:38:29.945: [INFO][Sync] Loading: Extensions
2025-08-08 13:38:29.945: [INFO][Sync] Loading: Sessions
2025-08-08 13:38:29.945: [INFO][Sync] Loading: Extension settings
2025-08-08 13:38:29.945: [INFO][Sync] Loading: History Delete Directives
2025-08-08 13:38:29.945: [INFO][Sync] Loading: Device Info
2025-08-08 13:38:29.945: [INFO][Sync] Loading: User Consents
2025-08-08 13:38:29.945: [INFO][Sync] Loading: Send Tab To Self
2025-08-08 13:38:29.945: [INFO][Sync] Loading: Web Apps
2025-08-08 13:38:29.945: [INFO][Sync] Loading: History
2025-08-08 13:38:29.945: [INFO][Sync] Loading: Saved Tab Group
2025-08-08 13:38:29.945: [INFO][Sync] Loading: WebAuthn Credentials
2025-08-08 13:38:29.945: [INFO][Sync] Loading: Collection
2025-08-08 13:38:29.945: [INFO][Sync] Loading: Edge E Drop
2025-08-08 13:38:29.945: [INFO][Sync] Loading: Edge Hub App Usage
2025-08-08 13:38:29.945: [INFO][Sync] Loading: Edge Wallet
2025-08-08 13:38:29.952: [INFO][Sync] All data types are ready for configure.
2025-08-08 13:38:30.575: [INFO][SyncEngineBackend::DoStartConfiguration] Start configuration
2025-08-08 13:38:30.575: [INFO][SyncManagerImpl::ConfigureSyncer] Types to download:  with reason: 4
2025-08-08 13:38:30.575: [INFO][SyncEngineBackend::DoFinishConfigureDataTypes] Failed to download types:  and succeeded types: 
2025-08-08 13:38:30.575: [INFO][Sync] Started DataTypeManager configuration, reason: 5
2025-08-08 13:38:30.575: [INFO][Sync] Configuring for: Bookmarks, Preferences, Passwords, Autofill Profiles, Autofill, Extensions, Sessions, Extension settings, History Delete Directives, Device Info, User Consents, Send Tab To Self, Web Apps, History, Saved Tab Group, WebAuthn Credentials, Collection, Edge E Drop, Edge Hub App Usage, Edge Wallet, Encryption Keys, reason: 5, current state: 1
2025-08-08 13:38:30.576: [INFO][Sync] ConfigurationDone, failed: , succeeded: , remaining count: 4
2025-08-08 13:38:30.576: [WARN][Sync]     Reconfigure requested while configuration ongoing.
2025-08-08 13:38:30.577: [INFO][Sync] Configuring for: Bookmarks, Preferences, Passwords, Autofill Profiles, Autofill, Extensions, Sessions, Extension settings, History Delete Directives, Device Info, User Consents, Send Tab To Self, Web Apps, History, Saved Tab Group, WebAuthn Credentials, Collection, Edge E Drop, Edge Hub App Usage, Edge Wallet, Encryption Keys, reason: 5, current state: 2
2025-08-08 13:38:30.577: [INFO][Sync] Configure, desired: Bookmarks, Preferences, Passwords, Autofill Profiles, Autofill, Extensions, Sessions, Extension settings, History Delete Directives, Device Info, User Consents, Send Tab To Self, Web Apps, History, Saved Tab Group, WebAuthn Credentials, Collection, Edge E Drop, Edge Hub App Usage, Edge Wallet, Encryption Keys; Allow fail: 
2025-08-08 13:38:30.577: [INFO][Sync] Loading: Passwords
2025-08-08 13:38:30.577: [INFO][Sync] Loading: Autofill Profiles
2025-08-08 13:38:30.577: [INFO][Sync] Loading: Autofill
2025-08-08 13:38:30.577: [INFO][Sync] All data types are ready for configure.
2025-08-08 13:38:30.577: [INFO][SyncManagerImpl::NudgeForInitialDownload] Initial download nudge for Passwords
2025-08-08 13:38:30.577: [INFO][SyncManagerImpl::ConfigureSyncer] Types to download:  with reason: 5
2025-08-08 13:38:30.577: [INFO][SyncEngineBackend::DoFinishConfigureDataTypes] Failed to download types:  and succeeded types: 
2025-08-08 13:38:30.577: [INFO][Sync] ConfigurationDone, failed: , succeeded: , remaining count: 4
2025-08-08 13:38:30.577: [INFO][Sync] Prepare to configure types: Passwords, Encryption Keys
2025-08-08 13:38:30.577: [INFO][SyncManagerImpl::ConfigureSyncer] Types to download: Passwords, Encryption Keys with reason: 5
2025-08-08 13:38:30.577: [INFO][SyncSchedulerImpl::DoConfigurationSyncCycleJob] Blocked types:  and types to download: Passwords, Encryption Keys
2025-08-08 13:38:30.845: [INFO][SyncEngineBackend::DoFinishConfigureDataTypes] Failed to download types:  and succeeded types: Passwords, Encryption Keys
2025-08-08 13:38:30.846: [INFO][Sync] ConfigurationDone, failed: , succeeded: Passwords, Encryption Keys, remaining count: 3
2025-08-08 13:38:30.846: [INFO][SyncManagerImpl::ConfigureSyncer] Types to download:  with reason: 5
2025-08-08 13:38:30.846: [INFO][SyncEngineBackend::DoFinishConfigureDataTypes] Failed to download types:  and succeeded types: 
2025-08-08 13:38:30.846: [INFO][Sync] ConfigurationDone, failed: , succeeded: , remaining count: 2
2025-08-08 13:38:30.846: [INFO][SyncManagerImpl::ConfigureSyncer] Types to download:  with reason: 5
2025-08-08 13:38:30.846: [INFO][SyncEngineBackend::DoFinishConfigureDataTypes] Failed to download types:  and succeeded types: 
2025-08-08 13:38:30.849: [INFO][Sync] ConfigurationDone, failed: , succeeded: , remaining count: 1
2025-08-08 13:38:30.850: [INFO][SyncManagerImpl::ConfigureSyncer] Types to download:  with reason: 5
2025-08-08 13:38:30.850: [INFO][SyncEngineBackend::DoFinishConfigureDataTypes] Failed to download types:  and succeeded types: 
2025-08-08 13:38:30.850: [INFO][Sync] ConfigurationDone, failed: , succeeded: , remaining count: 0
2025-08-08 13:38:30.851: [INFO][Sync]     Configuration completed, state: 7
2025-08-08 13:38:30.851: [INFO][Sync] Configured DataTypeManager: Ok
2025-08-08 13:38:30.853: [INFO][SyncEngineBackend::DoStartSyncing] Start syncing
2025-08-08 15:13:50.925: [INFO][SyncSchedulerImpl::OnSyncNetworkError] Syncer error: Network error (ERR_NAME_NOT_RESOLVED)
2025-08-08 15:13:50.925: [INFO][Commit::ReportFullCommitFailure] Commit Sessions failed with error: NetworkError
2025-08-08 15:13:50.925: [INFO][SyncSchedulerImpl::DoNudgeSyncCycleJob] Syncer error: Network error (ERR_NAME_NOT_RESOLVED)
2025-08-08 15:13:50.926: [WARN][Sync] NetworkError: Network error (ERR_NAME_NOT_RESOLVED)
2025-08-08 15:14:24.801: [INFO][SyncSchedulerImpl::OnSyncNetworkError] Syncer error: Network error (ERR_NAME_NOT_RESOLVED)
2025-08-08 15:14:24.801: [INFO][Commit::ReportFullCommitFailure] Commit Sessions failed with error: NetworkError
2025-08-08 15:14:24.801: [INFO][SyncSchedulerImpl::DoNudgeSyncCycleJob] Syncer error: Network error (ERR_NAME_NOT_RESOLVED)
2025-08-08 15:14:24.802: [WARN][Sync] NetworkError: Network error (ERR_NAME_NOT_RESOLVED)
2025-08-08 15:14:39.555: [INFO][SyncSchedulerImpl::OnSyncNetworkError] Syncer error: Network error (ERR_NAME_NOT_RESOLVED)
2025-08-08 15:14:39.555: [INFO][Commit::ReportFullCommitFailure] Commit Sessions, History failed with error: NetworkError
2025-08-08 15:14:39.555: [INFO][SyncSchedulerImpl::DoNudgeSyncCycleJob] Syncer error: Network error (ERR_NAME_NOT_RESOLVED)
2025-08-08 15:14:39.560: [WARN][Sync] NetworkError: Network error (ERR_NAME_NOT_RESOLVED)
2025-08-08 15:14:41.600: [INFO][SyncSchedulerImpl::OnSyncNetworkError] Syncer error: Network error (ERR_INTERNET_DISCONNECTED)
2025-08-08 15:14:41.600: [INFO][Commit::ReportFullCommitFailure] Commit Sessions, History failed with error: NetworkError
2025-08-08 15:14:41.600: [INFO][SyncSchedulerImpl::DoNudgeSyncCycleJob] Syncer error: Network error (ERR_INTERNET_DISCONNECTED)
2025-08-08 15:14:41.601: [WARN][Sync] NetworkError: Network error (ERR_INTERNET_DISCONNECTED)
2025-08-08 15:14:45.199: [INFO][SyncSchedulerImpl::OnSyncNetworkError] Syncer error: Network error (ERR_INTERNET_DISCONNECTED)
2025-08-08 15:14:45.199: [INFO][Commit::ReportFullCommitFailure] Commit Sessions, History failed with error: NetworkError
2025-08-08 15:14:45.199: [INFO][SyncSchedulerImpl::DoNudgeSyncCycleJob] Syncer error: Network error (ERR_INTERNET_DISCONNECTED)
2025-08-08 15:14:45.200: [WARN][Sync] NetworkError: Network error (ERR_INTERNET_DISCONNECTED)
2025-08-08 15:18:56.471: [INFO][SyncSchedulerImpl::OnSyncNetworkError] Syncer error: Network error (ERR_NAME_NOT_RESOLVED)
2025-08-08 15:18:56.471: [INFO][Commit::ReportFullCommitFailure] Commit Sessions, History failed with error: NetworkError
2025-08-08 15:18:56.472: [INFO][SyncSchedulerImpl::DoNudgeSyncCycleJob] Syncer error: Network error (ERR_NAME_NOT_RESOLVED)
2025-08-08 15:18:56.472: [WARN][Sync] NetworkError: Network error (ERR_NAME_NOT_RESOLVED)
2025-08-08 16:25:19.372: [INFO][Sync] Reset engine, reason: 0
2025-08-08 16:25:19.372: [INFO][Sync] Reset engine with reason: 0
